#
# There is insufficient memory for the Java Runtime Environment to continue.
# Native memory allocation (malloc) failed to allocate 167056 bytes for Chunk::new
# Possible reasons:
#   The system is out of physical RAM or swap space
#   The process is running with CompressedOops enabled, and the Java Heap may be blocking the growth of the native heap
# Possible solutions:
#   Reduce memory load on the system
#   Increase physical memory or swap space
#   Check if swap backing store is full
#   Decrease Java heap size (-Xmx/-Xms)
#   Decrease number of Java threads
#   Decrease Java thread stack sizes (-Xss)
#   Set larger code cache with -XX:ReservedCodeCacheSize=
#   JVM is running with Zero Based Compressed Oops mode in which the Java heap is
#     placed in the first 32GB address space. The Java Heap base address is the
#     maximum limit for the native heap growth. Please use -XX:HeapBaseMinAddress
#     to set the Java Heap base and to place the Java Heap above 32GB virtual address.
# This output file may be truncated or incomplete.
#
#  Out of Memory Error (allocation.cpp:389), pid=6352, tid=0x0000000000003af0
#
# JRE version: Java(TM) SE Runtime Environment (8.0_311-b11) (build 1.8.0_311-b11)
# Java VM: Java HotSpot(TM) 64-Bit Server VM (25.311-b11 mixed mode windows-amd64 compressed oops)
# Failed to write core dump. Minidumps are not enabled by default on client versions of Windows
#

---------------  T H R E A D  ---------------

Current thread (0x0000029fc9074800):  JavaThread "C2 CompilerThread0" daemon [_thread_in_native, id=15088, stack(0x000000acae800000,0x000000acae900000)]

Stack: [0x000000acae800000,0x000000acae900000]
Native frames: (J=compiled Java code, j=interpreted, Vv=VM code, C=native code)
V  [jvm.dll+0x32f239]
V  [jvm.dll+0x275882]
V  [jvm.dll+0x27652d]
V  [jvm.dll+0x26cf65]
V  [jvm.dll+0xd558c]
V  [jvm.dll+0xd5d8c]
V  [jvm.dll+0x453642]
V  [jvm.dll+0x48e6bd]
V  [jvm.dll+0x442c29]
V  [jvm.dll+0x4404ab]
V  [jvm.dll+0x42b38b]
V  [jvm.dll+0xac22b]
V  [jvm.dll+0xaa88b]
V  [jvm.dll+0x23df22]
V  [jvm.dll+0x29253c]
C  [ucrtbase.dll+0x26c0c]
C  [KERNEL32.DLL+0x154e0]
C  [ntdll.dll+0x485b]


Current CompileTask:
C2:  18242 9679   !   4       java.lang.StringCoding::decode (120 bytes)


---------------  P R O C E S S  ---------------

Java Threads: ( => current thread )
  0x0000029fcb75b800 JavaThread "Thread-5" [_thread_in_native, id=19556, stack(0x000000acaf800000,0x000000acaf900000)]
  0x0000029fcb759800 JavaThread "Thread-4" [_thread_in_native, id=13456, stack(0x000000acaf700000,0x000000acaf800000)]
  0x0000029fcb75a000 JavaThread "Thread-3" [_thread_blocked, id=4392, stack(0x000000acaf600000,0x000000acaf700000)]
  0x0000029fcb760000 JavaThread "ThreadedStreamConsumer" daemon [_thread_blocked, id=5620, stack(0x000000acaf500000,0x000000acaf600000)]
  0x0000029fcf7c5800 JavaThread "ping-timer-10s" daemon [_thread_blocked, id=19828, stack(0x000000acaf400000,0x000000acaf500000)]
  0x0000029fce48c000 JavaThread "timeout-check-timer" daemon [_thread_blocked, id=16604, stack(0x000000acaf300000,0x000000acaf400000)]
  0x0000029fcfabe800 JavaThread "resolver-5" daemon [_thread_blocked, id=4228, stack(0x000000acaf200000,0x000000acaf300000)]
  0x0000029fca81e800 JavaThread "resolver-4" daemon [_thread_blocked, id=6472, stack(0x000000acaf100000,0x000000acaf200000)]
  0x0000029fcb4cd800 JavaThread "resolver-3" daemon [_thread_blocked, id=11684, stack(0x000000acaf000000,0x000000acaf100000)]
  0x0000029fd05cf000 JavaThread "resolver-2" daemon [_thread_blocked, id=12560, stack(0x000000acaef00000,0x000000acaf000000)]
  0x0000029fcfdb1800 JavaThread "resolver-1" daemon [_thread_blocked, id=16916, stack(0x000000acaee00000,0x000000acaef00000)]
  0x0000029fca430800 JavaThread "Service Thread" daemon [_thread_blocked, id=15456, stack(0x000000acaec00000,0x000000acaed00000)]
  0x0000029fc908b800 JavaThread "C1 CompilerThread3" daemon [_thread_blocked, id=5260, stack(0x000000acaeb00000,0x000000acaec00000)]
  0x0000029fc907f000 JavaThread "C2 CompilerThread2" daemon [_thread_blocked, id=4364, stack(0x000000acaea00000,0x000000acaeb00000)]
  0x0000029fc907c800 JavaThread "C2 CompilerThread1" daemon [_thread_blocked, id=180, stack(0x000000acae900000,0x000000acaea00000)]
=>0x0000029fc9074800 JavaThread "C2 CompilerThread0" daemon [_thread_in_native, id=15088, stack(0x000000acae800000,0x000000acae900000)]
  0x0000029fc9073000 JavaThread "Attach Listener" daemon [_thread_blocked, id=1296, stack(0x000000acae700000,0x000000acae800000)]
  0x0000029fc9072000 JavaThread "Signal Dispatcher" daemon [_thread_blocked, id=2516, stack(0x000000acae600000,0x000000acae700000)]
  0x0000029fc9050000 JavaThread "Finalizer" daemon [_thread_blocked, id=5876, stack(0x000000acae500000,0x000000acae600000)]
  0x0000029fc9048800 JavaThread "Reference Handler" daemon [_thread_blocked, id=9716, stack(0x000000acae400000,0x000000acae500000)]
  0x0000029fad855800 JavaThread "main" [_thread_in_native, id=18532, stack(0x000000acada00000,0x000000acadb00000)]

Other Threads:
  0x0000029fc844d800 VMThread [stack: 0x000000acae300000,0x000000acae400000] [id=10504]
  0x0000029fc90fe000 WatcherThread [stack: 0x000000acaed00000,0x000000acaee00000] [id=17360]

VM state:not at safepoint (normal execution)

VM Mutex/Monitor currently owned by a thread: None

heap address: 0x00000006c2c00000, size: 4052 MB, Compressed Oops mode: Zero based, Oop shift amount: 3
Narrow klass base: 0x0000000000000000, Narrow klass shift: 3
Compressed class space size: 1073741824 Address: 0x00000007c0000000

Heap:
 PSYoungGen      total 460288K, used 388272K [0x000000076b980000, 0x000000078e000000, 0x00000007c0000000)
  eden space 412672K, 94% used [0x000000076b980000,0x00000007834ac010,0x0000000784c80000)
  from space 47616K, 0% used [0x0000000787d00000,0x0000000787d00000,0x000000078ab80000)
  to   space 49664K, 0% used [0x0000000784c80000,0x0000000784c80000,0x0000000787d00000)
 ParOldGen       total 200704K, used 48453K [0x00000006c2c00000, 0x00000006cf000000, 0x000000076b980000)
  object space 200704K, 24% used [0x00000006c2c00000,0x00000006c5b515a8,0x00000006cf000000)
 Metaspace       used 35039K, capacity 36082K, committed 36352K, reserved 1081344K
  class space    used 3940K, capacity 4247K, committed 4352K, reserved 1048576K

Card table byte_map: [0x0000029fbe780000,0x0000029fbef70000] byte_map_base: 0x0000029fbb16a000

Marking Bits: (ParMarkBitMap*) 0x0000000066188030
 Begin Bits: [0x0000029fbf4c0000, 0x0000029fc3410000)
 End Bits:   [0x0000029fc3410000, 0x0000029fc7360000)

Polling page: 0x0000029fadac0000

CodeCache: size=245760Kb used=28278Kb max_used=28541Kb free=217481Kb
 bounds [0x0000029faf3c0000, 0x0000029fb0fe0000, 0x0000029fbe3c0000]
 total_blobs=7833 nmethods=7363 adapters=381
 compilation: enabled

Compilation events (10 events):
Event: 14.129 Thread 0x0000029fc908b800 nmethod 9675 0x0000029faf4df650 code [0x0000029faf4df7c0, 0x0000029faf4dfb70]
Event: 15.719 Thread 0x0000029fc908b800 9676       3       sun.nio.cs.StreamEncoder::implFlushBuffer (15 bytes)
Event: 15.719 Thread 0x0000029fc908b800 nmethod 9676 0x0000029fb0457110 code [0x0000029fb0457280, 0x0000029fb04574f0]
Event: 17.736 Thread 0x0000029fc908b800 9677       3       java.util.concurrent.ConcurrentLinkedQueue$Itr::advance (123 bytes)
Event: 17.736 Thread 0x0000029fc908b800 nmethod 9677 0x0000029fb080ead0 code [0x0000029fb080ec80, 0x0000029fb080f3d0]
Event: 18.230 Thread 0x0000029fc908b800 9678       3       sun.nio.cs.UTF_8$Encoder::encodeArrayLoop (489 bytes)
Event: 18.230 Thread 0x0000029fc9074800 9679   !   4       java.lang.StringCoding::decode (120 bytes)
Event: 18.232 Thread 0x0000029fc908b800 nmethod 9678 0x0000029fafacd950 code [0x0000029fafacdea0, 0x0000029fafad14b0]
Event: 18.233 Thread 0x0000029fc908b800 9680       3       java.io.FileOutputStream::write (12 bytes)
Event: 18.233 Thread 0x0000029fc908b800 nmethod 9680 0x0000029fb021fed0 code [0x0000029fb0220040, 0x0000029fb02201d0]

GC Heap History (10 events):
Event: 5.356 GC heap before
{Heap before GC invocations=10 (full 1):
 PSYoungGen      total 279552K, used 274555K [0x000000076b980000, 0x000000077ec80000, 0x00000007c0000000)
  eden space 258560K, 100% used [0x000000076b980000,0x000000077b600000,0x000000077b600000)
  from space 20992K, 76% used [0x000000077ca80000,0x000000077da1ef80,0x000000077df00000)
  to   space 20992K, 0% used [0x000000077b600000,0x000000077b600000,0x000000077ca80000)
 ParOldGen       total 130048K, used 29806K [0x00000006c2c00000, 0x00000006cab00000, 0x000000076b980000)
  object space 130048K, 22% used [0x00000006c2c00000,0x00000006c491b9d0,0x00000006cab00000)
 Metaspace       used 27923K, capacity 28830K, committed 28928K, reserved 1075200K
  class space    used 3199K, capacity 3505K, committed 3584K, reserved 1048576K
Event: 5.370 GC heap after
Heap after GC invocations=10 (full 1):
 PSYoungGen      total 279552K, used 20971K [0x000000076b980000, 0x0000000783700000, 0x00000007c0000000)
  eden space 258560K, 0% used [0x000000076b980000,0x000000076b980000,0x000000077b600000)
  from space 20992K, 99% used [0x000000077b600000,0x000000077ca7ad80,0x000000077ca80000)
  to   space 26624K, 0% used [0x0000000781d00000,0x0000000781d00000,0x0000000783700000)
 ParOldGen       total 130048K, used 39630K [0x00000006c2c00000, 0x00000006cab00000, 0x000000076b980000)
  object space 130048K, 30% used [0x00000006c2c00000,0x00000006c52b3ab0,0x00000006cab00000)
 Metaspace       used 27923K, capacity 28830K, committed 28928K, reserved 1075200K
  class space    used 3199K, capacity 3505K, committed 3584K, reserved 1048576K
}
Event: 7.184 GC heap before
{Heap before GC invocations=11 (full 1):
 PSYoungGen      total 279552K, used 279531K [0x000000076b980000, 0x0000000783700000, 0x00000007c0000000)
  eden space 258560K, 100% used [0x000000076b980000,0x000000077b600000,0x000000077b600000)
  from space 20992K, 99% used [0x000000077b600000,0x000000077ca7ad80,0x000000077ca80000)
  to   space 26624K, 0% used [0x0000000781d00000,0x0000000781d00000,0x0000000783700000)
 ParOldGen       total 130048K, used 39630K [0x00000006c2c00000, 0x00000006cab00000, 0x000000076b980000)
  object space 130048K, 30% used [0x00000006c2c00000,0x00000006c52b3ab0,0x00000006cab00000)
 Metaspace       used 29317K, capacity 30306K, committed 30592K, reserved 1077248K
  class space    used 3313K, capacity 3591K, committed 3712K, reserved 1048576K
Event: 7.207 GC heap after
Heap after GC invocations=11 (full 1):
 PSYoungGen      total 353280K, used 26594K [0x000000076b980000, 0x0000000784780000, 0x00000007c0000000)
  eden space 326656K, 0% used [0x000000076b980000,0x000000076b980000,0x000000077f880000)
  from space 26624K, 99% used [0x0000000781d00000,0x00000007836f89c8,0x0000000783700000)
  to   space 37376K, 0% used [0x000000077f880000,0x000000077f880000,0x0000000781d00000)
 ParOldGen       total 130048K, used 61249K [0x00000006c2c00000, 0x00000006cab00000, 0x000000076b980000)
  object space 130048K, 47% used [0x00000006c2c00000,0x00000006c67d04f8,0x00000006cab00000)
 Metaspace       used 29317K, capacity 30306K, committed 30592K, reserved 1077248K
  class space    used 3313K, capacity 3591K, committed 3712K, reserved 1048576K
}
Event: 9.403 GC heap before
{Heap before GC invocations=12 (full 1):
 PSYoungGen      total 353280K, used 353250K [0x000000076b980000, 0x0000000784780000, 0x00000007c0000000)
  eden space 326656K, 100% used [0x000000076b980000,0x000000077f880000,0x000000077f880000)
  from space 26624K, 99% used [0x0000000781d00000,0x00000007836f89c8,0x0000000783700000)
  to   space 37376K, 0% used [0x000000077f880000,0x000000077f880000,0x0000000781d00000)
 ParOldGen       total 130048K, used 61249K [0x00000006c2c00000, 0x00000006cab00000, 0x000000076b980000)
  object space 130048K, 47% used [0x00000006c2c00000,0x00000006c67d04f8,0x00000006cab00000)
 Metaspace       used 33738K, capacity 35076K, committed 35200K, reserved 1081344K
  class space    used 3794K, capacity 4152K, committed 4224K, reserved 1048576K
Event: 9.429 GC heap after
Heap after GC invocations=12 (full 1):
 PSYoungGen      total 364032K, used 37367K [0x000000076b980000, 0x000000078ab80000, 0x00000007c0000000)
  eden space 326656K, 0% used [0x000000076b980000,0x000000076b980000,0x000000077f880000)
  from space 37376K, 99% used [0x000000077f880000,0x0000000781cfdf88,0x0000000781d00000)
  to   space 47616K, 0% used [0x0000000787d00000,0x0000000787d00000,0x000000078ab80000)
 ParOldGen       total 130048K, used 76216K [0x00000006c2c00000, 0x00000006cab00000, 0x000000076b980000)
  object space 130048K, 58% used [0x00000006c2c00000,0x00000006c766e220,0x00000006cab00000)
 Metaspace       used 33738K, capacity 35076K, committed 35200K, reserved 1081344K
  class space    used 3794K, capacity 4152K, committed 4224K, reserved 1048576K
}
Event: 9.497 GC heap before
{Heap before GC invocations=13 (full 1):
 PSYoungGen      total 364032K, used 52200K [0x000000076b980000, 0x000000078ab80000, 0x00000007c0000000)
  eden space 326656K, 4% used [0x000000076b980000,0x000000076c7fc298,0x000000077f880000)
  from space 37376K, 99% used [0x000000077f880000,0x0000000781cfdf88,0x0000000781d00000)
  to   space 47616K, 0% used [0x0000000787d00000,0x0000000787d00000,0x000000078ab80000)
 ParOldGen       total 130048K, used 76216K [0x00000006c2c00000, 0x00000006cab00000, 0x000000076b980000)
  object space 130048K, 58% used [0x00000006c2c00000,0x00000006c766e220,0x00000006cab00000)
 Metaspace       used 34119K, capacity 35396K, committed 35456K, reserved 1081344K
  class space    used 3851K, capacity 4216K, committed 4224K, reserved 1048576K
Event: 9.510 GC heap after
Heap after GC invocations=13 (full 1):
 PSYoungGen      total 460288K, used 35024K [0x000000076b980000, 0x000000078e000000, 0x00000007c0000000)
  eden space 412672K, 0% used [0x000000076b980000,0x000000076b980000,0x0000000784c80000)
  from space 47616K, 73% used [0x0000000787d00000,0x0000000789f341e0,0x000000078ab80000)
  to   space 49664K, 0% used [0x0000000784c80000,0x0000000784c80000,0x0000000787d00000)
 ParOldGen       total 130048K, used 76968K [0x00000006c2c00000, 0x00000006cab00000, 0x000000076b980000)
  object space 130048K, 59% used [0x00000006c2c00000,0x00000006c772a2e0,0x00000006cab00000)
 Metaspace       used 34119K, capacity 35396K, committed 35456K, reserved 1081344K
  class space    used 3851K, capacity 4216K, committed 4224K, reserved 1048576K
}
Event: 9.510 GC heap before
{Heap before GC invocations=14 (full 2):
 PSYoungGen      total 460288K, used 35024K [0x000000076b980000, 0x000000078e000000, 0x00000007c0000000)
  eden space 412672K, 0% used [0x000000076b980000,0x000000076b980000,0x0000000784c80000)
  from space 47616K, 73% used [0x0000000787d00000,0x0000000789f341e0,0x000000078ab80000)
  to   space 49664K, 0% used [0x0000000784c80000,0x0000000784c80000,0x0000000787d00000)
 ParOldGen       total 130048K, used 76968K [0x00000006c2c00000, 0x00000006cab00000, 0x000000076b980000)
  object space 130048K, 59% used [0x00000006c2c00000,0x00000006c772a2e0,0x00000006cab00000)
 Metaspace       used 34119K, capacity 35396K, committed 35456K, reserved 1081344K
  class space    used 3851K, capacity 4216K, committed 4224K, reserved 1048576K
Event: 9.575 GC heap after
Heap after GC invocations=14 (full 2):
 PSYoungGen      total 460288K, used 0K [0x000000076b980000, 0x000000078e000000, 0x00000007c0000000)
  eden space 412672K, 0% used [0x000000076b980000,0x000000076b980000,0x0000000784c80000)
  from space 47616K, 0% used [0x0000000787d00000,0x0000000787d00000,0x000000078ab80000)
  to   space 49664K, 0% used [0x0000000784c80000,0x0000000784c80000,0x0000000787d00000)
 ParOldGen       total 200704K, used 48453K [0x00000006c2c00000, 0x00000006cf000000, 0x000000076b980000)
  object space 200704K, 24% used [0x00000006c2c00000,0x00000006c5b515a8,0x00000006cf000000)
 Metaspace       used 31626K, capacity 32670K, committed 35456K, reserved 1081344K
  class space    used 3573K, capacity 3877K, committed 4224K, reserved 1048576K
}

Deoptimization events (10 events):
Event: 11.809 Thread 0x0000029fad855800 Uncommon trap: reason=bimorphic action=maybe_recompile pc=0x0000029fb0800884 method=com.sun.tools.javac.jvm.ClassReader.fillIn(Lcom/sun/tools/javac/code/Symbol$PackageSymbol;Ljavax/tools/JavaFileManager$Location;Ljava/lang/Iterable;)V @ 86
Event: 11.812 Thread 0x0000029fad855800 Uncommon trap: reason=bimorphic action=maybe_recompile pc=0x0000029fb0800884 method=com.sun.tools.javac.jvm.ClassReader.fillIn(Lcom/sun/tools/javac/code/Symbol$PackageSymbol;Ljavax/tools/JavaFileManager$Location;Ljava/lang/Iterable;)V @ 86
Event: 12.026 Thread 0x0000029fad855800 Uncommon trap: reason=unstable_if action=reinterpret pc=0x0000029fb0e26ba8 method=com.sun.tools.javac.comp.Attr.checkIdInternal(Lcom/sun/tools/javac/tree/JCTree;Lcom/sun/tools/javac/code/Type;Lcom/sun/tools/javac/code/Symbol;Lcom/sun/tools/javac/code/Type
Event: 12.039 Thread 0x0000029fad855800 Uncommon trap: reason=bimorphic action=maybe_recompile pc=0x0000029fb09aba48 method=com.sun.tools.javac.code.Types$Subst.visitClassType(Lcom/sun/tools/javac/code/Type$ClassType;Ljava/lang/Void;)Lcom/sun/tools/javac/code/Type; @ 1
Event: 12.340 Thread 0x0000029fad855800 Uncommon trap: reason=unstable_if action=reinterpret pc=0x0000029fb0028ce0 method=java.util.StringTokenizer.setMaxDelimCodePoint()V @ 71
Event: 12.340 Thread 0x0000029fad855800 Uncommon trap: reason=predicate action=maybe_recompile pc=0x0000029fafbe3e00 method=java.util.StringTokenizer.skipDelimiters(I)I @ 17
Event: 12.340 Thread 0x0000029fad855800 Uncommon trap: reason=unstable_if action=reinterpret pc=0x0000029fb00296bc method=java.util.StringTokenizer.scanToken(I)I @ 96
Event: 12.340 Thread 0x0000029fad855800 Uncommon trap: reason=predicate action=maybe_recompile pc=0x0000029fb00083f0 method=java.util.StringTokenizer.skipDelimiters(I)I @ 17
Event: 12.908 Thread 0x0000029fcb759800 Uncommon trap: reason=unstable_if action=reinterpret pc=0x0000029fafe5dd50 method=java.io.BufferedReader.readLine(Z)Ljava/lang/String; @ 265
Event: 13.357 Thread 0x0000029fcb760000 Uncommon trap: reason=null_check action=make_not_entrant pc=0x0000029fb018b4c4 method=java.lang.StringCoding.deref(Ljava/lang/ThreadLocal;)Ljava/lang/Object; @ 4

Classes redefined (0 events):
No events

Internal exceptions (10 events):
Event: 8.593 Thread 0x0000029fad855800 Exception <a 'java/lang/NoClassDefFoundError': org/apache/maven/doxia/sink/SinkEventAttributes> (0x00000007794ff5d8) thrown at [C:\jenkins\workspace\8-2-build-windows-amd64-cygwin\jdk8u311\1894\hotspot\src\share\vm\classfile\systemDictionary.cpp, line 201
Event: 8.595 Thread 0x0000029fad855800 Exception <a 'java/lang/NoClassDefFoundError': org/apache/maven/doxia/sink/SinkEventAttributes> (0x0000000779524938) thrown at [C:\jenkins\workspace\8-2-build-windows-amd64-cygwin\jdk8u311\1894\hotspot\src\share\vm\classfile\systemDictionary.cpp, line 201
Event: 8.597 Thread 0x0000029fad855800 Exception <a 'java/lang/NoClassDefFoundError': org/apache/maven/doxia/sink/SinkEventAttributes> (0x0000000779569cb0) thrown at [C:\jenkins\workspace\8-2-build-windows-amd64-cygwin\jdk8u311\1894\hotspot\src\share\vm\classfile\systemDictionary.cpp, line 201
Event: 8.759 Thread 0x0000029fad855800 Exception <a 'java/io/FileNotFoundException'> (0x000000077d040ce8) thrown at [C:\jenkins\workspace\8-2-build-windows-amd64-cygwin\jdk8u311\1894\hotspot\src\share\vm\prims\jni.cpp, line 710]
Event: 8.760 Thread 0x0000029fad855800 Exception <a 'java/io/FileNotFoundException'> (0x000000077d0427e8) thrown at [C:\jenkins\workspace\8-2-build-windows-amd64-cygwin\jdk8u311\1894\hotspot\src\share\vm\prims\jni.cpp, line 710]
Event: 10.308 Thread 0x0000029fad855800 Implicit null exception at 0x0000029fb0a8e512 to 0x0000029fb0a8e56e
Event: 10.577 Thread 0x0000029fad855800 Exception <a 'java/io/FileNotFoundException'> (0x0000000775fb06e8) thrown at [C:\jenkins\workspace\8-2-build-windows-amd64-cygwin\jdk8u311\1894\hotspot\src\share\vm\prims\jni.cpp, line 710]
Event: 10.578 Thread 0x0000029fad855800 Exception <a 'java/io/FileNotFoundException'> (0x0000000775fb21e8) thrown at [C:\jenkins\workspace\8-2-build-windows-amd64-cygwin\jdk8u311\1894\hotspot\src\share\vm\prims\jni.cpp, line 710]
Event: 12.085 Thread 0x0000029fad855800 Exception <a 'java/lang/NoSuchMethodError': org.apache.maven.execution.MavenExecutionRequest.getFailureBehavior()Ljava/lang/String;> (0x000000077fceedf0) thrown at [C:\jenkins\workspace\8-2-build-windows-amd64-cygwin\jdk8u311\1894\hotspot\src\share\vm\int
Event: 13.357 Thread 0x0000029fcb760000 Implicit null exception at 0x0000029fb018ab8c to 0x0000029fb018b4a9

Events (10 events):
Event: 18.228 loading class org/apache/maven/plugin/surefire/booterclient/output/InPluginProcessDumpSingleton
Event: 18.228 loading class org/apache/maven/plugin/surefire/booterclient/output/InPluginProcessDumpSingleton done
Event: 18.230 loading class java/lang/Throwable$WrappedPrintWriter
Event: 18.230 loading class java/lang/Throwable$PrintStreamOrWriter
Event: 18.230 loading class java/lang/Throwable$PrintStreamOrWriter done
Event: 18.230 loading class java/lang/Throwable$WrappedPrintWriter done
Event: 18.233 Thread 0x0000029fc908b800 flushing nmethod 0x0000029faf748450
Event: 18.233 Thread 0x0000029fc908b800 flushing nmethod 0x0000029faf767950
Event: 18.233 Thread 0x0000029fc908b800 flushing nmethod 0x0000029faf7ca710
Event: 18.233 Thread 0x0000029fc908b800 flushing nmethod 0x0000029faf7fe250


Dynamic libraries:
0x00007ff768120000 - 0x00007ff768167000 	C:\Program Files\Java\jdk1.8.0_311\bin\java.exe
0x00007ff8c43c0000 - 0x00007ff8c45c9000 	C:\WINDOWS\SYSTEM32\ntdll.dll
0x00007ff8c23b0000 - 0x00007ff8c246d000 	C:\WINDOWS\System32\KERNEL32.DLL
0x00007ff8c1b10000 - 0x00007ff8c1e84000 	C:\WINDOWS\System32\KERNELBASE.dll
0x00007ff8c3850000 - 0x00007ff8c38fe000 	C:\WINDOWS\System32\ADVAPI32.dll
0x00007ff8c2690000 - 0x00007ff8c2733000 	C:\WINDOWS\System32\msvcrt.dll
0x00007ff8c25f0000 - 0x00007ff8c268e000 	C:\WINDOWS\System32\sechost.dll
0x00007ff8c3ab0000 - 0x00007ff8c3bd0000 	C:\WINDOWS\System32\RPCRT4.dll
0x00007ff8c3900000 - 0x00007ff8c3aac000 	C:\WINDOWS\System32\USER32.dll
0x00007ff8c18b0000 - 0x00007ff8c18d6000 	C:\WINDOWS\System32\win32u.dll
0x00007ff8c24d0000 - 0x00007ff8c24f9000 	C:\WINDOWS\System32\GDI32.dll
0x00007ff8c2140000 - 0x00007ff8c2252000 	C:\WINDOWS\System32\gdi32full.dll
0x00007ff8c1e90000 - 0x00007ff8c1f2d000 	C:\WINDOWS\System32\msvcp_win.dll
0x00007ff8c1fa0000 - 0x00007ff8c20b1000 	C:\WINDOWS\System32\ucrtbase.dll
0x00007ff8a5930000 - 0x00007ff8a5bd5000 	C:\WINDOWS\WinSxS\amd64_microsoft.windows.common-controls_6595b64144ccf1df_6.0.22000.120_none_9d947278b86cc467\COMCTL32.dll
0x00007ff8c2370000 - 0x00007ff8c23a1000 	C:\WINDOWS\System32\IMM32.DLL
0x00007ff8ab960000 - 0x00007ff8ab975000 	C:\Program Files\Java\jdk1.8.0_311\jre\bin\vcruntime140.dll
0x00007ff88f9b0000 - 0x00007ff88fa4b000 	C:\Program Files\Java\jdk1.8.0_311\jre\bin\msvcp140.dll
0x00000000659a0000 - 0x0000000066200000 	C:\Program Files\Java\jdk1.8.0_311\jre\bin\server\jvm.dll
0x00007ff8c3310000 - 0x00007ff8c3318000 	C:\WINDOWS\System32\PSAPI.DLL
0x00007ff8be590000 - 0x00007ff8be599000 	C:\WINDOWS\SYSTEM32\WSOCK32.dll
0x00007ff8bb920000 - 0x00007ff8bb953000 	C:\WINDOWS\SYSTEM32\WINMM.dll
0x00007ff8bc6e0000 - 0x00007ff8bc6ea000 	C:\WINDOWS\SYSTEM32\VERSION.dll
0x00007ff8c2f00000 - 0x00007ff8c2f6f000 	C:\WINDOWS\System32\WS2_32.dll
0x00007ff8c0aa0000 - 0x00007ff8c0ab8000 	C:\WINDOWS\SYSTEM32\kernel.appcore.dll
0x00007ff8b02f0000 - 0x00007ff8b0300000 	C:\Program Files\Java\jdk1.8.0_311\jre\bin\verify.dll
0x00007ff89ddf0000 - 0x00007ff89de1b000 	C:\Program Files\Java\jdk1.8.0_311\jre\bin\java.dll
0x00007ff89ddd0000 - 0x00007ff89dde8000 	C:\Program Files\Java\jdk1.8.0_311\jre\bin\zip.dll
0x00007ff8c3bd0000 - 0x00007ff8c437e000 	C:\WINDOWS\System32\SHELL32.dll
0x00007ff8bfa30000 - 0x00007ff8c0298000 	C:\WINDOWS\SYSTEM32\windows.storage.dll
0x00007ff8c34d0000 - 0x00007ff8c3848000 	C:\WINDOWS\System32\combase.dll
0x00007ff8bf8c0000 - 0x00007ff8bfa26000 	C:\WINDOWS\SYSTEM32\wintypes.dll
0x00007ff8c3220000 - 0x00007ff8c330a000 	C:\WINDOWS\System32\SHCORE.dll
0x00007ff8c2820000 - 0x00007ff8c287d000 	C:\WINDOWS\System32\shlwapi.dll
0x00007ff8c17e0000 - 0x00007ff8c1801000 	C:\WINDOWS\SYSTEM32\profapi.dll
0x0000000069ac0000 - 0x0000000069ae4000 	C:\apache-maven-3.8.5\lib\jansi-native\Windows\x86_64\jansi.dll
0x00007ff89ddb0000 - 0x00007ff89ddcc000 	C:\Program Files\Java\jdk1.8.0_311\jre\bin\net.dll
0x00007ff8c0ed0000 - 0x00007ff8c0f37000 	C:\WINDOWS\system32\mswsock.dll
0x00007ff89d380000 - 0x00007ff89d393000 	C:\Program Files\Java\jdk1.8.0_311\jre\bin\nio.dll
0x00007ff8af0e0000 - 0x00007ff8af0ed000 	C:\Program Files\Java\jdk1.8.0_311\jre\bin\management.dll
0x00007ff8a1750000 - 0x00007ff8a1767000 	C:\WINDOWS\system32\napinsp.dll
0x00007ff8a15c0000 - 0x00007ff8a15db000 	C:\WINDOWS\system32\pnrpnsp.dll
0x00007ff8c0600000 - 0x00007ff8c06e7000 	C:\WINDOWS\SYSTEM32\DNSAPI.dll
0x00007ff8c05d0000 - 0x00007ff8c05fd000 	C:\WINDOWS\SYSTEM32\IPHLPAPI.DLL
0x00007ff8c3150000 - 0x00007ff8c3159000 	C:\WINDOWS\System32\NSI.dll
0x00007ff8a11d0000 - 0x00007ff8a11e2000 	C:\WINDOWS\System32\winrnr.dll
0x00007ff8b9d10000 - 0x00007ff8b9d25000 	C:\WINDOWS\system32\wshbth.dll
0x00007ff8a11b0000 - 0x00007ff8a11cf000 	C:\WINDOWS\system32\nlansp_c.dll
0x00007ff8b7ef0000 - 0x00007ff8b7efa000 	C:\Windows\System32\rasadhlp.dll
0x00007ff8b9c80000 - 0x00007ff8b9d01000 	C:\WINDOWS\System32\fwpuclnt.dll
0x00007ff8c1110000 - 0x00007ff8c1128000 	C:\WINDOWS\SYSTEM32\CRYPTSP.dll
0x00007ff8c0a00000 - 0x00007ff8c0a35000 	C:\WINDOWS\system32\rsaenh.dll
0x00007ff8c0fc0000 - 0x00007ff8c0fe9000 	C:\WINDOWS\SYSTEM32\USERENV.dll
0x00007ff8c1290000 - 0x00007ff8c12b7000 	C:\WINDOWS\SYSTEM32\bcrypt.dll
0x00007ff8c20c0000 - 0x00007ff8c213f000 	C:\WINDOWS\System32\bcryptprimitives.dll
0x00007ff8c1130000 - 0x00007ff8c113c000 	C:\WINDOWS\SYSTEM32\CRYPTBASE.dll
0x00007ff8bb830000 - 0x00007ff8bb849000 	C:\WINDOWS\SYSTEM32\dhcpcsvc6.DLL
0x00007ff8bbcb0000 - 0x00007ff8bbcce000 	C:\WINDOWS\SYSTEM32\dhcpcsvc.DLL
0x00007ff8b7930000 - 0x00007ff8b7b51000 	C:\WINDOWS\SYSTEM32\dbghelp.dll

VM Arguments:
jvm_args: -Dclassworlds.conf=C:/apache-maven-3.8.5/bin/m2.conf -Dmaven.home=C:/apache-maven-3.8.5 -Dlibrary.jansi.path=C:/apache-maven-3.8.5/lib/jansi-native -Dmaven.multiModuleProjectDirectory=C:/Users/happy/aline-capstone/aline-underwriter-mircoservice-RY 
java_command: org.codehaus.plexus.classworlds.launcher.Launcher clean install -U
java_class_path (initial): C:/apache-maven-3.8.5/boot/plexus-classworlds-2.6.0.jar
Launcher Type: SUN_STANDARD

Environment Variables:
JAVA_HOME=C:/Program Files/Java/jdk1.8.0_311
PATH=C:\Program Files\Git\mingw64\bin;C:\Program Files\Git\usr\bin;C:\Users\happy\bin;E:\dev\aline_capstone\virtual\Scripts;C:\Program Files\Common Files\Oracle\Java\javapath;C:\Program Files (x86)\Common Files\Oracle\Java\javapath;C:\Python310\Scripts;C:\Python310;C:\Windows\system32;C:\Windows;C:\Windows\System32\Wbem;C:\Windows\System32\WindowsPowerShell\v1.0;C:\Windows\System32\OpenSSH;C:\Program Files\NVIDIA Corporation\NVIDIA NvDLISR;C:\Program Files (x86)\NVIDIA Corporation\PhysX\Common;C:\Program Files\Git\cmd;C:\Program Files\nodejs;C:\ProgramData\chocolatey\bin;C:\WINDOWS\system32;C:\WINDOWS;C:\WINDOWS\System32\Wbem;C:\WINDOWS\System32\WindowsPowerShell\v1.0;C:\WINDOWS\System32\OpenSSH;C:\HashiCorp\Vagrant\bin;C:\Program Files\PuTTY;C:\Program Files\MySQL\MySQL Shell 8.0\bin;C:\Users\happy\AppData\Local\Microsoft\WindowsApps;C:\Users\happy\AppData\Local\Programs\Microsoft VS Code\bin;C:\Users\happy\AppData\Roaming\npm;C:\Program Files\Java\jdk1.8.0_311;C:\apache-maven-3.8.5\bin
USERNAME=happy
OS=Windows_NT
PROCESSOR_IDENTIFIER=Intel64 Family 6 Model 165 Stepping 2, GenuineIntel



---------------  S Y S T E M  ---------------

OS: Windows 10.0 , 64 bit Build 22000 (10.0.22000.434)

CPU:total 8 (initial active 8) (4 cores per cpu, 2 threads per core) family 6 model 165 stepping 2, cmov, cx8, fxsr, mmx, sse, sse2, sse3, ssse3, sse4.1, sse4.2, popcnt, avx, avx2, aes, clmul, erms, 3dnowpref, lzcnt, ht, tsc, tscinvbit, bmi1, bmi2, adx

Memory: 4k page, physical 16593196k(5452284k free), swap 19584300k(8304k free)

vm_info: Java HotSpot(TM) 64-Bit Server VM (25.311-b11) for windows-amd64 JRE (1.8.0_311-b11), built on Sep 27 2021 05:15:14 by "java_re" with MS VC++ 15.9 (VS2017)

time: Tue Apr 12 13:23:54 2022
timezone: Mountain Daylight Time
elapsed time: 18.245540 seconds (0d 0h 0m 18s)

