#
# There is insufficient memory for the Java Runtime Environment to continue.
# Native memory allocation (malloc) failed to allocate 32744 bytes for ChunkPool::allocate
# Possible reasons:
#   The system is out of physical RAM or swap space
#   The process is running with CompressedOops enabled, and the Java Heap may be blocking the growth of the native heap
# Possible solutions:
#   Reduce memory load on the system
#   Increase physical memory or swap space
#   Check if swap backing store is full
#   Decrease Java heap size (-Xmx/-Xms)
#   Decrease number of Java threads
#   Decrease Java thread stack sizes (-Xss)
#   Set larger code cache with -XX:ReservedCodeCacheSize=
#   JVM is running with Zero Based Compressed Oops mode in which the Java heap is
#     placed in the first 32GB address space. The Java Heap base address is the
#     maximum limit for the native heap growth. Please use -XX:HeapBaseMinAddress
#     to set the Java Heap base and to place the Java Heap above 32GB virtual address.
# This output file may be truncated or incomplete.
#
#  Out of Memory Error (allocation.cpp:272), pid=7308, tid=0x0000000000001378
#
# JRE version: Java(TM) SE Runtime Environment (8.0_311-b11) (build 1.8.0_311-b11)
# Java VM: Java HotSpot(TM) 64-Bit Server VM (25.311-b11 mixed mode windows-amd64 compressed oops)
# Failed to write core dump. Minidumps are not enabled by default on client versions of Windows
#

---------------  T H R E A D  ---------------

Current thread (0x000001dde0953800):  JavaThread "C1 CompilerThread3" daemon [_thread_in_native, id=4984, stack(0x0000002019f00000,0x000000201a000000)]

Stack: [0x0000002019f00000,0x000000201a000000]
Native frames: (J=compiled Java code, j=interpreted, Vv=VM code, C=native code)
V  [jvm.dll+0x32f239]


Current CompileTask:
C1:  18011 9758       3       sun.nio.cs.UTF_8$Encoder::encodeArrayLoop (489 bytes)


---------------  P R O C E S S  ---------------

Java Threads: ( => current thread )
  0x000001dde54b2800 JavaThread "Thread-5" [_thread_in_native, id=18232, stack(0x000000201ac00000,0x000000201ad00000)]
  0x000001dde54ae800 JavaThread "Thread-4" [_thread_in_native, id=8252, stack(0x000000201ab00000,0x000000201ac00000)]
  0x000001dde54b1000 JavaThread "Thread-3" [_thread_blocked, id=18964, stack(0x000000201aa00000,0x000000201ab00000)]
  0x000001dde54b4000 JavaThread "ThreadedStreamConsumer" daemon [_thread_blocked, id=13260, stack(0x000000201a900000,0x000000201aa00000)]
  0x000001dde54af800 JavaThread "ping-timer-10s" daemon [_thread_blocked, id=11404, stack(0x000000201a800000,0x000000201a900000)]
  0x000001dde518d000 JavaThread "timeout-check-timer" daemon [_thread_blocked, id=18684, stack(0x000000201a700000,0x000000201a800000)]
  0x000001dde5190800 JavaThread "resolver-5" daemon [_thread_blocked, id=12380, stack(0x000000201a600000,0x000000201a700000)]
  0x000001dde518f000 JavaThread "resolver-4" daemon [_thread_blocked, id=19124, stack(0x000000201a500000,0x000000201a600000)]
  0x000001dde518e800 JavaThread "resolver-3" daemon [_thread_blocked, id=13944, stack(0x000000201a400000,0x000000201a500000)]
  0x000001dde518c000 JavaThread "resolver-2" daemon [_thread_blocked, id=14584, stack(0x000000201a300000,0x000000201a400000)]
  0x000001dde518d800 JavaThread "resolver-1" daemon [_thread_blocked, id=18304, stack(0x000000201a200000,0x000000201a300000)]
  0x000001dde1d35000 JavaThread "Service Thread" daemon [_thread_blocked, id=14576, stack(0x000000201a000000,0x000000201a100000)]
=>0x000001dde0953800 JavaThread "C1 CompilerThread3" daemon [_thread_in_native, id=4984, stack(0x0000002019f00000,0x000000201a000000)]
  0x000001dde0952000 JavaThread "C2 CompilerThread2" daemon [_thread_in_native, id=10960, stack(0x0000002019e00000,0x0000002019f00000)]
  0x000001dde094f000 JavaThread "C2 CompilerThread1" daemon [_thread_in_native, id=15036, stack(0x0000002019d00000,0x0000002019e00000)]
  0x000001dde094b000 JavaThread "C2 CompilerThread0" daemon [_thread_blocked, id=12620, stack(0x0000002019c00000,0x0000002019d00000)]
  0x000001dde0949800 JavaThread "Attach Listener" daemon [_thread_blocked, id=15848, stack(0x0000002019b00000,0x0000002019c00000)]
  0x000001dde0948800 JavaThread "Signal Dispatcher" daemon [_thread_blocked, id=14020, stack(0x0000002019a00000,0x0000002019b00000)]
  0x000001dde0922800 JavaThread "Finalizer" daemon [_thread_blocked, id=804, stack(0x0000002019900000,0x0000002019a00000)]
  0x000001dde091a000 JavaThread "Reference Handler" daemon [_thread_blocked, id=17500, stack(0x0000002019800000,0x0000002019900000)]
  0x000001ddc51e5800 JavaThread "main" [_thread_in_native, id=11304, stack(0x0000002018e00000,0x0000002018f00000)]

Other Threads:
  0x000001dddfd0e000 VMThread [stack: 0x0000002019700000,0x0000002019800000] [id=17928]
  0x000001dde1d60000 WatcherThread [stack: 0x000000201a100000,0x000000201a200000] [id=9492]

VM state:not at safepoint (normal execution)

VM Mutex/Monitor currently owned by a thread: None

heap address: 0x00000006c2c00000, size: 4052 MB, Compressed Oops mode: Zero based, Oop shift amount: 3
Narrow klass base: 0x0000000000000000, Narrow klass shift: 3
Compressed class space size: 1073741824 Address: 0x00000007c0000000

Heap:
 PSYoungGen      total 543232K, used 32877K [0x000000076b980000, 0x000000078f800000, 0x00000007c0000000)
  eden space 496640K, 2% used [0x000000076b980000,0x000000076c333648,0x0000000789e80000)
  from space 46592K, 49% used [0x000000078ca80000,0x000000078e0e8150,0x000000078f800000)
  to   space 45056K, 0% used [0x0000000789e80000,0x0000000789e80000,0x000000078ca80000)
 ParOldGen       total 225792K, used 57351K [0x00000006c2c00000, 0x00000006d0880000, 0x000000076b980000)
  object space 225792K, 25% used [0x00000006c2c00000,0x00000006c6401e90,0x00000006d0880000)
 Metaspace       used 35055K, capacity 36082K, committed 36352K, reserved 1081344K
  class space    used 3936K, capacity 4247K, committed 4352K, reserved 1048576K

Card table byte_map: [0x000001ddd5ff0000,0x000001ddd67e0000] byte_map_base: 0x000001ddd29da000

Marking Bits: (ParMarkBitMap*) 0x000000006e0b8030
 Begin Bits: [0x000001ddd6d30000, 0x000001dddac80000)
 End Bits:   [0x000001dddac80000, 0x000001dddebd0000)

Polling page: 0x000001ddc6c00000

CodeCache: size=245760Kb used=28639Kb max_used=29540Kb free=217120Kb
 bounds [0x000001ddc6c30000, 0x000001ddc8930000, 0x000001ddd5c30000]
 total_blobs=7831 nmethods=7361 adapters=381
 compilation: enabled

Compilation events (10 events):
Event: 14.175 Thread 0x000001dde0953800 nmethod 9753 0x000001ddc715dfd0 code [0x000001ddc715e160, 0x000001ddc715e5c0]
Event: 14.175 Thread 0x000001dde0953800 9754       3       java.nio.HeapCharBuffer::<init> (13 bytes)
Event: 14.175 Thread 0x000001dde0953800 nmethod 9754 0x000001ddc6ff4010 code [0x000001ddc6ff4180, 0x000001ddc6ff4450]
Event: 15.869 Thread 0x000001dde0953800 9755       3       sun.nio.cs.StreamEncoder::implFlushBuffer (15 bytes)
Event: 15.869 Thread 0x000001dde0953800 nmethod 9755 0x000001ddc720e090 code [0x000001ddc720e200, 0x000001ddc720e470]
Event: 15.870 Thread 0x000001dde094b000 9756   !   4       java.nio.charset.CharsetDecoder::decode (287 bytes)
Event: 15.873 Thread 0x000001dde094b000 nmethod 9756 0x000001ddc82d0f50 code [0x000001ddc82d10c0, 0x000001ddc82d1388]
Event: 17.216 Thread 0x000001dde0953800 9757       3       java.util.concurrent.ConcurrentLinkedQueue$Itr::advance (123 bytes)
Event: 17.216 Thread 0x000001dde0953800 nmethod 9757 0x000001ddc75c71d0 code [0x000001ddc75c7380, 0x000001ddc75c7af0]
Event: 18.006 Thread 0x000001dde0953800 9758       3       sun.nio.cs.UTF_8$Encoder::encodeArrayLoop (489 bytes)

GC Heap History (10 events):
Event: 5.465 GC heap before
{Heap before GC invocations=10 (full 1):
 PSYoungGen      total 307712K, used 302476K [0x000000076b980000, 0x0000000780300000, 0x00000007c0000000)
  eden space 286720K, 100% used [0x000000076b980000,0x000000077d180000,0x000000077d180000)
  from space 20992K, 75% used [0x000000077e600000,0x000000077f563350,0x000000077fa80000)
  to   space 20992K, 0% used [0x000000077d180000,0x000000077d180000,0x000000077e600000)
 ParOldGen       total 126976K, used 29753K [0x00000006c2c00000, 0x00000006ca800000, 0x000000076b980000)
  object space 126976K, 23% used [0x00000006c2c00000,0x00000006c490e7a0,0x00000006ca800000)
 Metaspace       used 28146K, capacity 28964K, committed 29184K, reserved 1075200K
  class space    used 3221K, capacity 3506K, committed 3584K, reserved 1048576K
Event: 5.484 GC heap after
Heap after GC invocations=10 (full 1):
 PSYoungGen      total 307712K, used 20980K [0x000000076b980000, 0x0000000786900000, 0x00000007c0000000)
  eden space 286720K, 0% used [0x000000076b980000,0x000000076b980000,0x000000077d180000)
  from space 20992K, 99% used [0x000000077d180000,0x000000077e5fd060,0x000000077e600000)
  to   space 26624K, 0% used [0x0000000784f00000,0x0000000784f00000,0x0000000786900000)
 ParOldGen       total 126976K, used 39965K [0x00000006c2c00000, 0x00000006ca800000, 0x000000076b980000)
  object space 126976K, 31% used [0x00000006c2c00000,0x00000006c5307518,0x00000006ca800000)
 Metaspace       used 28146K, capacity 28964K, committed 29184K, reserved 1075200K
  class space    used 3221K, capacity 3506K, committed 3584K, reserved 1048576K
}
Event: 7.678 GC heap before
{Heap before GC invocations=11 (full 1):
 PSYoungGen      total 307712K, used 307700K [0x000000076b980000, 0x0000000786900000, 0x00000007c0000000)
  eden space 286720K, 100% used [0x000000076b980000,0x000000077d180000,0x000000077d180000)
  from space 20992K, 99% used [0x000000077d180000,0x000000077e5fd060,0x000000077e600000)
  to   space 26624K, 0% used [0x0000000784f00000,0x0000000784f00000,0x0000000786900000)
 ParOldGen       total 126976K, used 39965K [0x00000006c2c00000, 0x00000006ca800000, 0x000000076b980000)
  object space 126976K, 31% used [0x00000006c2c00000,0x00000006c5307518,0x00000006ca800000)
 Metaspace       used 30128K, capacity 31258K, committed 31360K, reserved 1077248K
  class space    used 3364K, capacity 3690K, committed 3712K, reserved 1048576K
Event: 7.701 GC heap after
Heap after GC invocations=11 (full 1):
 PSYoungGen      total 403456K, used 26608K [0x000000076b980000, 0x0000000787900000, 0x00000007c0000000)
  eden space 376832K, 0% used [0x000000076b980000,0x000000076b980000,0x0000000782980000)
  from space 26624K, 99% used [0x0000000784f00000,0x00000007868fc380,0x0000000786900000)
  to   space 38400K, 0% used [0x0000000782980000,0x0000000782980000,0x0000000784f00000)
 ParOldGen       total 126976K, used 63807K [0x00000006c2c00000, 0x00000006ca800000, 0x000000076b980000)
  object space 126976K, 50% used [0x00000006c2c00000,0x00000006c6a4fe48,0x00000006ca800000)
 Metaspace       used 30128K, capacity 31258K, committed 31360K, reserved 1077248K
  class space    used 3364K, capacity 3690K, committed 3712K, reserved 1048576K
}
Event: 9.429 GC heap before
{Heap before GC invocations=12 (full 1):
 PSYoungGen      total 403456K, used 306470K [0x000000076b980000, 0x0000000787900000, 0x00000007c0000000)
  eden space 376832K, 74% used [0x000000076b980000,0x000000077cacd648,0x0000000782980000)
  from space 26624K, 99% used [0x0000000784f00000,0x00000007868fc380,0x0000000786900000)
  to   space 38400K, 0% used [0x0000000782980000,0x0000000782980000,0x0000000784f00000)
 ParOldGen       total 126976K, used 63807K [0x00000006c2c00000, 0x00000006ca800000, 0x000000076b980000)
  object space 126976K, 50% used [0x00000006c2c00000,0x00000006c6a4fe48,0x00000006ca800000)
 Metaspace       used 34221K, capacity 35396K, committed 35456K, reserved 1081344K
  class space    used 3855K, capacity 4216K, committed 4224K, reserved 1048576K
Event: 9.452 GC heap after
Heap after GC invocations=12 (full 1):
 PSYoungGen      total 415232K, used 38368K [0x000000076b980000, 0x000000078f900000, 0x00000007c0000000)
  eden space 376832K, 0% used [0x000000076b980000,0x000000076b980000,0x0000000782980000)
  from space 38400K, 99% used [0x0000000782980000,0x0000000784ef82c0,0x0000000784f00000)
  to   space 47616K, 0% used [0x000000078ca80000,0x000000078ca80000,0x000000078f900000)
 ParOldGen       total 126976K, used 76002K [0x00000006c2c00000, 0x00000006ca800000, 0x000000076b980000)
  object space 126976K, 59% used [0x00000006c2c00000,0x00000006c7638ad8,0x00000006ca800000)
 Metaspace       used 34221K, capacity 35396K, committed 35456K, reserved 1081344K
  class space    used 3855K, capacity 4216K, committed 4224K, reserved 1048576K
}
Event: 9.452 GC heap before
{Heap before GC invocations=13 (full 2):
 PSYoungGen      total 415232K, used 38368K [0x000000076b980000, 0x000000078f900000, 0x00000007c0000000)
  eden space 376832K, 0% used [0x000000076b980000,0x000000076b980000,0x0000000782980000)
  from space 38400K, 99% used [0x0000000782980000,0x0000000784ef82c0,0x0000000784f00000)
  to   space 47616K, 0% used [0x000000078ca80000,0x000000078ca80000,0x000000078f900000)
 ParOldGen       total 126976K, used 76002K [0x00000006c2c00000, 0x00000006ca800000, 0x000000076b980000)
  object space 126976K, 59% used [0x00000006c2c00000,0x00000006c7638ad8,0x00000006ca800000)
 Metaspace       used 34221K, capacity 35396K, committed 35456K, reserved 1081344K
  class space    used 3855K, capacity 4216K, committed 4224K, reserved 1048576K
Event: 9.527 GC heap after
Heap after GC invocations=13 (full 2):
 PSYoungGen      total 415232K, used 0K [0x000000076b980000, 0x000000078f900000, 0x00000007c0000000)
  eden space 376832K, 0% used [0x000000076b980000,0x000000076b980000,0x0000000782980000)
  from space 38400K, 0% used [0x0000000782980000,0x0000000782980000,0x0000000784f00000)
  to   space 47616K, 0% used [0x000000078ca80000,0x000000078ca80000,0x000000078f900000)
 ParOldGen       total 225792K, used 57343K [0x00000006c2c00000, 0x00000006d0880000, 0x000000076b980000)
  object space 225792K, 25% used [0x00000006c2c00000,0x00000006c63ffe90,0x00000006d0880000)
 Metaspace       used 31733K, capacity 32670K, committed 35456K, reserved 1081344K
  class space    used 3577K, capacity 3877K, committed 4224K, reserved 1048576K
}
Event: 12.456 GC heap before
{Heap before GC invocations=14 (full 2):
 PSYoungGen      total 415232K, used 376832K [0x000000076b980000, 0x000000078f900000, 0x00000007c0000000)
  eden space 376832K, 100% used [0x000000076b980000,0x0000000782980000,0x0000000782980000)
  from space 38400K, 0% used [0x0000000782980000,0x0000000782980000,0x0000000784f00000)
  to   space 47616K, 0% used [0x000000078ca80000,0x000000078ca80000,0x000000078f900000)
 ParOldGen       total 225792K, used 57343K [0x00000006c2c00000, 0x00000006d0880000, 0x000000076b980000)
  object space 225792K, 25% used [0x00000006c2c00000,0x00000006c63ffe90,0x00000006d0880000)
 Metaspace       used 34893K, capacity 36018K, committed 36352K, reserved 1081344K
  class space    used 3919K, capacity 4247K, committed 4352K, reserved 1048576K
Event: 12.473 GC heap after
Heap after GC invocations=14 (full 2):
 PSYoungGen      total 543232K, used 22944K [0x000000076b980000, 0x000000078f800000, 0x00000007c0000000)
  eden space 496640K, 0% used [0x000000076b980000,0x000000076b980000,0x0000000789e80000)
  from space 46592K, 49% used [0x000000078ca80000,0x000000078e0e8150,0x000000078f800000)
  to   space 45056K, 0% used [0x0000000789e80000,0x0000000789e80000,0x000000078ca80000)
 ParOldGen       total 225792K, used 57351K [0x00000006c2c00000, 0x00000006d0880000, 0x000000076b980000)
  object space 225792K, 25% used [0x00000006c2c00000,0x00000006c6401e90,0x00000006d0880000)
 Metaspace       used 34893K, capacity 36018K, committed 36352K, reserved 1081344K
  class space    used 3919K, capacity 4247K, committed 4352K, reserved 1048576K
}

Deoptimization events (10 events):
Event: 12.090 Thread 0x000001ddc51e5800 Uncommon trap: reason=bimorphic action=maybe_recompile pc=0x000001ddc81e686c method=com.sun.tools.javac.comp.Resolve.notOverriddenIn(Lcom/sun/tools/javac/code/Type;Lcom/sun/tools/javac/code/Symbol;)Z @ 10
Event: 12.107 Thread 0x000001ddc51e5800 Uncommon trap: reason=unstable_if action=reinterpret pc=0x000001ddc87d4dbc method=com.sun.tools.javac.comp.Attr.checkIdInternal(Lcom/sun/tools/javac/tree/JCTree;Lcom/sun/tools/javac/code/Type;Lcom/sun/tools/javac/code/Symbol;Lcom/sun/tools/javac/code/Type
Event: 12.163 Thread 0x000001ddc51e5800 Uncommon trap: reason=class_check action=maybe_recompile pc=0x000001ddc88a65b0 method=com.sun.tools.javac.comp.Lower.boxIfNeeded(Lcom/sun/tools/javac/tree/JCTree;Lcom/sun/tools/javac/code/Type;)Lcom/sun/tools/javac/tree/JCTree; @ 77
Event: 12.420 Thread 0x000001ddc51e5800 Uncommon trap: reason=unstable_if action=reinterpret pc=0x000001ddc78819a0 method=java.util.StringTokenizer.setMaxDelimCodePoint()V @ 71
Event: 12.420 Thread 0x000001ddc51e5800 Uncommon trap: reason=predicate action=maybe_recompile pc=0x000001ddc85625c0 method=java.util.StringTokenizer.skipDelimiters(I)I @ 17
Event: 12.420 Thread 0x000001ddc51e5800 Uncommon trap: reason=unstable_if action=reinterpret pc=0x000001ddc788263c method=java.util.StringTokenizer.scanToken(I)I @ 96
Event: 12.420 Thread 0x000001ddc51e5800 Uncommon trap: reason=predicate action=maybe_recompile pc=0x000001ddc7873cb0 method=java.util.StringTokenizer.skipDelimiters(I)I @ 17
Event: 12.971 Thread 0x000001dde54ae800 Uncommon trap: reason=unstable_if action=reinterpret pc=0x000001ddc7cd4c30 method=java.io.BufferedReader.readLine(Z)Ljava/lang/String; @ 265
Event: 13.448 Thread 0x000001dde54b4000 Uncommon trap: reason=null_check action=make_not_entrant pc=0x000001ddc7a04480 method=java.lang.StringCoding.deref(Ljava/lang/ThreadLocal;)Ljava/lang/Object; @ 4
Event: 18.002 Thread 0x000001dde54b4000 Uncommon trap: reason=unstable_if action=reinterpret pc=0x000001ddc85cba34 method=java.util.Formatter$FormatSpecifier.<init>(Ljava/util/Formatter;Ljava/util/regex/Matcher;)V @ 152

Classes redefined (0 events):
No events

Internal exceptions (10 events):
Event: 8.571 Thread 0x000001ddc51e5800 Exception <a 'java/lang/NoClassDefFoundError': org/apache/maven/doxia/sink/SinkEventAttributes> (0x0000000775533468) thrown at [C:\jenkins\workspace\8-2-build-windows-amd64-cygwin\jdk8u311\1894\hotspot\src\share\vm\classfile\systemDictionary.cpp, line 201
Event: 8.571 Thread 0x000001ddc51e5800 Exception <a 'java/lang/NoClassDefFoundError': org/apache/maven/doxia/sink/SinkEventAttributes> (0x00000007755409f0) thrown at [C:\jenkins\workspace\8-2-build-windows-amd64-cygwin\jdk8u311\1894\hotspot\src\share\vm\classfile\systemDictionary.cpp, line 201
Event: 8.573 Thread 0x000001ddc51e5800 Exception <a 'java/lang/NoClassDefFoundError': org/apache/maven/doxia/sink/SinkEventAttributes> (0x000000077555f3b0) thrown at [C:\jenkins\workspace\8-2-build-windows-amd64-cygwin\jdk8u311\1894\hotspot\src\share\vm\classfile\systemDictionary.cpp, line 201
Event: 8.746 Thread 0x000001ddc51e5800 Exception <a 'java/io/FileNotFoundException'> (0x00000007790738b8) thrown at [C:\jenkins\workspace\8-2-build-windows-amd64-cygwin\jdk8u311\1894\hotspot\src\share\vm\prims\jni.cpp, line 710]
Event: 8.746 Thread 0x000001ddc51e5800 Exception <a 'java/io/FileNotFoundException'> (0x00000007790753b8) thrown at [C:\jenkins\workspace\8-2-build-windows-amd64-cygwin\jdk8u311\1894\hotspot\src\share\vm\prims\jni.cpp, line 710]
Event: 10.431 Thread 0x000001ddc51e5800 Implicit null exception at 0x000001ddc6f540e6 to 0x000001ddc6f541ed
Event: 10.653 Thread 0x000001ddc51e5800 Exception <a 'java/io/FileNotFoundException'> (0x00000007761ec848) thrown at [C:\jenkins\workspace\8-2-build-windows-amd64-cygwin\jdk8u311\1894\hotspot\src\share\vm\prims\jni.cpp, line 710]
Event: 10.653 Thread 0x000001ddc51e5800 Exception <a 'java/io/FileNotFoundException'> (0x00000007761ee348) thrown at [C:\jenkins\workspace\8-2-build-windows-amd64-cygwin\jdk8u311\1894\hotspot\src\share\vm\prims\jni.cpp, line 710]
Event: 12.173 Thread 0x000001ddc51e5800 Exception <a 'java/lang/NoSuchMethodError': org.apache.maven.execution.MavenExecutionRequest.getFailureBehavior()Ljava/lang/String;> (0x000000077ff2fea8) thrown at [C:\jenkins\workspace\8-2-build-windows-amd64-cygwin\jdk8u311\1894\hotspot\src\share\vm\int
Event: 13.448 Thread 0x000001dde54b4000 Implicit null exception at 0x000001ddc7a03b4c to 0x000001ddc7a04465

Events (10 events):
Event: 18.000 loading class org/apache/maven/plugin/surefire/booterclient/output/InPluginProcessDumpSingleton done
Event: 18.000 loading class org/apache/maven/plugin/surefire/booterclient/output/InPluginProcessDumpSingleton
Event: 18.000 loading class org/apache/maven/plugin/surefire/booterclient/output/InPluginProcessDumpSingleton done
Event: 18.002 Thread 0x000001dde54b4000 Uncommon trap: trap_request=0xffffff65 fr.pc=0x000001ddc85cba34
Event: 18.002 Thread 0x000001dde54b4000 DEOPT PACKING pc=0x000001ddc85cba34 sp=0x000000201a9fe7b0
Event: 18.002 Thread 0x000001dde54b4000 DEOPT UNPACKING pc=0x000001ddc6c758c3 sp=0x000000201a9fe7b0 mode 2
Event: 18.006 loading class java/lang/Throwable$WrappedPrintWriter
Event: 18.006 loading class java/lang/Throwable$PrintStreamOrWriter
Event: 18.006 loading class java/lang/Throwable$PrintStreamOrWriter done
Event: 18.006 loading class java/lang/Throwable$WrappedPrintWriter done


Dynamic libraries:
0x00007ff689cb0000 - 0x00007ff689cf7000 	C:\Program Files\Java\jdk1.8.0_311\bin\java.exe
0x00007ffa6eee0000 - 0x00007ffa6f0e9000 	C:\WINDOWS\SYSTEM32\ntdll.dll
0x00007ffa6da80000 - 0x00007ffa6db3d000 	C:\WINDOWS\System32\KERNEL32.DLL
0x00007ffa6c5e0000 - 0x00007ffa6c954000 	C:\WINDOWS\System32\KERNELBASE.dll
0x00007ffa6d070000 - 0x00007ffa6d11e000 	C:\WINDOWS\System32\ADVAPI32.dll
0x00007ffa6edb0000 - 0x00007ffa6ee53000 	C:\WINDOWS\System32\msvcrt.dll
0x00007ffa6db40000 - 0x00007ffa6dbde000 	C:\WINDOWS\System32\sechost.dll
0x00007ffa6dde0000 - 0x00007ffa6df00000 	C:\WINDOWS\System32\RPCRT4.dll
0x00007ffa6d180000 - 0x00007ffa6d32c000 	C:\WINDOWS\System32\USER32.dll
0x00007ffa6c3d0000 - 0x00007ffa6c3f6000 	C:\WINDOWS\System32\win32u.dll
0x00007ffa6ea90000 - 0x00007ffa6eab9000 	C:\WINDOWS\System32\GDI32.dll
0x00007ffa6c4c0000 - 0x00007ffa6c5d2000 	C:\WINDOWS\System32\gdi32full.dll
0x00007ffa6cce0000 - 0x00007ffa6cd7d000 	C:\WINDOWS\System32\msvcp_win.dll
0x00007ffa6ca50000 - 0x00007ffa6cb61000 	C:\WINDOWS\System32\ucrtbase.dll
0x00007ffa52460000 - 0x00007ffa52705000 	C:\WINDOWS\WinSxS\amd64_microsoft.windows.common-controls_6595b64144ccf1df_6.0.22000.120_none_9d947278b86cc467\COMCTL32.dll
0x00007ffa6ee60000 - 0x00007ffa6ee91000 	C:\WINDOWS\System32\IMM32.DLL
0x00007ffa69870000 - 0x00007ffa69885000 	C:\Program Files\Java\jdk1.8.0_311\jre\bin\vcruntime140.dll
0x00007ffa58a20000 - 0x00007ffa58abb000 	C:\Program Files\Java\jdk1.8.0_311\jre\bin\msvcp140.dll
0x000000006d8d0000 - 0x000000006e130000 	C:\Program Files\Java\jdk1.8.0_311\jre\bin\server\jvm.dll
0x00007ffa6dcb0000 - 0x00007ffa6dcb8000 	C:\WINDOWS\System32\PSAPI.DLL
0x00007ffa67800000 - 0x00007ffa67809000 	C:\WINDOWS\SYSTEM32\WSOCK32.dll
0x00007ffa66410000 - 0x00007ffa66443000 	C:\WINDOWS\SYSTEM32\WINMM.dll
0x00007ffa6d4f0000 - 0x00007ffa6d55f000 	C:\WINDOWS\System32\WS2_32.dll
0x00007ffa67200000 - 0x00007ffa6720a000 	C:\WINDOWS\SYSTEM32\VERSION.dll
0x00007ffa6b5c0000 - 0x00007ffa6b5d8000 	C:\WINDOWS\SYSTEM32\kernel.appcore.dll
0x00007ffa698d0000 - 0x00007ffa698e0000 	C:\Program Files\Java\jdk1.8.0_311\jre\bin\verify.dll
0x00007ffa67890000 - 0x00007ffa678bb000 	C:\Program Files\Java\jdk1.8.0_311\jre\bin\java.dll
0x00007ffa67a50000 - 0x00007ffa67a68000 	C:\Program Files\Java\jdk1.8.0_311\jre\bin\zip.dll
0x00007ffa6e2e0000 - 0x00007ffa6ea8e000 	C:\WINDOWS\System32\SHELL32.dll
0x00007ffa6a550000 - 0x00007ffa6adb8000 	C:\WINDOWS\SYSTEM32\windows.storage.dll
0x00007ffa6df00000 - 0x00007ffa6e278000 	C:\WINDOWS\System32\combase.dll
0x00007ffa6a3e0000 - 0x00007ffa6a546000 	C:\WINDOWS\SYSTEM32\wintypes.dll
0x00007ffa6cd90000 - 0x00007ffa6ce7a000 	C:\WINDOWS\System32\SHCORE.dll
0x00007ffa6ebb0000 - 0x00007ffa6ec0d000 	C:\WINDOWS\System32\shlwapi.dll
0x00007ffa6c300000 - 0x00007ffa6c321000 	C:\WINDOWS\SYSTEM32\profapi.dll
0x0000000069ac0000 - 0x0000000069ae4000 	C:\apache-maven-3.8.5\lib\jansi-native\Windows\x86_64\jansi.dll
0x00007ffa665b0000 - 0x00007ffa665cc000 	C:\Program Files\Java\jdk1.8.0_311\jre\bin\net.dll
0x00007ffa6b9f0000 - 0x00007ffa6ba57000 	C:\WINDOWS\system32\mswsock.dll
0x00007ffa5b7e0000 - 0x00007ffa5b7f3000 	C:\Program Files\Java\jdk1.8.0_311\jre\bin\nio.dll
0x00007ffa69200000 - 0x00007ffa6920d000 	C:\Program Files\Java\jdk1.8.0_311\jre\bin\management.dll
0x00007ffa4c010000 - 0x00007ffa4c027000 	C:\WINDOWS\system32\napinsp.dll
0x00007ffa4bff0000 - 0x00007ffa4c00b000 	C:\WINDOWS\system32\pnrpnsp.dll
0x00007ffa6b160000 - 0x00007ffa6b247000 	C:\WINDOWS\SYSTEM32\DNSAPI.dll
0x00007ffa6b0f0000 - 0x00007ffa6b11d000 	C:\WINDOWS\SYSTEM32\IPHLPAPI.DLL
0x00007ffa6dca0000 - 0x00007ffa6dca9000 	C:\WINDOWS\System32\NSI.dll
0x00007ffa4bfd0000 - 0x00007ffa4bfe2000 	C:\WINDOWS\System32\winrnr.dll
0x00007ffa64900000 - 0x00007ffa64915000 	C:\WINDOWS\system32\wshbth.dll
0x00007ffa4bfb0000 - 0x00007ffa4bfcf000 	C:\WINDOWS\system32\nlansp_c.dll
0x00007ffa62930000 - 0x00007ffa6293a000 	C:\Windows\System32\rasadhlp.dll
0x00007ffa64730000 - 0x00007ffa647b1000 	C:\WINDOWS\System32\fwpuclnt.dll
0x00007ffa6bc30000 - 0x00007ffa6bc48000 	C:\WINDOWS\SYSTEM32\CRYPTSP.dll
0x00007ffa6b520000 - 0x00007ffa6b555000 	C:\WINDOWS\system32\rsaenh.dll
0x00007ffa6bae0000 - 0x00007ffa6bb09000 	C:\WINDOWS\SYSTEM32\USERENV.dll
0x00007ffa6bdb0000 - 0x00007ffa6bdd7000 	C:\WINDOWS\SYSTEM32\bcrypt.dll
0x00007ffa6c960000 - 0x00007ffa6c9df000 	C:\WINDOWS\System32\bcryptprimitives.dll
0x00007ffa6bc50000 - 0x00007ffa6bc5c000 	C:\WINDOWS\SYSTEM32\CRYPTBASE.dll
0x00007ffa66450000 - 0x00007ffa66469000 	C:\WINDOWS\SYSTEM32\dhcpcsvc6.DLL
0x00007ffa67210000 - 0x00007ffa6722e000 	C:\WINDOWS\SYSTEM32\dhcpcsvc.DLL

VM Arguments:
jvm_args: -Dclassworlds.conf=C:/apache-maven-3.8.5/bin/m2.conf -Dmaven.home=C:/apache-maven-3.8.5 -Dlibrary.jansi.path=C:/apache-maven-3.8.5/lib/jansi-native -Dmaven.multiModuleProjectDirectory=C:/Users/happy/aline-capstone/aline-underwriter-mircoservice-RY 
java_command: org.codehaus.plexus.classworlds.launcher.Launcher clean install -U
java_class_path (initial): C:/apache-maven-3.8.5/boot/plexus-classworlds-2.6.0.jar
Launcher Type: SUN_STANDARD

Environment Variables:
JAVA_HOME=C:/Program Files/Java/jdk1.8.0_311
PATH=C:\Program Files\Git\mingw64\bin;C:\Program Files\Git\usr\bin;C:\Users\happy\bin;E:\dev\aline_capstone\virtual\Scripts;C:\Program Files\Common Files\Oracle\Java\javapath;C:\Program Files (x86)\Common Files\Oracle\Java\javapath;C:\Python310\Scripts;C:\Python310;C:\Windows\system32;C:\Windows;C:\Windows\System32\Wbem;C:\Windows\System32\WindowsPowerShell\v1.0;C:\Windows\System32\OpenSSH;C:\Program Files\NVIDIA Corporation\NVIDIA NvDLISR;C:\Program Files (x86)\NVIDIA Corporation\PhysX\Common;C:\Program Files\Git\cmd;C:\Program Files\nodejs;C:\ProgramData\chocolatey\bin;C:\WINDOWS\system32;C:\WINDOWS;C:\WINDOWS\System32\Wbem;C:\WINDOWS\System32\WindowsPowerShell\v1.0;C:\WINDOWS\System32\OpenSSH;C:\HashiCorp\Vagrant\bin;C:\Program Files\PuTTY;C:\Program Files\MySQL\MySQL Shell 8.0\bin;C:\Users\happy\AppData\Local\Microsoft\WindowsApps;C:\Users\happy\AppData\Local\Programs\Microsoft VS Code\bin;C:\Users\happy\AppData\Roaming\npm;C:\Program Files\Java\jdk1.8.0_311;C:\apache-maven-3.8.5\bin
USERNAME=happy
OS=Windows_NT
PROCESSOR_IDENTIFIER=Intel64 Family 6 Model 165 Stepping 2, GenuineIntel



---------------  S Y S T E M  ---------------

OS: Windows 10.0 , 64 bit Build 22000 (10.0.22000.434)

CPU:total 8 (initial active 8) (4 cores per cpu, 2 threads per core) family 6 model 165 stepping 2, cmov, cx8, fxsr, mmx, sse, sse2, sse3, ssse3, sse4.1, sse4.2, popcnt, avx, avx2, aes, clmul, erms, 3dnowpref, lzcnt, ht, tsc, tscinvbit, bmi1, bmi2, adx

Memory: 4k page, physical 16593196k(4385952k free), swap 19584300k(5128k free)

vm_info: Java HotSpot(TM) 64-Bit Server VM (25.311-b11) for windows-amd64 JRE (1.8.0_311-b11), built on Sep 27 2021 05:15:14 by "java_re" with MS VC++ 15.9 (VS2017)

time: Tue Apr 12 20:38:34 2022
timezone: Mountain Daylight Time
elapsed time: 18.015715 seconds (0d 0h 0m 18s)

