#
# There is insufficient memory for the Java Runtime Environment to continue.
# Native memory allocation (malloc) failed to allocate 1772528 bytes for Chunk::new
# Possible reasons:
#   The system is out of physical RAM or swap space
#   The process is running with CompressedOops enabled, and the Java Heap may be blocking the growth of the native heap
# Possible solutions:
#   Reduce memory load on the system
#   Increase physical memory or swap space
#   Check if swap backing store is full
#   Decrease Java heap size (-Xmx/-Xms)
#   Decrease number of Java threads
#   Decrease Java thread stack sizes (-Xss)
#   Set larger code cache with -XX:ReservedCodeCacheSize=
#   JVM is running with Zero Based Compressed Oops mode in which the Java heap is
#     placed in the first 32GB address space. The Java Heap base address is the
#     maximum limit for the native heap growth. Please use -XX:HeapBaseMinAddress
#     to set the Java Heap base and to place the Java Heap above 32GB virtual address.
# This output file may be truncated or incomplete.
#
#  Out of Memory Error (allocation.cpp:389), pid=3356, tid=0x0000000000003a70
#
# JRE version: Java(TM) SE Runtime Environment (8.0_311-b11) (build 1.8.0_311-b11)
# Java VM: Java HotSpot(TM) 64-Bit Server VM (25.311-b11 mixed mode windows-amd64 compressed oops)
# Failed to write core dump. Minidumps are not enabled by default on client versions of Windows
#

---------------  T H R E A D  ---------------

Current thread (0x000002b619fc4000):  JavaThread "C2 CompilerThread2" daemon [_thread_in_native, id=14960, stack(0x000000fce1800000,0x000000fce1900000)]

Stack: [0x000000fce1800000,0x000000fce1900000]
Native frames: (J=compiled Java code, j=interpreted, Vv=VM code, C=native code)
V  [jvm.dll+0x32f239]
V  [jvm.dll+0x275882]
V  [jvm.dll+0x27652d]
V  [jvm.dll+0x26cf65]
V  [jvm.dll+0xd558c]
V  [jvm.dll+0xd5d8c]
V  [jvm.dll+0x470b65]
V  [jvm.dll+0x4383c8]
V  [jvm.dll+0x441215]
V  [jvm.dll+0x4405d5]
V  [jvm.dll+0x42b38b]
V  [jvm.dll+0xac22b]
V  [jvm.dll+0xaa88b]
V  [jvm.dll+0x23df22]
V  [jvm.dll+0x29253c]
C  [ucrtbase.dll+0x26c0c]
C  [KERNEL32.DLL+0x154e0]
C  [ntdll.dll+0x485b]


Current CompileTask:
C2:   5529 4977       4       org.springframework.core.ResolvableType::as (141 bytes)


---------------  P R O C E S S  ---------------

Java Threads: ( => current thread )
  0x000002b619b20800 JavaThread "spring.cloud.inetutils" daemon [_thread_in_native, id=14048, stack(0x000000fce1e00000,0x000000fce1f00000)]
  0x000002b61a38d000 JavaThread "surefire-forkedjvm-ping-30s" daemon [_thread_blocked, id=2012, stack(0x000000fce1d00000,0x000000fce1e00000)]
  0x000002b61ad66000 JavaThread "surefire-forkedjvm-command-thread" daemon [_thread_in_native, id=6032, stack(0x000000fce1c00000,0x000000fce1d00000)]
  0x000002b619f98000 JavaThread "Service Thread" daemon [_thread_blocked, id=7288, stack(0x000000fce1a00000,0x000000fce1b00000)]
  0x000002b619f45800 JavaThread "C1 CompilerThread3" daemon [_thread_blocked, id=13732, stack(0x000000fce1900000,0x000000fce1a00000)]
=>0x000002b619fc4000 JavaThread "C2 CompilerThread2" daemon [_thread_in_native, id=14960, stack(0x000000fce1800000,0x000000fce1900000)]
  0x000002b619fc3000 JavaThread "C2 CompilerThread1" daemon [_thread_in_native, id=4976, stack(0x000000fce1700000,0x000000fce1800000)]
  0x000002b619fc2800 JavaThread "C2 CompilerThread0" daemon [_thread_in_native, id=3240, stack(0x000000fce1600000,0x000000fce1700000)]
  0x000002b617923000 JavaThread "Attach Listener" daemon [_thread_blocked, id=3248, stack(0x000000fce1500000,0x000000fce1600000)]
  0x000002b61791e000 JavaThread "Signal Dispatcher" daemon [_thread_blocked, id=18648, stack(0x000000fce1400000,0x000000fce1500000)]
  0x000002b6178f9000 JavaThread "Finalizer" daemon [_thread_blocked, id=13972, stack(0x000000fce1300000,0x000000fce1400000)]
  0x000002b6178ef800 JavaThread "Reference Handler" daemon [_thread_blocked, id=19428, stack(0x000000fce1200000,0x000000fce1300000)]
  0x000002b67cc2d000 JavaThread "main" [_thread_in_native, id=1052, stack(0x000000fce0800000,0x000000fce0900000)]

Other Threads:
  0x000002b6178c5800 VMThread [stack: 0x000000fce1100000,0x000000fce1200000] [id=14160]
  0x000002b619e6f000 WatcherThread [stack: 0x000000fce1b00000,0x000000fce1c00000] [id=992]

VM state:not at safepoint (normal execution)

VM Mutex/Monitor currently owned by a thread: None

heap address: 0x00000006c2c00000, size: 4052 MB, Compressed Oops mode: Zero based, Oop shift amount: 3
Narrow klass base: 0x0000000000000000, Narrow klass shift: 3
Compressed class space size: 1073741824 Address: 0x00000007c0000000

Heap:
 PSYoungGen      total 223744K, used 59022K [0x000000076b980000, 0x000000077d080000, 0x00000007c0000000)
  eden space 215552K, 23% used [0x000000076b980000,0x000000076eb2a160,0x0000000778c00000)
  from space 8192K, 99% used [0x0000000778c00000,0x00000007793f97e0,0x0000000779400000)
  to   space 9728K, 0% used [0x000000077c700000,0x000000077c700000,0x000000077d080000)
 ParOldGen       total 100864K, used 15474K [0x00000006c2c00000, 0x00000006c8e80000, 0x000000076b980000)
  object space 100864K, 15% used [0x00000006c2c00000,0x00000006c3b1c978,0x00000006c8e80000)
 Metaspace       used 39814K, capacity 42108K, committed 42240K, reserved 1085440K
  class space    used 4808K, capacity 5253K, committed 5376K, reserved 1048576K

Card table byte_map: [0x000002b67e9b0000,0x000002b67f1a0000] byte_map_base: 0x000002b67b39a000

Marking Bits: (ParMarkBitMap*) 0x000000006e0b8030
 Begin Bits: [0x000002b60f000000, 0x000002b612f50000)
 End Bits:   [0x000002b612f50000, 0x000002b616ea0000)

Polling page: 0x000002b67ce00000

CodeCache: size=245760Kb used=17373Kb max_used=17970Kb free=228386Kb
 bounds [0x000002b600000000, 0x000002b6011a0000, 0x000002b60f000000]
 total_blobs=4817 nmethods=4407 adapters=322
 compilation: enabled

Compilation events (10 events):
Event: 5.513 Thread 0x000002b619f45800 nmethod 5018 0x000002b600aec910 code [0x000002b600aeca80, 0x000002b600aecc90]
Event: 5.513 Thread 0x000002b619f45800 5020       3       org.springframework.asm.ByteVector::putShort (82 bytes)
Event: 5.513 Thread 0x000002b619f45800 nmethod 5020 0x000002b6004b2a10 code [0x000002b6004b2ba0, 0x000002b6004b2ee0]
Event: 5.513 Thread 0x000002b619f45800 5019       3       org.springframework.asm.SymbolTable::hash (20 bytes)
Event: 5.513 Thread 0x000002b619f45800 nmethod 5019 0x000002b6002a6550 code [0x000002b6002a66c0, 0x000002b6002a6940]
Event: 5.513 Thread 0x000002b619f45800 5017       3       org.springframework.asm.Label::getCanonicalInstance (36 bytes)
Event: 5.513 Thread 0x000002b619f45800 nmethod 5017 0x000002b600352e90 code [0x000002b600353000, 0x000002b600353270]
Event: 5.515 Thread 0x000002b619fc2800 5021       4       org.jacoco.agent.rt.internal_035b120.asm.commons.AnalyzerAdapter::visitFrame (137 bytes)
Event: 5.515 Thread 0x000002b619f45800 5022       3       org.springframework.cglib.core.Signature::$jacocoInit (52 bytes)
Event: 5.516 Thread 0x000002b619f45800 nmethod 5022 0x000002b6003d36d0 code [0x000002b6003d38a0, 0x000002b6003d4140]

GC Heap History (10 events):
Event: 3.992 GC heap before
{Heap before GC invocations=11 (full 1):
 PSYoungGen      total 111616K, used 110187K [0x000000076b980000, 0x0000000775900000, 0x00000007c0000000)
  eden space 103424K, 99% used [0x000000076b980000,0x0000000771e7aaf0,0x0000000771e80000)
  from space 8192K, 82% used [0x0000000771e80000,0x00000007725203d0,0x0000000772680000)
  to   space 8704K, 0% used [0x0000000775080000,0x0000000775080000,0x0000000775900000)
 ParOldGen       total 100864K, used 7444K [0x00000006c2c00000, 0x00000006c8e80000, 0x000000076b980000)
  object space 100864K, 7% used [0x00000006c2c00000,0x00000006c33450f8,0x00000006c8e80000)
 Metaspace       used 30484K, capacity 32280K, committed 32512K, reserved 1077248K
  class space    used 3692K, capacity 4055K, committed 4096K, reserved 1048576K
Event: 3.998 GC heap after
Heap after GC invocations=11 (full 1):
 PSYoungGen      total 155136K, used 5204K [0x000000076b980000, 0x0000000775e00000, 0x00000007c0000000)
  eden space 146432K, 0% used [0x000000076b980000,0x000000076b980000,0x0000000774880000)
  from space 8704K, 59% used [0x0000000775080000,0x00000007755951d0,0x0000000775900000)
  to   space 8192K, 0% used [0x0000000774880000,0x0000000774880000,0x0000000775080000)
 ParOldGen       total 100864K, used 8976K [0x00000006c2c00000, 0x00000006c8e80000, 0x000000076b980000)
  object space 100864K, 8% used [0x00000006c2c00000,0x00000006c34c4138,0x00000006c8e80000)
 Metaspace       used 30484K, capacity 32280K, committed 32512K, reserved 1077248K
  class space    used 3692K, capacity 4055K, committed 4096K, reserved 1048576K
}
Event: 4.150 GC heap before
{Heap before GC invocations=12 (full 1):
 PSYoungGen      total 155136K, used 151636K [0x000000076b980000, 0x0000000775e00000, 0x00000007c0000000)
  eden space 146432K, 100% used [0x000000076b980000,0x0000000774880000,0x0000000774880000)
  from space 8704K, 59% used [0x0000000775080000,0x00000007755951d0,0x0000000775900000)
  to   space 8192K, 0% used [0x0000000774880000,0x0000000774880000,0x0000000775080000)
 ParOldGen       total 100864K, used 8976K [0x00000006c2c00000, 0x00000006c8e80000, 0x000000076b980000)
  object space 100864K, 8% used [0x00000006c2c00000,0x00000006c34c4138,0x00000006c8e80000)
 Metaspace       used 32548K, capacity 34400K, committed 34560K, reserved 1079296K
  class space    used 3924K, capacity 4289K, committed 4352K, reserved 1048576K
Event: 4.155 GC heap after
Heap after GC invocations=12 (full 1):
 PSYoungGen      total 154624K, used 4954K [0x000000076b980000, 0x0000000779c00000, 0x00000007c0000000)
  eden space 146432K, 0% used [0x000000076b980000,0x000000076b980000,0x0000000774880000)
  from space 8192K, 60% used [0x0000000774880000,0x0000000774d56bf8,0x0000000775080000)
  to   space 8192K, 0% used [0x0000000779400000,0x0000000779400000,0x0000000779c00000)
 ParOldGen       total 100864K, used 11796K [0x00000006c2c00000, 0x00000006c8e80000, 0x000000076b980000)
  object space 100864K, 11% used [0x00000006c2c00000,0x00000006c3785328,0x00000006c8e80000)
 Metaspace       used 32548K, capacity 34400K, committed 34560K, reserved 1079296K
  class space    used 3924K, capacity 4289K, committed 4352K, reserved 1048576K
}
Event: 4.252 GC heap before
{Heap before GC invocations=13 (full 1):
 PSYoungGen      total 154624K, used 38084K [0x000000076b980000, 0x0000000779c00000, 0x00000007c0000000)
  eden space 146432K, 22% used [0x000000076b980000,0x000000076d9da4e0,0x0000000774880000)
  from space 8192K, 60% used [0x0000000774880000,0x0000000774d56bf8,0x0000000775080000)
  to   space 8192K, 0% used [0x0000000779400000,0x0000000779400000,0x0000000779c00000)
 ParOldGen       total 100864K, used 11796K [0x00000006c2c00000, 0x00000006c8e80000, 0x000000076b980000)
  object space 100864K, 11% used [0x00000006c2c00000,0x00000006c3785328,0x00000006c8e80000)
 Metaspace       used 33460K, capacity 35296K, committed 35456K, reserved 1081344K
  class space    used 4044K, capacity 4417K, committed 4480K, reserved 1048576K
Event: 4.256 GC heap after
Heap after GC invocations=13 (full 1):
 PSYoungGen      total 223744K, used 1649K [0x000000076b980000, 0x0000000779e00000, 0x00000007c0000000)
  eden space 215552K, 0% used [0x000000076b980000,0x000000076b980000,0x0000000778c00000)
  from space 8192K, 20% used [0x0000000779400000,0x000000077959c488,0x0000000779c00000)
  to   space 8192K, 0% used [0x0000000778c00000,0x0000000778c00000,0x0000000779400000)
 ParOldGen       total 100864K, used 14265K [0x00000006c2c00000, 0x00000006c8e80000, 0x000000076b980000)
  object space 100864K, 14% used [0x00000006c2c00000,0x00000006c39ee760,0x00000006c8e80000)
 Metaspace       used 33460K, capacity 35296K, committed 35456K, reserved 1081344K
  class space    used 4044K, capacity 4417K, committed 4480K, reserved 1048576K
}
Event: 4.256 GC heap before
{Heap before GC invocations=14 (full 2):
 PSYoungGen      total 223744K, used 1649K [0x000000076b980000, 0x0000000779e00000, 0x00000007c0000000)
  eden space 215552K, 0% used [0x000000076b980000,0x000000076b980000,0x0000000778c00000)
  from space 8192K, 20% used [0x0000000779400000,0x000000077959c488,0x0000000779c00000)
  to   space 8192K, 0% used [0x0000000778c00000,0x0000000778c00000,0x0000000779400000)
 ParOldGen       total 100864K, used 14265K [0x00000006c2c00000, 0x00000006c8e80000, 0x000000076b980000)
  object space 100864K, 14% used [0x00000006c2c00000,0x00000006c39ee760,0x00000006c8e80000)
 Metaspace       used 33460K, capacity 35296K, committed 35456K, reserved 1081344K
  class space    used 4044K, capacity 4417K, committed 4480K, reserved 1048576K
Event: 4.334 GC heap after
Heap after GC invocations=14 (full 2):
 PSYoungGen      total 223744K, used 0K [0x000000076b980000, 0x0000000779e00000, 0x00000007c0000000)
  eden space 215552K, 0% used [0x000000076b980000,0x000000076b980000,0x0000000778c00000)
  from space 8192K, 0% used [0x0000000779400000,0x0000000779400000,0x0000000779c00000)
  to   space 8192K, 0% used [0x0000000778c00000,0x0000000778c00000,0x0000000779400000)
 ParOldGen       total 100864K, used 14093K [0x00000006c2c00000, 0x00000006c8e80000, 0x000000076b980000)
  object space 100864K, 13% used [0x00000006c2c00000,0x00000006c39c3588,0x00000006c8e80000)
 Metaspace       used 33460K, capacity 35296K, committed 35456K, reserved 1081344K
  class space    used 4044K, capacity 4417K, committed 4480K, reserved 1048576K
}
Event: 5.263 GC heap before
{Heap before GC invocations=15 (full 2):
 PSYoungGen      total 223744K, used 215552K [0x000000076b980000, 0x0000000779e00000, 0x00000007c0000000)
  eden space 215552K, 100% used [0x000000076b980000,0x0000000778c00000,0x0000000778c00000)
  from space 8192K, 0% used [0x0000000779400000,0x0000000779400000,0x0000000779c00000)
  to   space 8192K, 0% used [0x0000000778c00000,0x0000000778c00000,0x0000000779400000)
 ParOldGen       total 100864K, used 14093K [0x00000006c2c00000, 0x00000006c8e80000, 0x000000076b980000)
  object space 100864K, 13% used [0x00000006c2c00000,0x00000006c39c3588,0x00000006c8e80000)
 Metaspace       used 38391K, capacity 40686K, committed 40960K, reserved 1085440K
  class space    used 4633K, capacity 5058K, committed 5120K, reserved 1048576K
Event: 5.269 GC heap after
Heap after GC invocations=15 (full 2):
 PSYoungGen      total 223744K, used 8165K [0x000000076b980000, 0x000000077d080000, 0x00000007c0000000)
  eden space 215552K, 0% used [0x000000076b980000,0x000000076b980000,0x0000000778c00000)
  from space 8192K, 99% used [0x0000000778c00000,0x00000007793f97e0,0x0000000779400000)
  to   space 9728K, 0% used [0x000000077c700000,0x000000077c700000,0x000000077d080000)
 ParOldGen       total 100864K, used 15474K [0x00000006c2c00000, 0x00000006c8e80000, 0x000000076b980000)
  object space 100864K, 15% used [0x00000006c2c00000,0x00000006c3b1c978,0x00000006c8e80000)
 Metaspace       used 38391K, capacity 40686K, committed 40960K, reserved 1085440K
  class space    used 4633K, capacity 5058K, committed 5120K, reserved 1048576K
}

Deoptimization events (10 events):
Event: 5.155 Thread 0x000002b67cc2d000 Uncommon trap: reason=unstable_if action=reinterpret pc=0x000002b6002a2e40 method=org.jacoco.agent.rt.internal_035b120.asm.ClassReader.readField(Lorg/jacoco/agent/rt/internal_035b120/asm/ClassVisitor;Lorg/jacoco/agent/rt/internal_035b120/asm/Context;I)I @
Event: 5.155 Thread 0x000002b67cc2d000 Uncommon trap: reason=unstable_if action=reinterpret pc=0x000002b600d5a550 method=org.jacoco.agent.rt.internal_035b120.asm.ClassReader.readMethod(Lorg/jacoco/agent/rt/internal_035b120/asm/ClassVisitor;Lorg/jacoco/agent/rt/internal_035b120/asm/Context;I)I 
Event: 5.155 Thread 0x000002b67cc2d000 Uncommon trap: reason=unstable_if action=reinterpret pc=0x000002b600d7b8ec method=org.jacoco.agent.rt.internal_035b120.asm.AnnotationWriter.computeAnnotationsSize(Lorg/jacoco/agent/rt/internal_035b120/asm/AnnotationWriter;Lorg/jacoco/agent/rt/internal_035
Event: 5.189 Thread 0x000002b67cc2d000 Uncommon trap: reason=bimorphic action=maybe_recompile pc=0x000002b60071eaf0 method=org.jacoco.agent.rt.internal_035b120.asm.tree.FrameNode.accept(Lorg/jacoco/agent/rt/internal_035b120/asm/MethodVisitor;)V @ 81
Event: 5.199 Thread 0x000002b67cc2d000 Uncommon trap: reason=unstable_if action=reinterpret pc=0x000002b6005693dc method=java.util.stream.StreamOpFlag.getMask(I)I @ 1
Event: 5.199 Thread 0x000002b67cc2d000 Uncommon trap: reason=unstable_if action=reinterpret pc=0x000002b6001d65e0 method=java.util.stream.StreamOpFlag.getMask(I)I @ 1
Event: 5.385 Thread 0x000002b67cc2d000 Uncommon trap: reason=unstable_if action=reinterpret pc=0x000002b60021dc2c method=org.springframework.core.ResolvableType.isInstance(Ljava/lang/Object;)Z @ 24
Event: 5.441 Thread 0x000002b67cc2d000 Uncommon trap: reason=unstable_if action=reinterpret pc=0x000002b600147e0c method=java.lang.ThreadLocal$ThreadLocalMap.getEntry(Ljava/lang/ThreadLocal;)Ljava/lang/ThreadLocal$ThreadLocalMap$Entry; @ 29
Event: 5.514 Thread 0x000002b67cc2d000 Uncommon trap: reason=unstable_if action=reinterpret pc=0x000002b60052ee38 method=org.jacoco.agent.rt.internal_035b120.core.internal.flow.LabelFlowAnalyzer.markMethodInvocationLine()V @ 4
Event: 5.515 Thread 0x000002b67cc2d000 Uncommon trap: reason=unstable_if action=reinterpret pc=0x000002b6004f876c method=org.jacoco.agent.rt.internal_035b120.core.internal.instr.ProbeInserter.visitFrame(II[Ljava/lang/Object;I[Ljava/lang/Object;)V @ 82

Classes redefined (0 events):
No events

Internal exceptions (10 events):
Event: 5.199 Thread 0x000002b67cc2d000 Exception <a 'java/lang/NullPointerException'> (0x00000007783c4c90) thrown at [C:\jenkins\workspace\8-2-build-windows-amd64-cygwin\jdk8u311\1894\hotspot\src\share\vm\runtime\sharedRuntime.cpp, line 609]
Event: 5.199 Thread 0x000002b67cc2d000 Implicit null exception at 0x000002b60027f5c8 to 0x000002b60027fdde
Event: 5.199 Thread 0x000002b67cc2d000 Exception <a 'java/lang/NullPointerException'> (0x00000007783c8840) thrown at [C:\jenkins\workspace\8-2-build-windows-amd64-cygwin\jdk8u311\1894\hotspot\src\share\vm\runtime\sharedRuntime.cpp, line 609]
Event: 5.355 Thread 0x000002b67cc2d000 Implicit null exception at 0x000002b60027f5c8 to 0x000002b60027fdde
Event: 5.355 Thread 0x000002b67cc2d000 Exception <a 'java/lang/NullPointerException'> (0x000000076cb3cf18) thrown at [C:\jenkins\workspace\8-2-build-windows-amd64-cygwin\jdk8u311\1894\hotspot\src\share\vm\runtime\sharedRuntime.cpp, line 609]
Event: 5.401 Thread 0x000002b67cc2d000 Implicit null exception at 0x000002b60027f5c8 to 0x000002b60027fdde
Event: 5.401 Thread 0x000002b67cc2d000 Exception <a 'java/lang/NullPointerException'> (0x000000076d6207e8) thrown at [C:\jenkins\workspace\8-2-build-windows-amd64-cygwin\jdk8u311\1894\hotspot\src\share\vm\runtime\sharedRuntime.cpp, line 609]
Event: 5.407 Thread 0x000002b67cc2d000 Implicit null exception at 0x000002b60027f5c8 to 0x000002b60027fdde
Event: 5.407 Thread 0x000002b67cc2d000 Exception <a 'java/lang/NullPointerException'> (0x000000076d6ec7f8) thrown at [C:\jenkins\workspace\8-2-build-windows-amd64-cygwin\jdk8u311\1894\hotspot\src\share\vm\runtime\sharedRuntime.cpp, line 609]
Event: 5.514 Thread 0x000002b67cc2d000 Implicit null exception at 0x000002b60052ed58 to 0x000002b60052ee25

Events (10 events):
Event: 5.514 Thread 0x000002b67cc2d000 Uncommon trap: trap_request=0xffffff65 fr.pc=0x000002b60052ee38
Event: 5.514 Thread 0x000002b67cc2d000 DEOPT PACKING pc=0x000002b60052ee38 sp=0x000000fce08f9800
Event: 5.514 Thread 0x000002b67cc2d000 DEOPT UNPACKING pc=0x000002b6000458c3 sp=0x000000fce08f9720 mode 2
Event: 5.515 Thread 0x000002b67cc2d000 Uncommon trap: trap_request=0xffffff65 fr.pc=0x000002b6004f876c
Event: 5.515 Thread 0x000002b67cc2d000 DEOPT PACKING pc=0x000002b6004f876c sp=0x000000fce08f9590
Event: 5.515 Thread 0x000002b67cc2d000 DEOPT UNPACKING pc=0x000002b6000458c3 sp=0x000000fce08f9508 mode 2
Event: 5.515 loading class org/springframework/cglib/core/SpringNamingPolicy
Event: 5.515 loading class org/springframework/cglib/core/SpringNamingPolicy done
Event: 5.516 loading class org/springframework/context/annotation/ConfigurationClassEnhancer$BeanFactoryAwareGeneratorStrategy
Event: 5.516 loading class org/springframework/context/annotation/ConfigurationClassEnhancer$BeanFactoryAwareGeneratorStrategy done


Dynamic libraries:
0x00007ff736820000 - 0x00007ff736867000 	C:\Program Files\Java\jdk1.8.0_311\jre\bin\java.exe
0x00007ffa6eee0000 - 0x00007ffa6f0e9000 	C:\WINDOWS\SYSTEM32\ntdll.dll
0x00007ffa6da80000 - 0x00007ffa6db3d000 	C:\WINDOWS\System32\KERNEL32.DLL
0x00007ffa6c5e0000 - 0x00007ffa6c954000 	C:\WINDOWS\System32\KERNELBASE.dll
0x00007ffa6d070000 - 0x00007ffa6d11e000 	C:\WINDOWS\System32\ADVAPI32.dll
0x00007ffa6edb0000 - 0x00007ffa6ee53000 	C:\WINDOWS\System32\msvcrt.dll
0x00007ffa6db40000 - 0x00007ffa6dbde000 	C:\WINDOWS\System32\sechost.dll
0x00007ffa6dde0000 - 0x00007ffa6df00000 	C:\WINDOWS\System32\RPCRT4.dll
0x00007ffa6d180000 - 0x00007ffa6d32c000 	C:\WINDOWS\System32\USER32.dll
0x00007ffa6c3d0000 - 0x00007ffa6c3f6000 	C:\WINDOWS\System32\win32u.dll
0x00007ffa6ea90000 - 0x00007ffa6eab9000 	C:\WINDOWS\System32\GDI32.dll
0x00007ffa6c4c0000 - 0x00007ffa6c5d2000 	C:\WINDOWS\System32\gdi32full.dll
0x00007ffa6cce0000 - 0x00007ffa6cd7d000 	C:\WINDOWS\System32\msvcp_win.dll
0x00007ffa6ca50000 - 0x00007ffa6cb61000 	C:\WINDOWS\System32\ucrtbase.dll
0x00007ffa52460000 - 0x00007ffa52705000 	C:\WINDOWS\WinSxS\amd64_microsoft.windows.common-controls_6595b64144ccf1df_6.0.22000.120_none_9d947278b86cc467\COMCTL32.dll
0x00007ffa6ee60000 - 0x00007ffa6ee91000 	C:\WINDOWS\System32\IMM32.DLL
0x00007ffa69870000 - 0x00007ffa69885000 	C:\Program Files\Java\jdk1.8.0_311\jre\bin\vcruntime140.dll
0x00007ffa58a20000 - 0x00007ffa58abb000 	C:\Program Files\Java\jdk1.8.0_311\jre\bin\msvcp140.dll
0x000000006d8d0000 - 0x000000006e130000 	C:\Program Files\Java\jdk1.8.0_311\jre\bin\server\jvm.dll
0x00007ffa6dcb0000 - 0x00007ffa6dcb8000 	C:\WINDOWS\System32\PSAPI.DLL
0x00007ffa66410000 - 0x00007ffa66443000 	C:\WINDOWS\SYSTEM32\WINMM.dll
0x00007ffa67800000 - 0x00007ffa67809000 	C:\WINDOWS\SYSTEM32\WSOCK32.dll
0x00007ffa6d4f0000 - 0x00007ffa6d55f000 	C:\WINDOWS\System32\WS2_32.dll
0x00007ffa67200000 - 0x00007ffa6720a000 	C:\WINDOWS\SYSTEM32\VERSION.dll
0x00007ffa6b5c0000 - 0x00007ffa6b5d8000 	C:\WINDOWS\SYSTEM32\kernel.appcore.dll
0x00007ffa698d0000 - 0x00007ffa698e0000 	C:\Program Files\Java\jdk1.8.0_311\jre\bin\verify.dll
0x00007ffa67890000 - 0x00007ffa678bb000 	C:\Program Files\Java\jdk1.8.0_311\jre\bin\java.dll
0x00007ffa5a570000 - 0x00007ffa5a5a0000 	C:\Program Files\Java\jdk1.8.0_311\jre\bin\instrument.dll
0x00007ffa67a50000 - 0x00007ffa67a68000 	C:\Program Files\Java\jdk1.8.0_311\jre\bin\zip.dll
0x00007ffa6e2e0000 - 0x00007ffa6ea8e000 	C:\WINDOWS\System32\SHELL32.dll
0x00007ffa6a550000 - 0x00007ffa6adb8000 	C:\WINDOWS\SYSTEM32\windows.storage.dll
0x00007ffa6df00000 - 0x00007ffa6e278000 	C:\WINDOWS\System32\combase.dll
0x00007ffa6a3e0000 - 0x00007ffa6a546000 	C:\WINDOWS\SYSTEM32\wintypes.dll
0x00007ffa6cd90000 - 0x00007ffa6ce7a000 	C:\WINDOWS\System32\SHCORE.dll
0x00007ffa6ebb0000 - 0x00007ffa6ec0d000 	C:\WINDOWS\System32\shlwapi.dll
0x00007ffa6c300000 - 0x00007ffa6c321000 	C:\WINDOWS\SYSTEM32\profapi.dll
0x00007ffa665b0000 - 0x00007ffa665cc000 	C:\Program Files\Java\jdk1.8.0_311\jre\bin\net.dll
0x00007ffa6b9f0000 - 0x00007ffa6ba57000 	C:\WINDOWS\system32\mswsock.dll
0x00007ffa4c010000 - 0x00007ffa4c027000 	C:\WINDOWS\system32\napinsp.dll
0x00007ffa4bff0000 - 0x00007ffa4c00b000 	C:\WINDOWS\system32\pnrpnsp.dll
0x00007ffa6b160000 - 0x00007ffa6b247000 	C:\WINDOWS\SYSTEM32\DNSAPI.dll
0x00007ffa6b0f0000 - 0x00007ffa6b11d000 	C:\WINDOWS\SYSTEM32\IPHLPAPI.DLL
0x00007ffa6dca0000 - 0x00007ffa6dca9000 	C:\WINDOWS\System32\NSI.dll
0x00007ffa4bfd0000 - 0x00007ffa4bfe2000 	C:\WINDOWS\System32\winrnr.dll
0x00007ffa64900000 - 0x00007ffa64915000 	C:\WINDOWS\system32\wshbth.dll
0x00007ffa4bfb0000 - 0x00007ffa4bfcf000 	C:\WINDOWS\system32\nlansp_c.dll
0x00007ffa62930000 - 0x00007ffa6293a000 	C:\Windows\System32\rasadhlp.dll
0x00007ffa64730000 - 0x00007ffa647b1000 	C:\WINDOWS\System32\fwpuclnt.dll
0x00007ffa5b7e0000 - 0x00007ffa5b7f3000 	C:\Program Files\Java\jdk1.8.0_311\jre\bin\nio.dll
0x00007ffa69200000 - 0x00007ffa6920d000 	C:\Program Files\Java\jdk1.8.0_311\jre\bin\management.dll
0x00007ffa66450000 - 0x00007ffa66469000 	C:\WINDOWS\SYSTEM32\dhcpcsvc6.DLL
0x00007ffa67210000 - 0x00007ffa6722e000 	C:\WINDOWS\SYSTEM32\dhcpcsvc.DLL
0x00007ffa63170000 - 0x00007ffa63391000 	C:\WINDOWS\SYSTEM32\dbghelp.dll
0x00007ffa6c960000 - 0x00007ffa6c9df000 	C:\WINDOWS\System32\bcryptPrimitives.dll

VM Arguments:
jvm_args: -javaagent:C:\\Users\\happy\\.m2\\repository\\org\\jacoco\\org.jacoco.agent\\0.8.4\\org.jacoco.agent-0.8.4-runtime.jar=destfile=C:\\Users\\happy\\aline-capstone\\aline-underwriter-mircoservice-RY\\underwriter-microservice\\target\\jacoco.exec 
java_command: C:\Users\happy\AppData\Local\Temp\surefire396276799147670168\surefirebooter6616317445010713748.jar C:\Users\happy\AppData\Local\Temp\surefire396276799147670168 2022-04-12T20-38-24_642-jvmRun1 surefire9097186133819554790tmp surefire_08310996146088531157tmp
java_class_path (initial): C:\Users\happy\AppData\Local\Temp\surefire396276799147670168\surefirebooter6616317445010713748.jar;C:\\Users\\happy\\.m2\\repository\\org\\jacoco\\org.jacoco.agent\\0.8.4\\org.jacoco.agent-0.8.4-runtime.jar
Launcher Type: SUN_STANDARD

Environment Variables:
JAVA_HOME=C:/Program Files/Java/jdk1.8.0_311
PATH=C:\Program Files\Git\mingw64\bin;C:\Program Files\Git\usr\bin;C:\Users\happy\bin;E:\dev\aline_capstone\virtual\Scripts;C:\Program Files\Common Files\Oracle\Java\javapath;C:\Program Files (x86)\Common Files\Oracle\Java\javapath;C:\Python310\Scripts;C:\Python310;C:\Windows\system32;C:\Windows;C:\Windows\System32\Wbem;C:\Windows\System32\WindowsPowerShell\v1.0;C:\Windows\System32\OpenSSH;C:\Program Files\NVIDIA Corporation\NVIDIA NvDLISR;C:\Program Files (x86)\NVIDIA Corporation\PhysX\Common;C:\Program Files\Git\cmd;C:\Program Files\nodejs;C:\ProgramData\chocolatey\bin;C:\WINDOWS\system32;C:\WINDOWS;C:\WINDOWS\System32\Wbem;C:\WINDOWS\System32\WindowsPowerShell\v1.0;C:\WINDOWS\System32\OpenSSH;C:\HashiCorp\Vagrant\bin;C:\Program Files\PuTTY;C:\Program Files\MySQL\MySQL Shell 8.0\bin;C:\Users\happy\AppData\Local\Microsoft\WindowsApps;C:\Users\happy\AppData\Local\Programs\Microsoft VS Code\bin;C:\Users\happy\AppData\Roaming\npm;C:\Program Files\Java\jdk1.8.0_311;C:\apache-maven-3.8.5\bin
USERNAME=happy
OS=Windows_NT
PROCESSOR_IDENTIFIER=Intel64 Family 6 Model 165 Stepping 2, GenuineIntel



---------------  S Y S T E M  ---------------

OS: Windows 10.0 , 64 bit Build 22000 (10.0.22000.434)

CPU:total 8 (initial active 8) (4 cores per cpu, 2 threads per core) family 6 model 165 stepping 2, cmov, cx8, fxsr, mmx, sse, sse2, sse3, ssse3, sse4.1, sse4.2, popcnt, avx, avx2, aes, clmul, erms, 3dnowpref, lzcnt, ht, tsc, tscinvbit, bmi1, bmi2, adx

Memory: 4k page, physical 16593196k(4385956k free), swap 19584300k(5128k free)

vm_info: Java HotSpot(TM) 64-Bit Server VM (25.311-b11) for windows-amd64 JRE (1.8.0_311-b11), built on Sep 27 2021 05:15:14 by "java_re" with MS VC++ 15.9 (VS2017)

time: Tue Apr 12 20:38:34 2022
timezone: Mountain Daylight Time
elapsed time: 5.532350 seconds (0d 0h 0m 5s)

