#
# There is insufficient memory for the Java Runtime Environment to continue.
# Native memory allocation (malloc) failed to allocate 1056576 bytes for Chunk::new
# Possible reasons:
#   The system is out of physical RAM or swap space
#   The process is running with CompressedOops enabled, and the Java Heap may be blocking the growth of the native heap
# Possible solutions:
#   Reduce memory load on the system
#   Increase physical memory or swap space
#   Check if swap backing store is full
#   Decrease Java heap size (-Xmx/-Xms)
#   Decrease number of Java threads
#   Decrease Java thread stack sizes (-Xss)
#   Set larger code cache with -XX:ReservedCodeCacheSize=
#   JVM is running with Zero Based Compressed Oops mode in which the Java heap is
#     placed in the first 32GB address space. The Java Heap base address is the
#     maximum limit for the native heap growth. Please use -XX:HeapBaseMinAddress
#     to set the Java Heap base and to place the Java Heap above 32GB virtual address.
# This output file may be truncated or incomplete.
#
#  Out of Memory Error (allocation.cpp:389), pid=2552, tid=0x0000000000002704
#
# JRE version: Java(TM) SE Runtime Environment (8.0_311-b11) (build 1.8.0_311-b11)
# Java VM: Java HotSpot(TM) 64-Bit Server VM (25.311-b11 mixed mode windows-amd64 compressed oops)
# Failed to write core dump. Minidumps are not enabled by default on client versions of Windows
#

---------------  T H R E A D  ---------------

Current thread (0x00000206a6025800):  JavaThread "C2 CompilerThread0" daemon [_thread_in_native, id=9988, stack(0x0000004653c00000,0x0000004653d00000)]

Stack: [0x0000004653c00000,0x0000004653d00000]
Native frames: (J=compiled Java code, j=interpreted, Vv=VM code, C=native code)
V  [jvm.dll+0x32f239]
V  [jvm.dll+0x275882]
V  [jvm.dll+0x27652d]
V  [jvm.dll+0x26cf65]
V  [jvm.dll+0xd558c]
V  [jvm.dll+0xd5d8c]
V  [jvm.dll+0x453642]
V  [jvm.dll+0x48e6bd]
V  [jvm.dll+0x443301]
V  [jvm.dll+0x4404ab]
V  [jvm.dll+0x42b38b]
V  [jvm.dll+0xac22b]
V  [jvm.dll+0xaa88b]
V  [jvm.dll+0x23df22]
V  [jvm.dll+0x29253c]
C  [ucrtbase.dll+0x26c0c]
C  [KERNEL32.DLL+0x154e0]
C  [ntdll.dll+0x485b]


Current CompileTask:
C2:   5851 5475       4       java.util.function.BiPredicate$$Lambda$373/493488482::test (14 bytes)


---------------  P R O C E S S  ---------------

Java Threads: ( => current thread )
  0x00000206aa63a000 JavaThread "mysql-cj-abandoned-connection-cleanup" daemon [_thread_blocked, id=17192, stack(0x0000004654500000,0x0000004654600000)]
  0x00000206a7fd6800 JavaThread "spring.cloud.inetutils" daemon [_thread_in_native, id=20140, stack(0x0000004654400000,0x0000004654500000)]
  0x00000206a693d000 JavaThread "surefire-forkedjvm-ping-30s" daemon [_thread_blocked, id=18148, stack(0x0000004654300000,0x0000004654400000)]
  0x00000206a63d2800 JavaThread "surefire-forkedjvm-command-thread" daemon [_thread_in_native, id=19140, stack(0x0000004654200000,0x0000004654300000)]
  0x00000206a6056000 JavaThread "Service Thread" daemon [_thread_blocked, id=18756, stack(0x0000004654000000,0x0000004654100000)]
  0x00000206a5fbd000 JavaThread "C1 CompilerThread3" daemon [_thread_blocked, id=2340, stack(0x0000004653f00000,0x0000004654000000)]
  0x00000206a6027000 JavaThread "C2 CompilerThread2" daemon [_thread_in_native, id=13904, stack(0x0000004653e00000,0x0000004653f00000)]
  0x00000206a6026000 JavaThread "C2 CompilerThread1" daemon [_thread_in_native, id=18016, stack(0x0000004653d00000,0x0000004653e00000)]
=>0x00000206a6025800 JavaThread "C2 CompilerThread0" daemon [_thread_in_native, id=9988, stack(0x0000004653c00000,0x0000004653d00000)]
  0x00000206a39e0000 JavaThread "Attach Listener" daemon [_thread_blocked, id=5828, stack(0x0000004653b00000,0x0000004653c00000)]
  0x00000206a39df800 JavaThread "Signal Dispatcher" daemon [_thread_blocked, id=6824, stack(0x0000004653a00000,0x0000004653b00000)]
  0x00000206a39ba000 JavaThread "Finalizer" daemon [_thread_blocked, id=12564, stack(0x0000004653900000,0x0000004653a00000)]
  0x00000206a39b2800 JavaThread "Reference Handler" daemon [_thread_blocked, id=2212, stack(0x0000004653800000,0x0000004653900000)]
  0x0000020688dec800 JavaThread "main" [_thread_in_native, id=9664, stack(0x0000004652e00000,0x0000004652f00000)]

Other Threads:
  0x00000206a3989000 VMThread [stack: 0x0000004653700000,0x0000004653800000] [id=3608]
  0x00000206a6027800 WatcherThread [stack: 0x0000004654100000,0x0000004654200000] [id=13016]

VM state:not at safepoint (normal execution)

VM Mutex/Monitor currently owned by a thread: None

heap address: 0x00000006c2c00000, size: 4052 MB, Compressed Oops mode: Zero based, Oop shift amount: 3
Narrow klass base: 0x0000000000000000, Narrow klass shift: 3
Compressed class space size: 1073741824 Address: 0x00000007c0000000

Heap:
 PSYoungGen      total 159232K, used 81644K [0x000000076b980000, 0x0000000775f80000, 0x00000007c0000000)
  eden space 150528K, 48% used [0x000000076b980000,0x00000007700bb1a0,0x0000000774c80000)
  from space 8704K, 99% used [0x0000000775480000,0x0000000775cffe98,0x0000000775d00000)
  to   space 8192K, 0% used [0x0000000774c80000,0x0000000774c80000,0x0000000775480000)
 ParOldGen       total 97280K, used 14292K [0x00000006c2c00000, 0x00000006c8b00000, 0x000000076b980000)
  object space 97280K, 14% used [0x00000006c2c00000,0x00000006c39f5250,0x00000006c8b00000)
 Metaspace       used 42660K, capacity 45186K, committed 45440K, reserved 1089536K
  class space    used 5187K, capacity 5656K, committed 5760K, reserved 1048576K

Card table byte_map: [0x0000020699b40000,0x000002069a330000] byte_map_base: 0x000002069652a000

Marking Bits: (ParMarkBitMap*) 0x0000000066188030
 Begin Bits: [0x000002069a880000, 0x000002069e7d0000)
 End Bits:   [0x000002069e7d0000, 0x00000206a2720000)

Polling page: 0x0000020689130000

CodeCache: size=245760Kb used=19147Kb max_used=19147Kb free=226612Kb
 bounds [0x000002068a780000, 0x000002068ba50000, 0x0000020699780000]
 total_blobs=5249 nmethods=4836 adapters=324
 compilation: enabled

Compilation events (10 events):
Event: 5.827 Thread 0x00000206a5fbd000 5547       3       java.lang.Exception::<init> (6 bytes)
Event: 5.828 Thread 0x00000206a5fbd000 nmethod 5547 0x000002068ba3b650 code [0x000002068ba3b7e0, 0x000002068ba3bdf0]
Event: 5.832 Thread 0x00000206a5fbd000 5548       3       java.lang.Math::min (46 bytes)
Event: 5.832 Thread 0x00000206a5fbd000 nmethod 5548 0x000002068ba3bf90 code [0x000002068ba3c100, 0x000002068ba3c458]
Event: 5.833 Thread 0x00000206a5fbd000 5549   !   3       java.net.URL::getURLStreamHandler (313 bytes)
Event: 5.835 Thread 0x00000206a5fbd000 nmethod 5549 0x000002068ba3c4d0 code [0x000002068ba3c9c0, 0x000002068ba3fd20]
Event: 5.836 Thread 0x00000206a5fbd000 5550       3       org.springframework.core.io.UrlResource::equals (88 bytes)
Event: 5.836 Thread 0x00000206a5fbd000 nmethod 5550 0x000002068ba41b10 code [0x000002068ba41d00, 0x000002068ba42600]
Event: 5.836 Thread 0x00000206a5fbd000 5551   !   3       sun.net.www.protocol.jar.Handler::sameFile (172 bytes)
Event: 5.837 Thread 0x00000206a5fbd000 nmethod 5551 0x000002068ba429d0 code [0x000002068ba42c80, 0x000002068ba44080]

GC Heap History (10 events):
Event: 4.094 GC heap before
{Heap before GC invocations=12 (full 1):
 PSYoungGen      total 159232K, used 155646K [0x000000076b980000, 0x0000000775f80000, 0x00000007c0000000)
  eden space 150528K, 100% used [0x000000076b980000,0x0000000774c80000,0x0000000774c80000)
  from space 8704K, 58% used [0x0000000775480000,0x000000077597f9c0,0x0000000775d00000)
  to   space 8192K, 0% used [0x0000000774c80000,0x0000000774c80000,0x0000000775480000)
 ParOldGen       total 97280K, used 8901K [0x00000006c2c00000, 0x00000006c8b00000, 0x000000076b980000)
  object space 97280K, 9% used [0x00000006c2c00000,0x00000006c34b1440,0x00000006c8b00000)
 Metaspace       used 32693K, capacity 34544K, committed 34816K, reserved 1079296K
  class space    used 3936K, capacity 4289K, committed 4352K, reserved 1048576K
Event: 4.098 GC heap after
Heap after GC invocations=12 (full 1):
 PSYoungGen      total 158720K, used 5204K [0x000000076b980000, 0x0000000775f80000, 0x00000007c0000000)
  eden space 150528K, 0% used [0x000000076b980000,0x000000076b980000,0x0000000774c80000)
  from space 8192K, 63% used [0x0000000774c80000,0x0000000775195128,0x0000000775480000)
  to   space 8704K, 0% used [0x0000000775480000,0x0000000775480000,0x0000000775d00000)
 ParOldGen       total 97280K, used 11765K [0x00000006c2c00000, 0x00000006c8b00000, 0x000000076b980000)
  object space 97280K, 12% used [0x00000006c2c00000,0x00000006c377d4a0,0x00000006c8b00000)
 Metaspace       used 32693K, capacity 34544K, committed 34816K, reserved 1079296K
  class space    used 3936K, capacity 4289K, committed 4352K, reserved 1048576K
}
Event: 4.186 GC heap before
{Heap before GC invocations=13 (full 1):
 PSYoungGen      total 158720K, used 34155K [0x000000076b980000, 0x0000000775f80000, 0x00000007c0000000)
  eden space 150528K, 19% used [0x000000076b980000,0x000000076d5c5ae0,0x0000000774c80000)
  from space 8192K, 63% used [0x0000000774c80000,0x0000000775195128,0x0000000775480000)
  to   space 8704K, 0% used [0x0000000775480000,0x0000000775480000,0x0000000775d00000)
 ParOldGen       total 97280K, used 11765K [0x00000006c2c00000, 0x00000006c8b00000, 0x000000076b980000)
  object space 97280K, 12% used [0x00000006c2c00000,0x00000006c377d4a0,0x00000006c8b00000)
 Metaspace       used 33465K, capacity 35316K, committed 35456K, reserved 1081344K
  class space    used 4041K, capacity 4417K, committed 4480K, reserved 1048576K
Event: 4.188 GC heap after
Heap after GC invocations=13 (full 1):
 PSYoungGen      total 159232K, used 1446K [0x000000076b980000, 0x0000000775f80000, 0x00000007c0000000)
  eden space 150528K, 0% used [0x000000076b980000,0x000000076b980000,0x0000000774c80000)
  from space 8704K, 16% used [0x0000000775480000,0x00000007755e9bb0,0x0000000775d00000)
  to   space 8192K, 0% used [0x0000000774c80000,0x0000000774c80000,0x0000000775480000)
 ParOldGen       total 97280K, used 14262K [0x00000006c2c00000, 0x00000006c8b00000, 0x000000076b980000)
  object space 97280K, 14% used [0x00000006c2c00000,0x00000006c39edbd8,0x00000006c8b00000)
 Metaspace       used 33465K, capacity 35316K, committed 35456K, reserved 1081344K
  class space    used 4041K, capacity 4417K, committed 4480K, reserved 1048576K
}
Event: 4.188 GC heap before
{Heap before GC invocations=14 (full 2):
 PSYoungGen      total 159232K, used 1446K [0x000000076b980000, 0x0000000775f80000, 0x00000007c0000000)
  eden space 150528K, 0% used [0x000000076b980000,0x000000076b980000,0x0000000774c80000)
  from space 8704K, 16% used [0x0000000775480000,0x00000007755e9bb0,0x0000000775d00000)
  to   space 8192K, 0% used [0x0000000774c80000,0x0000000774c80000,0x0000000775480000)
 ParOldGen       total 97280K, used 14262K [0x00000006c2c00000, 0x00000006c8b00000, 0x000000076b980000)
  object space 97280K, 14% used [0x00000006c2c00000,0x00000006c39edbd8,0x00000006c8b00000)
 Metaspace       used 33465K, capacity 35316K, committed 35456K, reserved 1081344K
  class space    used 4041K, capacity 4417K, committed 4480K, reserved 1048576K
Event: 4.257 GC heap after
Heap after GC invocations=14 (full 2):
 PSYoungGen      total 159232K, used 0K [0x000000076b980000, 0x0000000775f80000, 0x00000007c0000000)
  eden space 150528K, 0% used [0x000000076b980000,0x000000076b980000,0x0000000774c80000)
  from space 8704K, 0% used [0x0000000775480000,0x0000000775480000,0x0000000775d00000)
  to   space 8192K, 0% used [0x0000000774c80000,0x0000000774c80000,0x0000000775480000)
 ParOldGen       total 97280K, used 13951K [0x00000006c2c00000, 0x00000006c8b00000, 0x000000076b980000)
  object space 97280K, 14% used [0x00000006c2c00000,0x00000006c399fce8,0x00000006c8b00000)
 Metaspace       used 33465K, capacity 35316K, committed 35456K, reserved 1081344K
  class space    used 4041K, capacity 4417K, committed 4480K, reserved 1048576K
}
Event: 4.800 GC heap before
{Heap before GC invocations=15 (full 2):
 PSYoungGen      total 159232K, used 150528K [0x000000076b980000, 0x0000000775f80000, 0x00000007c0000000)
  eden space 150528K, 100% used [0x000000076b980000,0x0000000774c80000,0x0000000774c80000)
  from space 8704K, 0% used [0x0000000775480000,0x0000000775480000,0x0000000775d00000)
  to   space 8192K, 0% used [0x0000000774c80000,0x0000000774c80000,0x0000000775480000)
 ParOldGen       total 97280K, used 13951K [0x00000006c2c00000, 0x00000006c8b00000, 0x000000076b980000)
  object space 97280K, 14% used [0x00000006c2c00000,0x00000006c399fce8,0x00000006c8b00000)
 Metaspace       used 36750K, capacity 38880K, committed 39168K, reserved 1083392K
  class space    used 4418K, capacity 4835K, committed 4864K, reserved 1048576K
Event: 4.803 GC heap after
Heap after GC invocations=15 (full 2):
 PSYoungGen      total 158720K, used 6445K [0x000000076b980000, 0x0000000775f80000, 0x00000007c0000000)
  eden space 150528K, 0% used [0x000000076b980000,0x000000076b980000,0x0000000774c80000)
  from space 8192K, 78% used [0x0000000774c80000,0x00000007752cb788,0x0000000775480000)
  to   space 8704K, 0% used [0x0000000775480000,0x0000000775480000,0x0000000775d00000)
 ParOldGen       total 97280K, used 13959K [0x00000006c2c00000, 0x00000006c8b00000, 0x000000076b980000)
  object space 97280K, 14% used [0x00000006c2c00000,0x00000006c39a1ce8,0x00000006c8b00000)
 Metaspace       used 36750K, capacity 38880K, committed 39168K, reserved 1083392K
  class space    used 4418K, capacity 4835K, committed 4864K, reserved 1048576K
}
Event: 5.541 GC heap before
{Heap before GC invocations=16 (full 2):
 PSYoungGen      total 158720K, used 156973K [0x000000076b980000, 0x0000000775f80000, 0x00000007c0000000)
  eden space 150528K, 100% used [0x000000076b980000,0x0000000774c80000,0x0000000774c80000)
  from space 8192K, 78% used [0x0000000774c80000,0x00000007752cb788,0x0000000775480000)
  to   space 8704K, 0% used [0x0000000775480000,0x0000000775480000,0x0000000775d00000)
 ParOldGen       total 97280K, used 13959K [0x00000006c2c00000, 0x00000006c8b00000, 0x000000076b980000)
  object space 97280K, 14% used [0x00000006c2c00000,0x00000006c39a1ce8,0x00000006c8b00000)
 Metaspace       used 41164K, capacity 43616K, committed 43904K, reserved 1087488K
  class space    used 4980K, capacity 5453K, committed 5504K, reserved 1048576K
Event: 5.547 GC heap after
Heap after GC invocations=16 (full 2):
 PSYoungGen      total 159232K, used 8703K [0x000000076b980000, 0x0000000775f80000, 0x00000007c0000000)
  eden space 150528K, 0% used [0x000000076b980000,0x000000076b980000,0x0000000774c80000)
  from space 8704K, 99% used [0x0000000775480000,0x0000000775cffe98,0x0000000775d00000)
  to   space 8192K, 0% used [0x0000000774c80000,0x0000000774c80000,0x0000000775480000)
 ParOldGen       total 97280K, used 14292K [0x00000006c2c00000, 0x00000006c8b00000, 0x000000076b980000)
  object space 97280K, 14% used [0x00000006c2c00000,0x00000006c39f5250,0x00000006c8b00000)
 Metaspace       used 41164K, capacity 43616K, committed 43904K, reserved 1087488K
  class space    used 4980K, capacity 5453K, committed 5504K, reserved 1048576K
}

Deoptimization events (10 events):
Event: 5.731 Thread 0x00000206aa63a000 Uncommon trap: reason=unstable_if action=reinterpret pc=0x000002068b0429a8 method=java.net.URLStreamHandler.parseURL(Ljava/net/URL;Ljava/lang/String;II)V @ 57
Event: 5.731 Thread 0x00000206aa63a000 Uncommon trap: reason=unstable_if action=reinterpret pc=0x000002068b4060f4 method=java.io.WinNTFileSystem.resolve(Ljava/lang/String;Ljava/lang/String;)Ljava/lang/String; @ 19
Event: 5.731 Thread 0x0000020688dec800 Uncommon trap: reason=unstable_if action=reinterpret pc=0x000002068ab235e0 method=java.lang.AbstractStringBuilder.append(Ljava/lang/String;)Ljava/lang/AbstractStringBuilder; @ 1
Event: 5.735 Thread 0x0000020688dec800 Uncommon trap: reason=class_check action=maybe_recompile pc=0x000002068ab193c4 method=sun.reflect.generics.reflectiveObjects.TypeVariableImpl.hashCode()I @ 4
Event: 5.737 Thread 0x0000020688dec800 Uncommon trap: reason=class_check action=maybe_recompile pc=0x000002068ab193c4 method=sun.reflect.generics.reflectiveObjects.TypeVariableImpl.hashCode()I @ 4
Event: 5.746 Thread 0x0000020688dec800 Uncommon trap: reason=class_check action=maybe_recompile pc=0x000002068b5d1b4c method=java.util.concurrent.ConcurrentHashMap.putVal(Ljava/lang/Object;Ljava/lang/Object;Z)Ljava/lang/Object; @ 192
Event: 5.748 Thread 0x0000020688dec800 Uncommon trap: reason=class_check action=maybe_recompile pc=0x000002068b5d1b4c method=java.util.concurrent.ConcurrentHashMap.putVal(Ljava/lang/Object;Ljava/lang/Object;Z)Ljava/lang/Object; @ 192
Event: 5.749 Thread 0x0000020688dec800 Uncommon trap: reason=class_check action=maybe_recompile pc=0x000002068b5d1b4c method=java.util.concurrent.ConcurrentHashMap.putVal(Ljava/lang/Object;Ljava/lang/Object;Z)Ljava/lang/Object; @ 192
Event: 5.789 Thread 0x0000020688dec800 Uncommon trap: reason=unstable_if action=reinterpret pc=0x000002068b9f73b0 method=java.lang.Class.searchMethods([Ljava/lang/reflect/Method;Ljava/lang/String;[Ljava/lang/Class;)Ljava/lang/reflect/Method; @ 47
Event: 5.792 Thread 0x0000020688dec800 Uncommon trap: reason=unstable_if action=reinterpret pc=0x000002068ba0199c method=java.util.concurrent.ConcurrentHashMap.get(Ljava/lang/Object;)Ljava/lang/Object; @ 152

Classes redefined (0 events):
No events

Internal exceptions (10 events):
Event: 5.823 Thread 0x0000020688dec800 Exception <a 'java/lang/ClassNotFoundException': org/springframework/beans/factory/BeanClassLoaderAwareCustomizer> (0x000000076f66d6e0) thrown at [C:\jenkins\workspace\8-2-build-windows-amd64-cygwin\jdk8u311\1894\hotspot\src\share\vm\classfile\systemDicti
Event: 5.823 Thread 0x0000020688dec800 Exception <a 'java/lang/ClassNotFoundException': org/springframework/beans/factory/AwareCustomizer> (0x000000076f692a80) thrown at [C:\jenkins\workspace\8-2-build-windows-amd64-cygwin\jdk8u311\1894\hotspot\src\share\vm\classfile\systemDictionary.cpp, line
Event: 5.824 Thread 0x0000020688dec800 Exception <a 'java/lang/ClassNotFoundException': org/springframework/beans/factory/BeanFactoryAwareCustomizer> (0x000000076f6bc730) thrown at [C:\jenkins\workspace\8-2-build-windows-amd64-cygwin\jdk8u311\1894\hotspot\src\share\vm\classfile\systemDictionar
Event: 5.824 Thread 0x0000020688dec800 Exception <a 'java/lang/ClassNotFoundException': org/springframework/beans/factory/AwareCustomizer> (0x000000076f6e2030) thrown at [C:\jenkins\workspace\8-2-build-windows-amd64-cygwin\jdk8u311\1894\hotspot\src\share\vm\classfile\systemDictionary.cpp, line
Event: 5.824 Thread 0x0000020688dec800 Exception <a 'java/lang/ClassNotFoundException': org/springframework/beans/factory/BeanNameAwareCustomizer> (0x000000076f709f98) thrown at [C:\jenkins\workspace\8-2-build-windows-amd64-cygwin\jdk8u311\1894\hotspot\src\share\vm\classfile\systemDictionary.c
Event: 5.825 Thread 0x0000020688dec800 Exception <a 'java/lang/ClassNotFoundException': org/springframework/beans/factory/AwareCustomizer> (0x000000076f72f390) thrown at [C:\jenkins\workspace\8-2-build-windows-amd64-cygwin\jdk8u311\1894\hotspot\src\share\vm\classfile\systemDictionary.cpp, line
Event: 5.825 Thread 0x0000020688dec800 Exception <a 'java/lang/ClassNotFoundException': org/springframework/beans/factory/InitializingBeanCustomizer> (0x000000076f759040) thrown at [C:\jenkins\workspace\8-2-build-windows-amd64-cygwin\jdk8u311\1894\hotspot\src\share\vm\classfile\systemDictionar
Event: 5.825 Thread 0x0000020688dec800 Exception <a 'java/lang/ClassNotFoundException': org/springframework/beans/factory/DisposableBeanCustomizer> (0x000000076f781830) thrown at [C:\jenkins\workspace\8-2-build-windows-amd64-cygwin\jdk8u311\1894\hotspot\src\share\vm\classfile\systemDictionary.
Event: 5.826 Thread 0x0000020688dec800 Exception <a 'java/lang/ClassNotFoundException': org/springframework/orm/jpa/EntityManagerFactoryInfoCustomizer> (0x000000076f7acb48) thrown at [C:\jenkins\workspace\8-2-build-windows-amd64-cygwin\jdk8u311\1894\hotspot\src\share\vm\classfile\systemDiction
Event: 5.826 Thread 0x0000020688dec800 Exception <a 'java/lang/ClassNotFoundException': org/springframework/dao/support/PersistenceExceptionTranslatorCustomizer> (0x000000076f7e91b0) thrown at [C:\jenkins\workspace\8-2-build-windows-amd64-cygwin\jdk8u311\1894\hotspot\src\share\vm\classfile\sys

Events (10 events):
Event: 5.829 loading class org/springframework/instrument/classloading/SimpleThrowawayClassLoader
Event: 5.829 loading class org/springframework/instrument/classloading/SimpleThrowawayClassLoader done
Event: 5.829 loading class org/springframework/core/OverridingClassLoader
Event: 5.829 loading class org/springframework/core/OverridingClassLoader done
Event: 5.830 loading class org/springframework/instrument/InstrumentationSavingAgent
Event: 5.830 loading class org/springframework/instrument/InstrumentationSavingAgent done
Event: 5.830 loading class org/springframework/instrument$InstrumentationSavingAgent
Event: 5.830 loading class org/springframework/instrument$InstrumentationSavingAgent done
Event: 5.830 loading class org/springframework/orm/jpa/persistenceunit/PersistenceUnitReader
Event: 5.830 loading class org/springframework/orm/jpa/persistenceunit/PersistenceUnitReader done


Dynamic libraries:
0x00007ff6867b0000 - 0x00007ff6867f7000 	C:\Program Files\Java\jdk1.8.0_311\jre\bin\java.exe
0x00007ff8c43c0000 - 0x00007ff8c45c9000 	C:\WINDOWS\SYSTEM32\ntdll.dll
0x00007ff8c23b0000 - 0x00007ff8c246d000 	C:\WINDOWS\System32\KERNEL32.DLL
0x00007ff8c1b10000 - 0x00007ff8c1e84000 	C:\WINDOWS\System32\KERNELBASE.dll
0x00007ff8c3850000 - 0x00007ff8c38fe000 	C:\WINDOWS\System32\ADVAPI32.dll
0x00007ff8c2690000 - 0x00007ff8c2733000 	C:\WINDOWS\System32\msvcrt.dll
0x00007ff8c25f0000 - 0x00007ff8c268e000 	C:\WINDOWS\System32\sechost.dll
0x00007ff8c3ab0000 - 0x00007ff8c3bd0000 	C:\WINDOWS\System32\RPCRT4.dll
0x00007ff8c3900000 - 0x00007ff8c3aac000 	C:\WINDOWS\System32\USER32.dll
0x00007ff8c18b0000 - 0x00007ff8c18d6000 	C:\WINDOWS\System32\win32u.dll
0x00007ff8c24d0000 - 0x00007ff8c24f9000 	C:\WINDOWS\System32\GDI32.dll
0x00007ff8c2140000 - 0x00007ff8c2252000 	C:\WINDOWS\System32\gdi32full.dll
0x00007ff8c1e90000 - 0x00007ff8c1f2d000 	C:\WINDOWS\System32\msvcp_win.dll
0x00007ff8c1fa0000 - 0x00007ff8c20b1000 	C:\WINDOWS\System32\ucrtbase.dll
0x00007ff8a5930000 - 0x00007ff8a5bd5000 	C:\WINDOWS\WinSxS\amd64_microsoft.windows.common-controls_6595b64144ccf1df_6.0.22000.120_none_9d947278b86cc467\COMCTL32.dll
0x00007ff8c2370000 - 0x00007ff8c23a1000 	C:\WINDOWS\System32\IMM32.DLL
0x00007ff8ab960000 - 0x00007ff8ab975000 	C:\Program Files\Java\jdk1.8.0_311\jre\bin\vcruntime140.dll
0x00007ff88f9b0000 - 0x00007ff88fa4b000 	C:\Program Files\Java\jdk1.8.0_311\jre\bin\msvcp140.dll
0x00000000659a0000 - 0x0000000066200000 	C:\Program Files\Java\jdk1.8.0_311\jre\bin\server\jvm.dll
0x00007ff8c3310000 - 0x00007ff8c3318000 	C:\WINDOWS\System32\PSAPI.DLL
0x00007ff8be590000 - 0x00007ff8be599000 	C:\WINDOWS\SYSTEM32\WSOCK32.dll
0x00007ff8bb920000 - 0x00007ff8bb953000 	C:\WINDOWS\SYSTEM32\WINMM.dll
0x00007ff8bc6e0000 - 0x00007ff8bc6ea000 	C:\WINDOWS\SYSTEM32\VERSION.dll
0x00007ff8c2f00000 - 0x00007ff8c2f6f000 	C:\WINDOWS\System32\WS2_32.dll
0x00007ff8c0aa0000 - 0x00007ff8c0ab8000 	C:\WINDOWS\SYSTEM32\kernel.appcore.dll
0x00007ff8b02f0000 - 0x00007ff8b0300000 	C:\Program Files\Java\jdk1.8.0_311\jre\bin\verify.dll
0x00007ff89ddf0000 - 0x00007ff89de1b000 	C:\Program Files\Java\jdk1.8.0_311\jre\bin\java.dll
0x00007ff8bcbc0000 - 0x00007ff8bcbf0000 	C:\Program Files\Java\jdk1.8.0_311\jre\bin\instrument.dll
0x00007ff89ddd0000 - 0x00007ff89dde8000 	C:\Program Files\Java\jdk1.8.0_311\jre\bin\zip.dll
0x00007ff8c3bd0000 - 0x00007ff8c437e000 	C:\WINDOWS\System32\SHELL32.dll
0x00007ff8bfa30000 - 0x00007ff8c0298000 	C:\WINDOWS\SYSTEM32\windows.storage.dll
0x00007ff8c34d0000 - 0x00007ff8c3848000 	C:\WINDOWS\System32\combase.dll
0x00007ff8bf8c0000 - 0x00007ff8bfa26000 	C:\WINDOWS\SYSTEM32\wintypes.dll
0x00007ff8c3220000 - 0x00007ff8c330a000 	C:\WINDOWS\System32\SHCORE.dll
0x00007ff8c2820000 - 0x00007ff8c287d000 	C:\WINDOWS\System32\shlwapi.dll
0x00007ff8c17e0000 - 0x00007ff8c1801000 	C:\WINDOWS\SYSTEM32\profapi.dll
0x00007ff89ddb0000 - 0x00007ff89ddcc000 	C:\Program Files\Java\jdk1.8.0_311\jre\bin\net.dll
0x00007ff8c0ed0000 - 0x00007ff8c0f37000 	C:\WINDOWS\system32\mswsock.dll
0x00007ff8a1750000 - 0x00007ff8a1767000 	C:\WINDOWS\system32\napinsp.dll
0x00007ff8a15c0000 - 0x00007ff8a15db000 	C:\WINDOWS\system32\pnrpnsp.dll
0x00007ff8c0600000 - 0x00007ff8c06e7000 	C:\WINDOWS\SYSTEM32\DNSAPI.dll
0x00007ff8c05d0000 - 0x00007ff8c05fd000 	C:\WINDOWS\SYSTEM32\IPHLPAPI.DLL
0x00007ff8c3150000 - 0x00007ff8c3159000 	C:\WINDOWS\System32\NSI.dll
0x00007ff8a11d0000 - 0x00007ff8a11e2000 	C:\WINDOWS\System32\winrnr.dll
0x00007ff8b9d10000 - 0x00007ff8b9d25000 	C:\WINDOWS\system32\wshbth.dll
0x00007ff8a11b0000 - 0x00007ff8a11cf000 	C:\WINDOWS\system32\nlansp_c.dll
0x00007ff8b7ef0000 - 0x00007ff8b7efa000 	C:\Windows\System32\rasadhlp.dll
0x00007ff8b9c80000 - 0x00007ff8b9d01000 	C:\WINDOWS\System32\fwpuclnt.dll
0x00007ff89d380000 - 0x00007ff89d393000 	C:\Program Files\Java\jdk1.8.0_311\jre\bin\nio.dll
0x00007ff8af0e0000 - 0x00007ff8af0ed000 	C:\Program Files\Java\jdk1.8.0_311\jre\bin\management.dll
0x00007ff8bb830000 - 0x00007ff8bb849000 	C:\WINDOWS\SYSTEM32\dhcpcsvc6.DLL
0x00007ff8bbcb0000 - 0x00007ff8bbcce000 	C:\WINDOWS\SYSTEM32\dhcpcsvc.DLL
0x00007ff8b7930000 - 0x00007ff8b7b51000 	C:\WINDOWS\SYSTEM32\dbghelp.dll
0x00007ff8c20c0000 - 0x00007ff8c213f000 	C:\WINDOWS\System32\bcryptPrimitives.dll

VM Arguments:
jvm_args: -javaagent:C:\\Users\\happy\\.m2\\repository\\org\\jacoco\\org.jacoco.agent\\0.8.4\\org.jacoco.agent-0.8.4-runtime.jar=destfile=C:\\Users\\happy\\aline-capstone\\aline-underwriter-mircoservice-RY\\underwriter-microservice\\target\\jacoco.exec 
java_command: C:\Users\happy\AppData\Local\Temp\surefire6741517407953753206\surefirebooter3666071737465278378.jar C:\Users\happy\AppData\Local\Temp\surefire6741517407953753206 2022-04-12T13-23-43_629-jvmRun1 surefire4081609853151620879tmp surefire_02450208461739436456tmp
java_class_path (initial): C:\Users\happy\AppData\Local\Temp\surefire6741517407953753206\surefirebooter3666071737465278378.jar;C:\\Users\\happy\\.m2\\repository\\org\\jacoco\\org.jacoco.agent\\0.8.4\\org.jacoco.agent-0.8.4-runtime.jar
Launcher Type: SUN_STANDARD

Environment Variables:
JAVA_HOME=C:/Program Files/Java/jdk1.8.0_311
PATH=C:\Program Files\Git\mingw64\bin;C:\Program Files\Git\usr\bin;C:\Users\happy\bin;E:\dev\aline_capstone\virtual\Scripts;C:\Program Files\Common Files\Oracle\Java\javapath;C:\Program Files (x86)\Common Files\Oracle\Java\javapath;C:\Python310\Scripts;C:\Python310;C:\Windows\system32;C:\Windows;C:\Windows\System32\Wbem;C:\Windows\System32\WindowsPowerShell\v1.0;C:\Windows\System32\OpenSSH;C:\Program Files\NVIDIA Corporation\NVIDIA NvDLISR;C:\Program Files (x86)\NVIDIA Corporation\PhysX\Common;C:\Program Files\Git\cmd;C:\Program Files\nodejs;C:\ProgramData\chocolatey\bin;C:\WINDOWS\system32;C:\WINDOWS;C:\WINDOWS\System32\Wbem;C:\WINDOWS\System32\WindowsPowerShell\v1.0;C:\WINDOWS\System32\OpenSSH;C:\HashiCorp\Vagrant\bin;C:\Program Files\PuTTY;C:\Program Files\MySQL\MySQL Shell 8.0\bin;C:\Users\happy\AppData\Local\Microsoft\WindowsApps;C:\Users\happy\AppData\Local\Programs\Microsoft VS Code\bin;C:\Users\happy\AppData\Roaming\npm;C:\Program Files\Java\jdk1.8.0_311;C:\apache-maven-3.8.5\bin
USERNAME=happy
OS=Windows_NT
PROCESSOR_IDENTIFIER=Intel64 Family 6 Model 165 Stepping 2, GenuineIntel



---------------  S Y S T E M  ---------------

OS: Windows 10.0 , 64 bit Build 22000 (10.0.22000.434)

CPU:total 8 (initial active 8) (4 cores per cpu, 2 threads per core) family 6 model 165 stepping 2, cmov, cx8, fxsr, mmx, sse, sse2, sse3, ssse3, sse4.1, sse4.2, popcnt, avx, avx2, aes, clmul, erms, 3dnowpref, lzcnt, ht, tsc, tscinvbit, bmi1, bmi2, adx

Memory: 4k page, physical 16593196k(5452316k free), swap 19584300k(8304k free)

vm_info: Java HotSpot(TM) 64-Bit Server VM (25.311-b11) for windows-amd64 JRE (1.8.0_311-b11), built on Sep 27 2021 05:15:14 by "java_re" with MS VC++ 15.9 (VS2017)

time: Tue Apr 12 13:23:54 2022
timezone: Mountain Daylight Time
elapsed time: 5.854657 seconds (0d 0h 0m 5s)

