#
# There is insufficient memory for the Java Runtime Environment to continue.
# Native memory allocation (malloc) failed to allocate 1313856 bytes for Chunk::new
# Possible reasons:
#   The system is out of physical RAM or swap space
#   The process is running with CompressedOops enabled, and the Java Heap may be blocking the growth of the native heap
# Possible solutions:
#   Reduce memory load on the system
#   Increase physical memory or swap space
#   Check if swap backing store is full
#   Decrease Java heap size (-Xmx/-Xms)
#   Decrease number of Java threads
#   Decrease Java thread stack sizes (-Xss)
#   Set larger code cache with -XX:ReservedCodeCacheSize=
#   JVM is running with Zero Based Compressed Oops mode in which the Java heap is
#     placed in the first 32GB address space. The Java Heap base address is the
#     maximum limit for the native heap growth. Please use -XX:HeapBaseMinAddress
#     to set the Java Heap base and to place the Java Heap above 32GB virtual address.
# This output file may be truncated or incomplete.
#
#  Out of Memory Error (allocation.cpp:389), pid=15840, tid=0x00000000000051c4
#
# JRE version: Java(TM) SE Runtime Environment (8.0_311-b11) (build 1.8.0_311-b11)
# Java VM: Java HotSpot(TM) 64-Bit Server VM (25.311-b11 mixed mode windows-amd64 compressed oops)
# Failed to write core dump. Minidumps are not enabled by default on client versions of Windows
#

---------------  T H R E A D  ---------------

Current thread (0x000002555183c000):  JavaThread "C2 CompilerThread2" daemon [_thread_in_native, id=20932, stack(0x000000abfa300000,0x000000abfa400000)]

Stack: [0x000000abfa300000,0x000000abfa400000]
Native frames: (J=compiled Java code, j=interpreted, Vv=VM code, C=native code)
V  [jvm.dll+0x32f239]
V  [jvm.dll+0x275882]
V  [jvm.dll+0x27652d]
V  [jvm.dll+0x26cf65]
V  [jvm.dll+0xd558c]
V  [jvm.dll+0xd5d8c]
V  [jvm.dll+0x453642]
V  [jvm.dll+0x48e6bd]
V  [jvm.dll+0x443301]
V  [jvm.dll+0x4404ab]
V  [jvm.dll+0x42b38b]
V  [jvm.dll+0xac22b]
V  [jvm.dll+0xaa88b]
V  [jvm.dll+0x23df22]
V  [jvm.dll+0x29253c]
C  [ucrtbase.dll+0x26c0c]
C  [KERNEL32.DLL+0x154e0]
C  [ntdll.dll+0x485b]


Current CompileTask:
C2:   4118 4585       4       java.net.URLClassLoader$1::run (5 bytes)


---------------  P R O C E S S  ---------------

Java Threads: ( => current thread )
  0x0000025552149800 JavaThread "surefire-forkedjvm-ping-30s" daemon [_thread_blocked, id=2944, stack(0x000000abfa800000,0x000000abfa900000)]
  0x0000025551c07000 JavaThread "surefire-forkedjvm-command-thread" daemon [_thread_in_native, id=17268, stack(0x000000abfa700000,0x000000abfa800000)]
  0x00000255517e2800 JavaThread "Service Thread" daemon [_thread_blocked, id=20600, stack(0x000000abfa500000,0x000000abfa600000)]
  0x000002555183d000 JavaThread "C1 CompilerThread3" daemon [_thread_blocked, id=11056, stack(0x000000abfa400000,0x000000abfa500000)]
=>0x000002555183c000 JavaThread "C2 CompilerThread2" daemon [_thread_in_native, id=20932, stack(0x000000abfa300000,0x000000abfa400000)]
  0x000002555183b800 JavaThread "C2 CompilerThread1" daemon [_thread_in_native, id=19708, stack(0x000000abfa200000,0x000000abfa300000)]
  0x000002555183a800 JavaThread "C2 CompilerThread0" daemon [_thread_in_native, id=12032, stack(0x000000abfa100000,0x000000abfa200000)]
  0x000002554f17e800 JavaThread "Attach Listener" daemon [_thread_blocked, id=7760, stack(0x000000abfa000000,0x000000abfa100000)]
  0x000002554f17d800 JavaThread "Signal Dispatcher" daemon [_thread_blocked, id=6940, stack(0x000000abf9f00000,0x000000abfa000000)]
  0x000002554f159000 JavaThread "Finalizer" daemon [_thread_blocked, id=20944, stack(0x000000abf9e00000,0x000000abf9f00000)]
  0x000002554f150000 JavaThread "Reference Handler" daemon [_thread_blocked, id=508, stack(0x000000abf9d00000,0x000000abf9e00000)]
  0x00000255344bb800 JavaThread "main" [_thread_in_vm, id=5376, stack(0x000000abf9300000,0x000000abf9400000)]

Other Threads:
  0x000002554f126800 VMThread [stack: 0x000000abf9c00000,0x000000abf9d00000] [id=10136]
  0x000002555173b800 WatcherThread [stack: 0x000000abfa600000,0x000000abfa700000] [id=10208]

VM state:not at safepoint (normal execution)

VM Mutex/Monitor currently owned by a thread: None

heap address: 0x00000006c2c00000, size: 4052 MB, Compressed Oops mode: Zero based, Oop shift amount: 3
Narrow klass base: 0x0000000000000000, Narrow klass shift: 3
Compressed class space size: 1073741824 Address: 0x00000007c0000000

Heap:
 PSYoungGen      total 211968K, used 147328K [0x000000076b980000, 0x0000000779180000, 0x00000007c0000000)
  eden space 203264K, 72% used [0x000000076b980000,0x0000000774960300,0x0000000778000000)
  from space 8704K, 0% used [0x0000000778880000,0x0000000778880000,0x0000000779100000)
  to   space 8704K, 0% used [0x0000000778000000,0x0000000778000000,0x0000000778880000)
 ParOldGen       total 104448K, used 14401K [0x00000006c2c00000, 0x00000006c9200000, 0x000000076b980000)
  object space 104448K, 13% used [0x00000006c2c00000,0x00000006c3a107e0,0x00000006c9200000)
 Metaspace       used 36733K, capacity 38796K, committed 38912K, reserved 1083392K
  class space    used 4413K, capacity 4835K, committed 4864K, reserved 1048576K

Card table byte_map: [0x00000255452e0000,0x0000025545ad0000] byte_map_base: 0x0000025541cca000

Marking Bits: (ParMarkBitMap*) 0x0000000051b08030
 Begin Bits: [0x0000025546020000, 0x0000025549f70000)
 End Bits:   [0x0000025549f70000, 0x000002554dec0000)

Polling page: 0x0000025535ef0000

CodeCache: size=245760Kb used=16405Kb max_used=16405Kb free=229355Kb
 bounds [0x0000025535f20000, 0x0000025536f40000, 0x0000025544f20000]
 total_blobs=4574 nmethods=4164 adapters=321
 compilation: enabled

Compilation events (10 events):
Event: 4.100 Thread 0x000002555183d000 4615       3       org.springframework.core.annotation.AnnotationsScanner::processMethod (144 bytes)
Event: 4.101 Thread 0x000002555183d000 nmethod 4615 0x0000025536f2ae90 code [0x0000025536f2b0e0, 0x0000025536f2c080]
Event: 4.101 Thread 0x000002555183d000 4617       3       org.springframework.beans.factory.support.AbstractBeanDefinition::setAutowireMode (16 bytes)
Event: 4.101 Thread 0x000002555183d000 nmethod 4617 0x0000025536f2c910 code [0x0000025536f2ca80, 0x0000025536f2cc50]
Event: 4.101 Thread 0x000002555183d000 4618       3       org.springframework.beans.factory.support.AbstractBeanDefinition::setDestroyMethodName (16 bytes)
Event: 4.101 Thread 0x000002555183d000 nmethod 4618 0x0000025536f2cd50 code [0x0000025536f2cec0, 0x0000025536f2d0b0]
Event: 4.101 Thread 0x000002555183d000 4616   !   3       org.springframework.core.annotation.AnnotationsScanner::processMethodHierarchy (567 bytes)
Event: 4.102 Thread 0x000002555183d000 nmethod 4616 0x0000025536f2d1d0 code [0x0000025536f2d4c0, 0x0000025536f2ea20]
Event: 4.102 Thread 0x000002555183d000 4619       3       java.util.HashMap::putAll (7 bytes)
Event: 4.102 Thread 0x000002555183d000 nmethod 4619 0x0000025536f30110 code [0x0000025536f30280, 0x0000025536f30490]

GC Heap History (10 events):
Event: 3.119 GC heap before
{Heap before GC invocations=10 (full 1):
 PSYoungGen      total 108544K, used 104085K [0x000000076b980000, 0x0000000772f80000, 0x00000007c0000000)
  eden space 100352K, 100% used [0x000000076b980000,0x0000000771b80000,0x0000000771b80000)
  from space 8192K, 45% used [0x0000000772380000,0x00000007727256b8,0x0000000772b80000)
  to   space 8192K, 0% used [0x0000000771b80000,0x0000000771b80000,0x0000000772380000)
 ParOldGen       total 104448K, used 6630K [0x00000006c2c00000, 0x00000006c9200000, 0x000000076b980000)
  object space 104448K, 6% used [0x00000006c2c00000,0x00000006c3279ae8,0x00000006c9200000)
 Metaspace       used 28584K, capacity 30408K, committed 30592K, reserved 1075200K
  class space    used 3534K, capacity 3887K, committed 3968K, reserved 1048576K
Event: 3.125 GC heap after
Heap after GC invocations=10 (full 1):
 PSYoungGen      total 108544K, used 7397K [0x000000076b980000, 0x0000000775300000, 0x00000007c0000000)
  eden space 100352K, 0% used [0x000000076b980000,0x000000076b980000,0x0000000771b80000)
  from space 8192K, 90% used [0x0000000771b80000,0x00000007722b9478,0x0000000772380000)
  to   space 8704K, 0% used [0x0000000774a80000,0x0000000774a80000,0x0000000775300000)
 ParOldGen       total 104448K, used 6638K [0x00000006c2c00000, 0x00000006c9200000, 0x000000076b980000)
  object space 104448K, 6% used [0x00000006c2c00000,0x00000006c327bae8,0x00000006c9200000)
 Metaspace       used 28584K, capacity 30408K, committed 30592K, reserved 1075200K
  class space    used 3534K, capacity 3887K, committed 3968K, reserved 1048576K
}
Event: 3.212 GC heap before
{Heap before GC invocations=11 (full 1):
 PSYoungGen      total 108544K, used 107738K [0x000000076b980000, 0x0000000775300000, 0x00000007c0000000)
  eden space 100352K, 99% used [0x000000076b980000,0x0000000771b7d6e0,0x0000000771b80000)
  from space 8192K, 90% used [0x0000000771b80000,0x00000007722b9478,0x0000000772380000)
  to   space 8704K, 0% used [0x0000000774a80000,0x0000000774a80000,0x0000000775300000)
 ParOldGen       total 104448K, used 6638K [0x00000006c2c00000, 0x00000006c9200000, 0x000000076b980000)
  object space 104448K, 6% used [0x00000006c2c00000,0x00000006c327bae8,0x00000006c9200000)
 Metaspace       used 30051K, capacity 31864K, committed 32000K, reserved 1077248K
  class space    used 3659K, capacity 4023K, committed 4096K, reserved 1048576K
Event: 3.216 GC heap after
Heap after GC invocations=11 (full 1):
 PSYoungGen      total 148480K, used 5705K [0x000000076b980000, 0x0000000775780000, 0x00000007c0000000)
  eden space 139776K, 0% used [0x000000076b980000,0x000000076b980000,0x0000000774200000)
  from space 8704K, 65% used [0x0000000774a80000,0x0000000775012600,0x0000000775300000)
  to   space 8704K, 0% used [0x0000000774200000,0x0000000774200000,0x0000000774a80000)
 ParOldGen       total 104448K, used 8148K [0x00000006c2c00000, 0x00000006c9200000, 0x000000076b980000)
  object space 104448K, 7% used [0x00000006c2c00000,0x00000006c33f53a0,0x00000006c9200000)
 Metaspace       used 30051K, capacity 31864K, committed 32000K, reserved 1077248K
  class space    used 3659K, capacity 4023K, committed 4096K, reserved 1048576K
}
Event: 3.387 GC heap before
{Heap before GC invocations=12 (full 1):
 PSYoungGen      total 148480K, used 145481K [0x000000076b980000, 0x0000000775780000, 0x00000007c0000000)
  eden space 139776K, 100% used [0x000000076b980000,0x0000000774200000,0x0000000774200000)
  from space 8704K, 65% used [0x0000000774a80000,0x0000000775012600,0x0000000775300000)
  to   space 8704K, 0% used [0x0000000774200000,0x0000000774200000,0x0000000774a80000)
 ParOldGen       total 104448K, used 8148K [0x00000006c2c00000, 0x00000006c9200000, 0x000000076b980000)
  object space 104448K, 7% used [0x00000006c2c00000,0x00000006c33f53a0,0x00000006c9200000)
 Metaspace       used 32256K, capacity 34080K, committed 34304K, reserved 1079296K
  class space    used 3879K, capacity 4225K, committed 4352K, reserved 1048576K
Event: 3.394 GC heap after
Heap after GC invocations=12 (full 1):
 PSYoungGen      total 148480K, used 5741K [0x000000076b980000, 0x0000000779100000, 0x00000007c0000000)
  eden space 139776K, 0% used [0x000000076b980000,0x000000076b980000,0x0000000774200000)
  from space 8704K, 65% used [0x0000000774200000,0x000000077479b7c0,0x0000000774a80000)
  to   space 8704K, 0% used [0x0000000778880000,0x0000000778880000,0x0000000779100000)
 ParOldGen       total 104448K, used 10837K [0x00000006c2c00000, 0x00000006c9200000, 0x000000076b980000)
  object space 104448K, 10% used [0x00000006c2c00000,0x00000006c3695400,0x00000006c9200000)
 Metaspace       used 32256K, capacity 34080K, committed 34304K, reserved 1079296K
  class space    used 3879K, capacity 4225K, committed 4352K, reserved 1048576K
}
Event: 3.493 GC heap before
{Heap before GC invocations=13 (full 1):
 PSYoungGen      total 148480K, used 52111K [0x000000076b980000, 0x0000000779100000, 0x00000007c0000000)
  eden space 139776K, 33% used [0x000000076b980000,0x000000076e6c8650,0x0000000774200000)
  from space 8704K, 65% used [0x0000000774200000,0x000000077479b7c0,0x0000000774a80000)
  to   space 8704K, 0% used [0x0000000778880000,0x0000000778880000,0x0000000779100000)
 ParOldGen       total 104448K, used 10837K [0x00000006c2c00000, 0x00000006c9200000, 0x000000076b980000)
  object space 104448K, 10% used [0x00000006c2c00000,0x00000006c3695400,0x00000006c9200000)
 Metaspace       used 33470K, capacity 35296K, committed 35456K, reserved 1081344K
  class space    used 4039K, capacity 4417K, committed 4480K, reserved 1048576K
Event: 3.496 GC heap after
Heap after GC invocations=13 (full 1):
 PSYoungGen      total 211968K, used 2019K [0x000000076b980000, 0x0000000779180000, 0x00000007c0000000)
  eden space 203264K, 0% used [0x000000076b980000,0x000000076b980000,0x0000000778000000)
  from space 8704K, 23% used [0x0000000778880000,0x0000000778a78fa8,0x0000000779100000)
  to   space 8704K, 0% used [0x0000000778000000,0x0000000778000000,0x0000000778880000)
 ParOldGen       total 104448K, used 14135K [0x00000006c2c00000, 0x00000006c9200000, 0x000000076b980000)
  object space 104448K, 13% used [0x00000006c2c00000,0x00000006c39cdf98,0x00000006c9200000)
 Metaspace       used 33470K, capacity 35296K, committed 35456K, reserved 1081344K
  class space    used 4039K, capacity 4417K, committed 4480K, reserved 1048576K
}
Event: 3.496 GC heap before
{Heap before GC invocations=14 (full 2):
 PSYoungGen      total 211968K, used 2019K [0x000000076b980000, 0x0000000779180000, 0x00000007c0000000)
  eden space 203264K, 0% used [0x000000076b980000,0x000000076b980000,0x0000000778000000)
  from space 8704K, 23% used [0x0000000778880000,0x0000000778a78fa8,0x0000000779100000)
  to   space 8704K, 0% used [0x0000000778000000,0x0000000778000000,0x0000000778880000)
 ParOldGen       total 104448K, used 14135K [0x00000006c2c00000, 0x00000006c9200000, 0x000000076b980000)
  object space 104448K, 13% used [0x00000006c2c00000,0x00000006c39cdf98,0x00000006c9200000)
 Metaspace       used 33470K, capacity 35296K, committed 35456K, reserved 1081344K
  class space    used 4039K, capacity 4417K, committed 4480K, reserved 1048576K
Event: 3.567 GC heap after
Heap after GC invocations=14 (full 2):
 PSYoungGen      total 211968K, used 0K [0x000000076b980000, 0x0000000779180000, 0x00000007c0000000)
  eden space 203264K, 0% used [0x000000076b980000,0x000000076b980000,0x0000000778000000)
  from space 8704K, 0% used [0x0000000778880000,0x0000000778880000,0x0000000779100000)
  to   space 8704K, 0% used [0x0000000778000000,0x0000000778000000,0x0000000778880000)
 ParOldGen       total 104448K, used 14401K [0x00000006c2c00000, 0x00000006c9200000, 0x000000076b980000)
  object space 104448K, 13% used [0x00000006c2c00000,0x00000006c3a107e0,0x00000006c9200000)
 Metaspace       used 33470K, capacity 35296K, committed 35456K, reserved 1081344K
  class space    used 4039K, capacity 4417K, committed 4480K, reserved 1048576K
}

Deoptimization events (10 events):
Event: 3.197 Thread 0x0000025554e46800 Uncommon trap: reason=unstable_if action=reinterpret pc=0x00000255368525e4 method=java.util.concurrent.ConcurrentHashMap.addCount(JI)V @ 34
Event: 3.209 Thread 0x0000025554e46800 Uncommon trap: reason=unstable_if action=reinterpret pc=0x00000255366eb8a8 method=org.jacoco.agent.rt.internal_035b120.asm.commons.AnalyzerAdapter.pop(Ljava/lang/String;)V @ 77
Event: 3.212 Thread 0x0000025554e46800 Uncommon trap: reason=unstable_if action=reinterpret pc=0x0000025536431ba4 method=org.jacoco.agent.rt.internal_035b120.asm.commons.AnalyzerAdapter.pop(Ljava/lang/String;)V @ 77
Event: 3.224 Thread 0x0000025554da9000 Uncommon trap: reason=bimorphic action=maybe_recompile pc=0x0000025536a88354 method=org.jacoco.agent.rt.internal_035b120.asm.SymbolTable.copyBootstrapMethods(Lorg/jacoco/agent/rt/internal_035b120/asm/ClassReader;[C)V @ 220
Event: 3.377 Thread 0x00000255344bb800 Uncommon trap: reason=bimorphic action=maybe_recompile pc=0x0000025536828b7c method=java.util.HashMap.putVal(ILjava/lang/Object;Ljava/lang/Object;ZZ)Ljava/lang/Object; @ 203
Event: 3.462 Thread 0x0000025554e46800 Uncommon trap: reason=unstable_if action=reinterpret pc=0x00000255365d6e18 method=jdk.internal.org.objectweb.asm.Type.getArgumentsAndReturnSizes(Ljava/lang/String;)I @ 47
Event: 3.927 Thread 0x00000255344bb800 Uncommon trap: reason=unstable_if action=reinterpret pc=0x0000025536a82cfc method=java.util.Arrays.equals([Ljava/lang/Object;[Ljava/lang/Object;)Z @ 65
Event: 3.969 Thread 0x00000255344bb800 Uncommon trap: reason=bimorphic action=maybe_recompile pc=0x0000025536663948 method=org.jacoco.agent.rt.internal_035b120.asm.tree.FrameNode.accept(Lorg/jacoco/agent/rt/internal_035b120/asm/MethodVisitor;)V @ 81
Event: 3.969 Thread 0x00000255344bb800 Uncommon trap: reason=bimorphic action=maybe_recompile pc=0x0000025536663948 method=org.jacoco.agent.rt.internal_035b120.asm.tree.FrameNode.accept(Lorg/jacoco/agent/rt/internal_035b120/asm/MethodVisitor;)V @ 81
Event: 3.969 Thread 0x00000255344bb800 Uncommon trap: reason=bimorphic action=maybe_recompile pc=0x0000025536663948 method=org.jacoco.agent.rt.internal_035b120.asm.tree.FrameNode.accept(Lorg/jacoco/agent/rt/internal_035b120/asm/MethodVisitor;)V @ 81

Classes redefined (0 events):
No events

Internal exceptions (10 events):
Event: 3.864 Thread 0x00000255344bb800 Implicit null exception at 0x00000255361a9d08 to 0x00000255361aa51e
Event: 3.864 Thread 0x00000255344bb800 Exception <a 'java/lang/NullPointerException'> (0x000000076ff66878) thrown at [C:\jenkins\workspace\8-2-build-windows-amd64-cygwin\jdk8u311\1894\hotspot\src\share\vm\runtime\sharedRuntime.cpp, line 609]
Event: 3.867 Thread 0x00000255344bb800 Implicit null exception at 0x00000255361a9d08 to 0x00000255361aa51e
Event: 3.867 Thread 0x00000255344bb800 Exception <a 'java/lang/NullPointerException'> (0x000000076ffff570) thrown at [C:\jenkins\workspace\8-2-build-windows-amd64-cygwin\jdk8u311\1894\hotspot\src\share\vm\runtime\sharedRuntime.cpp, line 609]
Event: 3.873 Thread 0x00000255344bb800 Implicit null exception at 0x00000255361a9d08 to 0x00000255361aa51e
Event: 3.873 Thread 0x00000255344bb800 Exception <a 'java/lang/NullPointerException'> (0x000000077027f930) thrown at [C:\jenkins\workspace\8-2-build-windows-amd64-cygwin\jdk8u311\1894\hotspot\src\share\vm\runtime\sharedRuntime.cpp, line 609]
Event: 4.078 Thread 0x00000255344bb800 Implicit null exception at 0x00000255361a9d08 to 0x00000255361aa51e
Event: 4.078 Thread 0x00000255344bb800 Exception <a 'java/lang/NullPointerException'> (0x00000007740401f0) thrown at [C:\jenkins\workspace\8-2-build-windows-amd64-cygwin\jdk8u311\1894\hotspot\src\share\vm\runtime\sharedRuntime.cpp, line 609]
Event: 4.093 Thread 0x00000255344bb800 Implicit null exception at 0x00000255361a9d08 to 0x00000255361aa51e
Event: 4.093 Thread 0x00000255344bb800 Exception <a 'java/lang/NullPointerException'> (0x000000077438d8d0) thrown at [C:\jenkins\workspace\8-2-build-windows-amd64-cygwin\jdk8u311\1894\hotspot\src\share\vm\runtime\sharedRuntime.cpp, line 609]

Events (10 events):
Event: 4.102 loading class org/springframework/boot/autoconfigure/orm/jpa/JpaBaseConfiguration$JpaWebConfiguration
Event: 4.102 loading class org/springframework/boot/autoconfigure/orm/jpa/JpaBaseConfiguration$JpaWebConfiguration done
Event: 4.103 loading class org/springframework/boot/autoconfigure/orm/jpa/HibernateJpaConfiguration
Event: 4.103 loading class org/springframework/boot/autoconfigure/orm/jpa/HibernateJpaConfiguration done
Event: 4.104 loading class org/springframework/boot/autoconfigure/orm/jpa/JpaBaseConfiguration
Event: 4.104 loading class org/springframework/boot/autoconfigure/orm/jpa/JpaBaseConfiguration done
Event: 4.105 loading class org/springframework/orm/jpa/JpaVendorAdapter
Event: 4.105 loading class org/springframework/orm/jpa/JpaVendorAdapter done
Event: 4.106 loading class org/springframework/orm/jpa/vendor/AbstractJpaVendorAdapter
Event: 4.106 loading class org/springframework/orm/jpa/vendor/AbstractJpaVendorAdapter done


Dynamic libraries:
0x00007ff621550000 - 0x00007ff621597000 	C:\Program Files\Java\jdk1.8.0_311\jre\bin\java.exe
0x00007ffb095c0000 - 0x00007ffb097c9000 	C:\WINDOWS\SYSTEM32\ntdll.dll
0x00007ffb08150000 - 0x00007ffb0820d000 	C:\WINDOWS\System32\KERNEL32.DLL
0x00007ffb070e0000 - 0x00007ffb07454000 	C:\WINDOWS\System32\KERNELBASE.dll
0x00007ffb08bd0000 - 0x00007ffb08c7e000 	C:\WINDOWS\System32\ADVAPI32.dll
0x00007ffb07640000 - 0x00007ffb076e3000 	C:\WINDOWS\System32\msvcrt.dll
0x00007ffb08c80000 - 0x00007ffb08d1e000 	C:\WINDOWS\System32\sechost.dll
0x00007ffb08840000 - 0x00007ffb08960000 	C:\WINDOWS\System32\RPCRT4.dll
0x00007ffb076f0000 - 0x00007ffb0789c000 	C:\WINDOWS\System32\USER32.dll
0x00007ffb07030000 - 0x00007ffb07056000 	C:\WINDOWS\System32\win32u.dll
0x00007ffb08b40000 - 0x00007ffb08b69000 	C:\WINDOWS\System32\GDI32.dll
0x00007ffb06e50000 - 0x00007ffb06f62000 	C:\WINDOWS\System32\gdi32full.dll
0x00007ffb06b20000 - 0x00007ffb06bbd000 	C:\WINDOWS\System32\msvcp_win.dll
0x00007ffb06d30000 - 0x00007ffb06e41000 	C:\WINDOWS\System32\ucrtbase.dll
0x00007ffae99c0000 - 0x00007ffae9c65000 	C:\WINDOWS\WinSxS\amd64_microsoft.windows.common-controls_6595b64144ccf1df_6.0.22000.120_none_9d947278b86cc467\COMCTL32.dll
0x00007ffb08a70000 - 0x00007ffb08aa1000 	C:\WINDOWS\System32\IMM32.DLL
0x00007ffaf6150000 - 0x00007ffaf6165000 	C:\Program Files\Java\jdk1.8.0_311\jre\bin\vcruntime140.dll
0x00007ffac58a0000 - 0x00007ffac593b000 	C:\Program Files\Java\jdk1.8.0_311\jre\bin\msvcp140.dll
0x0000000051320000 - 0x0000000051b80000 	C:\Program Files\Java\jdk1.8.0_311\jre\bin\server\jvm.dll
0x00007ffb08b30000 - 0x00007ffb08b38000 	C:\WINDOWS\System32\PSAPI.DLL
0x00007ffb01de0000 - 0x00007ffb01de9000 	C:\WINDOWS\SYSTEM32\WSOCK32.dll
0x00007ffb00b30000 - 0x00007ffb00b63000 	C:\WINDOWS\SYSTEM32\WINMM.dll
0x00007ffb018f0000 - 0x00007ffb018fa000 	C:\WINDOWS\SYSTEM32\VERSION.dll
0x00007ffb07930000 - 0x00007ffb0799f000 	C:\WINDOWS\System32\WS2_32.dll
0x00007ffb05ca0000 - 0x00007ffb05cb8000 	C:\WINDOWS\SYSTEM32\kernel.appcore.dll
0x00007ffaf72f0000 - 0x00007ffaf7300000 	C:\Program Files\Java\jdk1.8.0_311\jre\bin\verify.dll
0x00007ffad4920000 - 0x00007ffad494b000 	C:\Program Files\Java\jdk1.8.0_311\jre\bin\java.dll
0x00007ffaf5b90000 - 0x00007ffaf5bc0000 	C:\Program Files\Java\jdk1.8.0_311\jre\bin\instrument.dll
0x00007ffaf5bc0000 - 0x00007ffaf5bd8000 	C:\Program Files\Java\jdk1.8.0_311\jre\bin\zip.dll
0x00007ffb08d20000 - 0x00007ffb094ce000 	C:\WINDOWS\System32\SHELL32.dll
0x00007ffb04c30000 - 0x00007ffb05498000 	C:\WINDOWS\SYSTEM32\windows.storage.dll
0x00007ffb07dd0000 - 0x00007ffb08148000 	C:\WINDOWS\System32\combase.dll
0x00007ffb04ac0000 - 0x00007ffb04c26000 	C:\WINDOWS\SYSTEM32\wintypes.dll
0x00007ffb08980000 - 0x00007ffb08a6a000 	C:\WINDOWS\System32\SHCORE.dll
0x00007ffb07b20000 - 0x00007ffb07b7d000 	C:\WINDOWS\System32\shlwapi.dll
0x00007ffb069e0000 - 0x00007ffb06a01000 	C:\WINDOWS\SYSTEM32\profapi.dll
0x00007ffaf2ef0000 - 0x00007ffaf2f0c000 	C:\Program Files\Java\jdk1.8.0_311\jre\bin\net.dll
0x00007ffb060d0000 - 0x00007ffb06137000 	C:\WINDOWS\system32\mswsock.dll
0x00007ffae6ca0000 - 0x00007ffae6cb7000 	C:\WINDOWS\system32\napinsp.dll
0x00007ffae6c60000 - 0x00007ffae6c7b000 	C:\WINDOWS\system32\pnrpnsp.dll
0x00007ffb05800000 - 0x00007ffb058e7000 	C:\WINDOWS\SYSTEM32\DNSAPI.dll
0x00007ffb057d0000 - 0x00007ffb057fd000 	C:\WINDOWS\SYSTEM32\IPHLPAPI.DLL
0x00007ffb07460000 - 0x00007ffb07469000 	C:\WINDOWS\System32\NSI.dll
0x00007ffae69b0000 - 0x00007ffae69c2000 	C:\WINDOWS\System32\winrnr.dll
0x00007ffaff410000 - 0x00007ffaff425000 	C:\WINDOWS\system32\wshbth.dll
0x00007ffae6990000 - 0x00007ffae69af000 	C:\WINDOWS\system32\nlansp_c.dll
0x00007ffafd6b0000 - 0x00007ffafd6ba000 	C:\Windows\System32\rasadhlp.dll
0x00007ffafeb20000 - 0x00007ffafeba1000 	C:\WINDOWS\System32\fwpuclnt.dll
0x00007ffae1160000 - 0x00007ffae1173000 	C:\Program Files\Java\jdk1.8.0_311\jre\bin\nio.dll
0x00007ffb00cb0000 - 0x00007ffb00cbd000 	C:\Program Files\Java\jdk1.8.0_311\jre\bin\management.dll
0x00007ffb00b00000 - 0x00007ffb00b19000 	C:\WINDOWS\SYSTEM32\dhcpcsvc6.DLL
0x00007ffb01900000 - 0x00007ffb0191e000 	C:\WINDOWS\SYSTEM32\dhcpcsvc.DLL
0x00007ffafd7b0000 - 0x00007ffafd9d1000 	C:\WINDOWS\SYSTEM32\dbghelp.dll
0x00007ffb07060000 - 0x00007ffb070df000 	C:\WINDOWS\System32\bcryptPrimitives.dll

VM Arguments:
jvm_args: -javaagent:C:\\Users\\happy\\.m2\\repository\\org\\jacoco\\org.jacoco.agent\\0.8.4\\org.jacoco.agent-0.8.4-runtime.jar=destfile=C:\\Users\\happy\\aline-capstone\\aline-underwriter-mircoservice-RY\\underwriter-microservice\\target\\jacoco.exec 
java_command: C:\Users\happy\AppData\Local\Temp\surefire3032657042534657256\surefirebooter1689236897118739804.jar C:\Users\happy\AppData\Local\Temp\surefire3032657042534657256 2022-04-11T13-42-12_543-jvmRun1 surefire8815067003430338519tmp surefire_06712643064701462776tmp
java_class_path (initial): C:\Users\happy\AppData\Local\Temp\surefire3032657042534657256\surefirebooter1689236897118739804.jar;C:\\Users\\happy\\.m2\\repository\\org\\jacoco\\org.jacoco.agent\\0.8.4\\org.jacoco.agent-0.8.4-runtime.jar
Launcher Type: SUN_STANDARD

Environment Variables:
JAVA_HOME=C:/Program Files/Java/jdk1.8.0_311
PATH=C:\Program Files\Git\mingw64\bin;C:\Program Files\Git\usr\bin;C:\Users\happy\bin;C:\Program Files\Common Files\Oracle\Java\javapath;C:\Program Files (x86)\Common Files\Oracle\Java\javapath;C:\Python310\Scripts;C:\Python310;C:\Windows\system32;C:\Windows;C:\Windows\System32\Wbem;C:\Windows\System32\WindowsPowerShell\v1.0;C:\Windows\System32\OpenSSH;C:\Program Files\NVIDIA Corporation\NVIDIA NvDLISR;C:\Program Files (x86)\NVIDIA Corporation\PhysX\Common;C:\Program Files\Git\cmd;C:\Program Files\nodejs;C:\ProgramData\chocolatey\bin;C:\WINDOWS\system32;C:\WINDOWS;C:\WINDOWS\System32\Wbem;C:\WINDOWS\System32\WindowsPowerShell\v1.0;C:\WINDOWS\System32\OpenSSH;C:\HashiCorp\Vagrant\bin;C:\Program Files\PuTTY;C:\Program Files\MySQL\MySQL Shell 8.0\bin;C:\Users\happy\AppData\Local\Microsoft\WindowsApps;C:\Users\happy\AppData\Local\Programs\Microsoft VS Code\bin;C:\Users\happy\AppData\Roaming\npm;C:\Program Files\Java\jdk1.8.0_311;C:\apache-maven-3.8.5\bin
USERNAME=happy
OS=Windows_NT
PROCESSOR_IDENTIFIER=Intel64 Family 6 Model 165 Stepping 2, GenuineIntel



---------------  S Y S T E M  ---------------

OS: Windows 10.0 , 64 bit Build 22000 (10.0.22000.434)

CPU:total 8 (initial active 8) (4 cores per cpu, 2 threads per core) family 6 model 165 stepping 2, cmov, cx8, fxsr, mmx, sse, sse2, sse3, ssse3, sse4.1, sse4.2, popcnt, avx, avx2, aes, clmul, erms, 3dnowpref, lzcnt, ht, tsc, tscinvbit, bmi1, bmi2, adx

Memory: 4k page, physical 16593196k(3520120k free), swap 19584300k(5292k free)

vm_info: Java HotSpot(TM) 64-Bit Server VM (25.311-b11) for windows-amd64 JRE (1.8.0_311-b11), built on Sep 27 2021 05:15:14 by "java_re" with MS VC++ 15.9 (VS2017)

time: Mon Apr 11 13:42:21 2022
timezone: Mountain Daylight Time
elapsed time: 4.121345 seconds (0d 0h 0m 4s)

