#
# There is insufficient memory for the Java Runtime Environment to continue.
# Native memory allocation (malloc) failed to allocate 2785568 bytes for Chunk::new
# Possible reasons:
#   The system is out of physical RAM or swap space
#   The process is running with CompressedOops enabled, and the Java Heap may be blocking the growth of the native heap
# Possible solutions:
#   Reduce memory load on the system
#   Increase physical memory or swap space
#   Check if swap backing store is full
#   Decrease Java heap size (-Xmx/-Xms)
#   Decrease number of Java threads
#   Decrease Java thread stack sizes (-Xss)
#   Set larger code cache with -XX:ReservedCodeCacheSize=
#   JVM is running with Zero Based Compressed Oops mode in which the Java heap is
#     placed in the first 32GB address space. The Java Heap base address is the
#     maximum limit for the native heap growth. Please use -XX:HeapBaseMinAddress
#     to set the Java Heap base and to place the Java Heap above 32GB virtual address.
# This output file may be truncated or incomplete.
#
#  Out of Memory Error (allocation.cpp:389), pid=14192, tid=0x00000000000047a0
#
# JRE version: Java(TM) SE Runtime Environment (8.0_311-b11) (build 1.8.0_311-b11)
# Java VM: Java HotSpot(TM) 64-Bit Server VM (25.311-b11 mixed mode windows-amd64 compressed oops)
# Failed to write core dump. Minidumps are not enabled by default on client versions of Windows
#

---------------  T H R E A D  ---------------

Current thread (0x0000016069940800):  JavaThread "C2 CompilerThread2" daemon [_thread_in_native, id=18336, stack(0x000000427b000000,0x000000427b100000)]

Stack: [0x000000427b000000,0x000000427b100000]
Native frames: (J=compiled Java code, j=interpreted, Vv=VM code, C=native code)
V  [jvm.dll+0x32f239]
V  [jvm.dll+0x275882]
V  [jvm.dll+0x27652d]
V  [jvm.dll+0x26cf65]
V  [jvm.dll+0xd558c]
V  [jvm.dll+0xd5d8c]
V  [jvm.dll+0x470b65]
V  [jvm.dll+0x438210]
V  [jvm.dll+0x441215]
V  [jvm.dll+0x4405d5]
V  [jvm.dll+0x42b38b]
V  [jvm.dll+0xac22b]
V  [jvm.dll+0xaa88b]
V  [jvm.dll+0x23df22]
V  [jvm.dll+0x29253c]
C  [ucrtbase.dll+0x26c0c]
C  [KERNEL32.DLL+0x154e0]
C  [ntdll.dll+0x485b]


Current CompileTask:
C2:  12280 9926       4       org.springframework.boot.context.properties.source.SpringIterableConfigurationPropertySource$Mappings::updateMappings (427 bytes)


---------------  P R O C E S S  ---------------

Java Threads: ( => current thread )
  0x000001606a2a6800 JavaThread "java-sdk-http-connection-reaper" daemon [_thread_blocked, id=19228, stack(0x000000427b900000,0x000000427ba00000)]
  0x000001606a2ab000 JavaThread "HikariPool-1 housekeeper" daemon [_thread_blocked, id=15364, stack(0x000000427b600000,0x000000427b700000)]
  0x000001606a2a8000 JavaThread "mysql-cj-abandoned-connection-cleanup" daemon [_thread_blocked, id=2172, stack(0x000000427b700000,0x000000427b800000)]
  0x000001606a2a7000 JavaThread "surefire-forkedjvm-ping-30s" daemon [_thread_blocked, id=8300, stack(0x000000427b500000,0x000000427b600000)]
  0x000001606a2ac800 JavaThread "surefire-forkedjvm-command-thread" daemon [_thread_in_native, id=17296, stack(0x000000427b400000,0x000000427b500000)]
  0x0000016069a34800 JavaThread "Service Thread" daemon [_thread_blocked, id=2096, stack(0x000000427b200000,0x000000427b300000)]
  0x00000160699eb800 JavaThread "C1 CompilerThread3" daemon [_thread_blocked, id=2152, stack(0x000000427b100000,0x000000427b200000)]
=>0x0000016069940800 JavaThread "C2 CompilerThread2" daemon [_thread_in_native, id=18336, stack(0x000000427b000000,0x000000427b100000)]
  0x0000016069940000 JavaThread "C2 CompilerThread1" daemon [_thread_in_native, id=8940, stack(0x000000427af00000,0x000000427b000000)]
  0x0000016069946000 JavaThread "C2 CompilerThread0" daemon [_thread_in_native, id=11676, stack(0x000000427ae00000,0x000000427af00000)]
  0x00000160673bf000 JavaThread "Attach Listener" daemon [_thread_blocked, id=12468, stack(0x000000427ad00000,0x000000427ae00000)]
  0x00000160673be000 JavaThread "Signal Dispatcher" daemon [_thread_blocked, id=10984, stack(0x000000427ac00000,0x000000427ad00000)]
  0x000001606739b000 JavaThread "Finalizer" daemon [_thread_blocked, id=16732, stack(0x000000427ab00000,0x000000427ac00000)]
  0x000001606738f800 JavaThread "Reference Handler" daemon [_thread_blocked, id=5860, stack(0x000000427aa00000,0x000000427ab00000)]
  0x000001604c7cb000 JavaThread "main" [_thread_in_Java, id=19892, stack(0x000000427a000000,0x000000427a100000)]

Other Threads:
  0x0000016067366000 VMThread [stack: 0x000000427a900000,0x000000427aa00000] [id=1704]
  0x0000016069979800 WatcherThread [stack: 0x000000427b300000,0x000000427b400000] [id=12032]

VM state:not at safepoint (normal execution)

VM Mutex/Monitor currently owned by a thread: None

heap address: 0x00000006c2c00000, size: 4052 MB, Compressed Oops mode: Zero based, Oop shift amount: 3
Narrow klass base: 0x0000000000000000, Narrow klass shift: 3
Compressed class space size: 1073741824 Address: 0x00000007c0000000

Heap:
 PSYoungGen      total 676352K, used 35528K [0x000000076b980000, 0x0000000798400000, 0x00000007c0000000)
  eden space 651776K, 4% used [0x000000076b980000,0x000000076d5c0188,0x0000000793600000)
  from space 24576K, 26% used [0x0000000794d80000,0x00000007953f1ea8,0x0000000796580000)
  to   space 24064K, 0% used [0x0000000793600000,0x0000000793600000,0x0000000794d80000)
 ParOldGen       total 209408K, used 46180K [0x00000006c2c00000, 0x00000006cf880000, 0x000000076b980000)
  object space 209408K, 22% used [0x00000006c2c00000,0x00000006c5919030,0x00000006cf880000)
 Metaspace       used 87714K, capacity 92294K, committed 92632K, reserved 1130496K
  class space    used 10657K, capacity 11424K, committed 11520K, reserved 1048576K

Card table byte_map: [0x000001605d570000,0x000001605dd60000] byte_map_base: 0x0000016059f5a000

Marking Bits: (ParMarkBitMap*) 0x000000006e0b8030
 Begin Bits: [0x000001605e2b0000, 0x0000016062200000)
 End Bits:   [0x0000016062200000, 0x0000016066150000)

Polling page: 0x000001604c780000

CodeCache: size=245760Kb used=31412Kb max_used=31412Kb free=214347Kb
 bounds [0x000001604e1b0000, 0x00000160500f0000, 0x000001605d1b0000]
 total_blobs=8671 nmethods=8073 adapters=509
 compilation: enabled

Compilation events (10 events):
Event: 12.260 Thread 0x00000160699eb800 nmethod 10023 0x000001604fca6b50 code [0x000001604fca73e0, 0x000001604fcad2b0]
Event: 12.260 Thread 0x00000160699eb800 10024       3       org.springframework.beans.factory.support.DefaultListableBeanFactory::isAutowireCandidate (195 bytes)
Event: 12.261 Thread 0x00000160699eb800 nmethod 10024 0x000001604fb893d0 code [0x000001604fb89680, 0x000001604fb8a860]
Event: 12.261 Thread 0x00000160699eb800 10025       3       org.springframework.beans.factory.support.DefaultListableBeanFactory$$Lambda$694/580933160::get$Lambda (12 bytes)
Event: 12.261 Thread 0x00000160699eb800 nmethod 10025 0x000001604f9a8510 code [0x000001604f9a8680, 0x000001604f9a8938]
Event: 12.263 Thread 0x00000160699eb800 10026       3       org.springframework.beans.factory.support.GenericTypeAwareAutowireCandidateResolver::checkGenericTypeMatch (521 bytes)
Event: 12.265 Thread 0x00000160699eb800 nmethod 10026 0x000001604fca27d0 code [0x000001604fca2c00, 0x000001604fca5230]
Event: 12.265 Thread 0x00000160699eb800 10027       3       org.springframework.beans.factory.annotation.InitDestroyAnnotationBeanPostProcessor::buildLifecycleMetadata (261 bytes)
Event: 12.266 Thread 0x00000160699eb800 nmethod 10027 0x000001604ed8cbd0 code [0x000001604ed8cf20, 0x000001604ed8eb60]
Event: 12.270 Thread 0x00000160699eb800 10028       3       org.springframework.beans.AbstractPropertyAccessor::$jacocoInit (52 bytes)

GC Heap History (10 events):
Event: 7.152 GC heap before
{Heap before GC invocations=13 (full 2):
 PSYoungGen      total 436224K, used 76310K [0x000000076b980000, 0x0000000787800000, 0x00000007c0000000)
  eden space 421888K, 14% used [0x000000076b980000,0x000000076f60bf68,0x0000000785580000)
  from space 14336K, 99% used [0x0000000786680000,0x0000000787479c68,0x0000000787480000)
  to   space 17408K, 0% used [0x0000000785580000,0x0000000785580000,0x0000000786680000)
 ParOldGen       total 156672K, used 22393K [0x00000006c2c00000, 0x00000006cc500000, 0x000000076b980000)
  object space 156672K, 14% used [0x00000006c2c00000,0x00000006c41de6a0,0x00000006cc500000)
 Metaspace       used 56222K, capacity 58852K, committed 59096K, reserved 1101824K
  class space    used 6844K, capacity 7343K, committed 7424K, reserved 1048576K
Event: 7.163 GC heap after
Heap after GC invocations=13 (full 2):
 PSYoungGen      total 439296K, used 2288K [0x000000076b980000, 0x000000078fe80000, 0x00000007c0000000)
  eden space 421888K, 0% used [0x000000076b980000,0x000000076b980000,0x0000000785580000)
  from space 17408K, 13% used [0x0000000785580000,0x00000007857bc358,0x0000000786680000)
  to   space 17920K, 0% used [0x000000078ed00000,0x000000078ed00000,0x000000078fe80000)
 ParOldGen       total 156672K, used 32127K [0x00000006c2c00000, 0x00000006cc500000, 0x000000076b980000)
  object space 156672K, 20% used [0x00000006c2c00000,0x00000006c4b5fdb0,0x00000006cc500000)
 Metaspace       used 56222K, capacity 58852K, committed 59096K, reserved 1101824K
  class space    used 6844K, capacity 7343K, committed 7424K, reserved 1048576K
}
Event: 7.163 GC heap before
{Heap before GC invocations=14 (full 3):
 PSYoungGen      total 439296K, used 2288K [0x000000076b980000, 0x000000078fe80000, 0x00000007c0000000)
  eden space 421888K, 0% used [0x000000076b980000,0x000000076b980000,0x0000000785580000)
  from space 17408K, 13% used [0x0000000785580000,0x00000007857bc358,0x0000000786680000)
  to   space 17920K, 0% used [0x000000078ed00000,0x000000078ed00000,0x000000078fe80000)
 ParOldGen       total 156672K, used 32127K [0x00000006c2c00000, 0x00000006cc500000, 0x000000076b980000)
  object space 156672K, 20% used [0x00000006c2c00000,0x00000006c4b5fdb0,0x00000006cc500000)
 Metaspace       used 56222K, capacity 58852K, committed 59096K, reserved 1101824K
  class space    used 6844K, capacity 7343K, committed 7424K, reserved 1048576K
Event: 7.257 GC heap after
Heap after GC invocations=14 (full 3):
 PSYoungGen      total 439296K, used 0K [0x000000076b980000, 0x000000078fe80000, 0x00000007c0000000)
  eden space 421888K, 0% used [0x000000076b980000,0x000000076b980000,0x0000000785580000)
  from space 17408K, 0% used [0x0000000785580000,0x0000000785580000,0x0000000786680000)
  to   space 17920K, 0% used [0x000000078ed00000,0x000000078ed00000,0x000000078fe80000)
 ParOldGen       total 209408K, used 21721K [0x00000006c2c00000, 0x00000006cf880000, 0x000000076b980000)
  object space 209408K, 10% used [0x00000006c2c00000,0x00000006c4136740,0x00000006cf880000)
 Metaspace       used 56222K, capacity 58852K, committed 59096K, reserved 1101824K
  class space    used 6844K, capacity 7343K, committed 7424K, reserved 1048576K
}
Event: 9.045 GC heap before
{Heap before GC invocations=15 (full 3):
 PSYoungGen      total 439296K, used 421888K [0x000000076b980000, 0x000000078fe80000, 0x00000007c0000000)
  eden space 421888K, 100% used [0x000000076b980000,0x0000000785580000,0x0000000785580000)
  from space 17408K, 0% used [0x0000000785580000,0x0000000785580000,0x0000000786680000)
  to   space 17920K, 0% used [0x000000078ed00000,0x000000078ed00000,0x000000078fe80000)
 ParOldGen       total 209408K, used 21721K [0x00000006c2c00000, 0x00000006cf880000, 0x000000076b980000)
  object space 209408K, 10% used [0x00000006c2c00000,0x00000006c4136740,0x00000006cf880000)
 Metaspace       used 70198K, capacity 73548K, committed 73944K, reserved 1114112K
  class space    used 8538K, capacity 9111K, committed 9216K, reserved 1048576K
Event: 9.056 GC heap after
Heap after GC invocations=15 (full 3):
 PSYoungGen      total 544256K, used 15017K [0x000000076b980000, 0x000000078fc00000, 0x00000007c0000000)
  eden space 528896K, 0% used [0x000000076b980000,0x000000076b980000,0x000000078be00000)
  from space 15360K, 97% used [0x000000078ed00000,0x000000078fbaa6d8,0x000000078fc00000)
  to   space 19456K, 0% used [0x000000078d600000,0x000000078d600000,0x000000078e900000)
 ParOldGen       total 209408K, used 21729K [0x00000006c2c00000, 0x00000006cf880000, 0x000000076b980000)
  object space 209408K, 10% used [0x00000006c2c00000,0x00000006c4138740,0x00000006cf880000)
 Metaspace       used 70198K, capacity 73548K, committed 73944K, reserved 1114112K
  class space    used 8538K, capacity 9111K, committed 9216K, reserved 1048576K
}
Event: 10.994 GC heap before
{Heap before GC invocations=16 (full 3):
 PSYoungGen      total 544256K, used 543913K [0x000000076b980000, 0x000000078fc00000, 0x00000007c0000000)
  eden space 528896K, 100% used [0x000000076b980000,0x000000078be00000,0x000000078be00000)
  from space 15360K, 97% used [0x000000078ed00000,0x000000078fbaa6d8,0x000000078fc00000)
  to   space 19456K, 0% used [0x000000078d600000,0x000000078d600000,0x000000078e900000)
 ParOldGen       total 209408K, used 21729K [0x00000006c2c00000, 0x00000006cf880000, 0x000000076b980000)
  object space 209408K, 10% used [0x00000006c2c00000,0x00000006c4138740,0x00000006cf880000)
 Metaspace       used 83953K, capacity 88128K, committed 88280K, reserved 1126400K
  class space    used 10246K, capacity 10971K, committed 11008K, reserved 1048576K
Event: 11.008 GC heap after
Heap after GC invocations=16 (full 3):
 PSYoungGen      total 572928K, used 19450K [0x000000076b980000, 0x0000000796580000, 0x00000007c0000000)
  eden space 553472K, 0% used [0x000000076b980000,0x000000076b980000,0x000000078d600000)
  from space 19456K, 99% used [0x000000078d600000,0x000000078e8fe838,0x000000078e900000)
  to   space 24576K, 0% used [0x0000000794d80000,0x0000000794d80000,0x0000000796580000)
 ParOldGen       total 209408K, used 28439K [0x00000006c2c00000, 0x00000006cf880000, 0x000000076b980000)
  object space 209408K, 13% used [0x00000006c2c00000,0x00000006c47c5c60,0x00000006cf880000)
 Metaspace       used 83953K, capacity 88128K, committed 88280K, reserved 1126400K
  class space    used 10246K, capacity 10971K, committed 11008K, reserved 1048576K
}
Event: 12.224 GC heap before
{Heap before GC invocations=17 (full 3):
 PSYoungGen      total 572928K, used 572922K [0x000000076b980000, 0x0000000796580000, 0x00000007c0000000)
  eden space 553472K, 100% used [0x000000076b980000,0x000000078d600000,0x000000078d600000)
  from space 19456K, 99% used [0x000000078d600000,0x000000078e8fe838,0x000000078e900000)
  to   space 24576K, 0% used [0x0000000794d80000,0x0000000794d80000,0x0000000796580000)
 ParOldGen       total 209408K, used 28439K [0x00000006c2c00000, 0x00000006cf880000, 0x000000076b980000)
  object space 209408K, 13% used [0x00000006c2c00000,0x00000006c47c5c60,0x00000006cf880000)
 Metaspace       used 87579K, capacity 92160K, committed 92376K, reserved 1130496K
  class space    used 10637K, capacity 11423K, committed 11520K, reserved 1048576K
Event: 12.241 GC heap after
Heap after GC invocations=17 (full 3):
 PSYoungGen      total 676352K, used 6599K [0x000000076b980000, 0x0000000798400000, 0x00000007c0000000)
  eden space 651776K, 0% used [0x000000076b980000,0x000000076b980000,0x0000000793600000)
  from space 24576K, 26% used [0x0000000794d80000,0x00000007953f1ea8,0x0000000796580000)
  to   space 24064K, 0% used [0x0000000793600000,0x0000000793600000,0x0000000794d80000)
 ParOldGen       total 209408K, used 46180K [0x00000006c2c00000, 0x00000006cf880000, 0x000000076b980000)
  object space 209408K, 22% used [0x00000006c2c00000,0x00000006c5919030,0x00000006cf880000)
 Metaspace       used 87579K, capacity 92160K, committed 92376K, reserved 1130496K
  class space    used 10637K, capacity 11423K, committed 11520K, reserved 1048576K
}

Deoptimization events (10 events):
Event: 11.595 Thread 0x00000160725d5800 Uncommon trap: reason=unstable_if action=reinterpret pc=0x000001604eebf32c method=io.github.classgraph.ClasspathElementZip.open(Lnonapi/io/github/classgraph/concurrency/WorkQueue;Lnonapi/io/github/classgraph/utils/LogNode;)V @ 1360
Event: 12.083 Thread 0x000001604c7cb000 Uncommon trap: reason=unstable_if action=reinterpret pc=0x000001604fb9ceb0 method=org.springframework.beans.factory.support.AbstractBeanFactory.isTypeMatch(Ljava/lang/String;Lorg/springframework/core/ResolvableType;Z)Z @ 1267
Event: 12.099 Thread 0x000001604c7cb000 Uncommon trap: reason=unstable_if action=reinterpret pc=0x000001604fbaa030 method=org.springframework.core.annotation.AnnotationsScanner.processClassHierarchy(Ljava/lang/Object;[ILjava/lang/Class;Lorg/springframework/core/annotation/AnnotationsProcessor;Z
Event: 12.120 Thread 0x000001604c7cb000 Uncommon trap: reason=unstable_if action=reinterpret pc=0x000001604f1d0038 method=org.springframework.core.annotation.AnnotationsScanner.isKnownEmpty(Ljava/lang/reflect/AnnotatedElement;Lorg/springframework/core/annotation/MergedAnnotations$SearchStrategy
Event: 12.120 Thread 0x000001604c7cb000 Uncommon trap: reason=unstable_if action=reinterpret pc=0x000001604f2f98ac method=org.springframework.core.annotation.AnnotationsScanner.isKnownEmpty(Ljava/lang/reflect/AnnotatedElement;Lorg/springframework/core/annotation/MergedAnnotations$SearchStrategy
Event: 12.120 Thread 0x000001604c7cb000 Uncommon trap: reason=unstable_if action=reinterpret pc=0x000001604e458d50 method=org.springframework.core.annotation.AnnotationsScanner.isKnownEmpty(Ljava/lang/reflect/AnnotatedElement;Lorg/springframework/core/annotation/MergedAnnotations$SearchStrategy
Event: 12.241 Thread 0x000001606738f800 Uncommon trap: reason=unstable_if action=reinterpret pc=0x000001604e3a1ac0 method=java.lang.ref.Reference.tryHandlePending(Z)Z @ 20
Event: 12.242 Thread 0x0000016069a34800 Uncommon trap: reason=class_check action=maybe_recompile pc=0x000001604fc767e8 method=java.util.stream.StreamOpFlag.fromCharacteristics(Ljava/util/Spliterator;)I @ 14
Event: 12.242 Thread 0x0000016069a34800 Uncommon trap: reason=class_check action=maybe_recompile pc=0x000001604ef1d23c method=java.util.stream.StreamOpFlag.fromCharacteristics(Ljava/util/Spliterator;)I @ 14
Event: 12.242 Thread 0x0000016069a34800 Uncommon trap: reason=class_check action=maybe_recompile pc=0x000001604f66b978 method=java.util.stream.StreamOpFlag.fromCharacteristics(Ljava/util/Spliterator;)I @ 14

Classes redefined (0 events):
No events

Internal exceptions (10 events):
Event: 12.263 Thread 0x000001604c7cb000 Exception <a 'java/lang/ClassNotFoundException': org/springframework/boot/web/client/RestTemplateCustomizerCustomizer> (0x000000076c5f62d8) thrown at [C:\jenkins\workspace\8-2-build-windows-amd64-cygwin\jdk8u311\1894\hotspot\src\share\vm\classfile\systemD
Event: 12.265 Thread 0x000001604c7cb000 Exception <a 'java/lang/ClassNotFoundException': java/lang/ObjectCustomizer> (0x000000076c638ac0) thrown at [C:\jenkins\workspace\8-2-build-windows-amd64-cygwin\jdk8u311\1894\hotspot\src\share\vm\classfile\systemDictionary.cpp, line 212]
Event: 12.266 Thread 0x000001604c7cb000 Exception <a 'java/lang/ClassNotFoundException': org/springframework/boot/web/servlet/RegistrationBeanCustomizer> (0x000000076c667438) thrown at [C:\jenkins\workspace\8-2-build-windows-amd64-cygwin\jdk8u311\1894\hotspot\src\share\vm\classfile\systemDictio
Event: 12.266 Thread 0x000001604c7cb000 Exception <a 'java/lang/ClassNotFoundException': org/springframework/boot/web/servlet/DynamicRegistrationBeanCustomizer> (0x000000076c69b9a0) thrown at [C:\jenkins\workspace\8-2-build-windows-amd64-cygwin\jdk8u311\1894\hotspot\src\share\vm\classfile\syste
Event: 12.267 Thread 0x000001604c7cb000 Exception <a 'java/lang/ClassNotFoundException': org/springframework/boot/web/servlet/AbstractFilterRegistrationBeanCustomizer> (0x000000076c6d7bd8) thrown at [C:\jenkins\workspace\8-2-build-windows-amd64-cygwin\jdk8u311\1894\hotspot\src\share\vm\classfil
Event: 12.267 Thread 0x000001604c7cb000 Exception <a 'java/lang/ClassNotFoundException': org/springframework/boot/web/servlet/FilterRegistrationBeanCustomizer> (0x000000076c726148) thrown at [C:\jenkins\workspace\8-2-build-windows-amd64-cygwin\jdk8u311\1894\hotspot\src\share\vm\classfile\system
Event: 12.268 Thread 0x000001604c7cb000 Exception <a 'java/lang/ClassNotFoundException': org/springframework/boot/web/servlet/ServletContextInitializerCustomizer> (0x000000076c76b788) thrown at [C:\jenkins\workspace\8-2-build-windows-amd64-cygwin\jdk8u311\1894\hotspot\src\share\vm\classfile\sys
Event: 12.268 Thread 0x000001604c7cb000 Exception <a 'java/lang/ClassNotFoundException': org/springframework/core/OrderedCustomizer> (0x000000076c78c860) thrown at [C:\jenkins\workspace\8-2-build-windows-amd64-cygwin\jdk8u311\1894\hotspot\src\share\vm\classfile\systemDictionary.cpp, line 212]
Event: 12.269 Thread 0x000001604c7cb000 Exception <a 'java/lang/ClassNotFoundException': java/lang/ObjectCustomizer> (0x000000076c7b3cb8) thrown at [C:\jenkins\workspace\8-2-build-windows-amd64-cygwin\jdk8u311\1894\hotspot\src\share\vm\classfile\systemDictionary.cpp, line 212]
Event: 12.270 Thread 0x000001604c7cb000 Exception <a 'java/lang/ClassNotFoundException': org/springframework/boot/actuate/autoconfigure/metrics/web/tomcat/TomcatMetricsAutoConfigurationCustomizer> (0x000000076c7f6000) thrown at [C:\jenkins\workspace\8-2-build-windows-amd64-cygwin\jdk8u311\1894\

Events (10 events):
Event: 12.269 loading class java/lang/ObjectCustomizer
Event: 12.269 loading class java/lang/ObjectCustomizer done
Event: 12.269 loading class java/lang/ObjectCustomizer
Event: 12.269 loading class java/lang/ObjectCustomizer done
Event: 12.269 loading class org/springframework/boot/actuate/autoconfigure/metrics/web/tomcat/TomcatMetricsAutoConfigurationCustomizer
Event: 12.269 loading class org/springframework/boot/actuate/autoconfigure/metrics/web/tomcat/TomcatMetricsAutoConfigurationCustomizer done
Event: 12.269 loading class org/springframework/boot/actuate/autoconfigure/metrics/web/tomcat/TomcatMetricsAutoConfigurationCustomizer
Event: 12.269 loading class org/springframework/boot/actuate/autoconfigure/metrics/web/tomcat/TomcatMetricsAutoConfigurationCustomizer done
Event: 12.270 loading class org/springframework/boot/actuate/autoconfigure/metrics/web/tomcat/TomcatMetricsAutoConfigurationCustomizer
Event: 12.270 loading class org/springframework/boot/actuate/autoconfigure/metrics/web/tomcat/TomcatMetricsAutoConfigurationCustomizer done


Dynamic libraries:
0x00007ff736820000 - 0x00007ff736867000 	C:\Program Files\Java\jdk1.8.0_311\jre\bin\java.exe
0x00007ffa6eee0000 - 0x00007ffa6f0e9000 	C:\WINDOWS\SYSTEM32\ntdll.dll
0x00007ffa6da80000 - 0x00007ffa6db3d000 	C:\WINDOWS\System32\KERNEL32.DLL
0x00007ffa6c5e0000 - 0x00007ffa6c954000 	C:\WINDOWS\System32\KERNELBASE.dll
0x00007ffa6d070000 - 0x00007ffa6d11e000 	C:\WINDOWS\System32\ADVAPI32.dll
0x00007ffa6edb0000 - 0x00007ffa6ee53000 	C:\WINDOWS\System32\msvcrt.dll
0x00007ffa6db40000 - 0x00007ffa6dbde000 	C:\WINDOWS\System32\sechost.dll
0x00007ffa6dde0000 - 0x00007ffa6df00000 	C:\WINDOWS\System32\RPCRT4.dll
0x00007ffa6d180000 - 0x00007ffa6d32c000 	C:\WINDOWS\System32\USER32.dll
0x00007ffa6c3d0000 - 0x00007ffa6c3f6000 	C:\WINDOWS\System32\win32u.dll
0x00007ffa6ea90000 - 0x00007ffa6eab9000 	C:\WINDOWS\System32\GDI32.dll
0x00007ffa6c4c0000 - 0x00007ffa6c5d2000 	C:\WINDOWS\System32\gdi32full.dll
0x00007ffa6cce0000 - 0x00007ffa6cd7d000 	C:\WINDOWS\System32\msvcp_win.dll
0x00007ffa6ca50000 - 0x00007ffa6cb61000 	C:\WINDOWS\System32\ucrtbase.dll
0x00007ffa52460000 - 0x00007ffa52705000 	C:\WINDOWS\WinSxS\amd64_microsoft.windows.common-controls_6595b64144ccf1df_6.0.22000.120_none_9d947278b86cc467\COMCTL32.dll
0x00007ffa6ee60000 - 0x00007ffa6ee91000 	C:\WINDOWS\System32\IMM32.DLL
0x00007ffa69870000 - 0x00007ffa69885000 	C:\Program Files\Java\jdk1.8.0_311\jre\bin\vcruntime140.dll
0x00007ffa58a20000 - 0x00007ffa58abb000 	C:\Program Files\Java\jdk1.8.0_311\jre\bin\msvcp140.dll
0x000000006d8d0000 - 0x000000006e130000 	C:\Program Files\Java\jdk1.8.0_311\jre\bin\server\jvm.dll
0x00007ffa6dcb0000 - 0x00007ffa6dcb8000 	C:\WINDOWS\System32\PSAPI.DLL
0x00007ffa66410000 - 0x00007ffa66443000 	C:\WINDOWS\SYSTEM32\WINMM.dll
0x00007ffa67200000 - 0x00007ffa6720a000 	C:\WINDOWS\SYSTEM32\VERSION.dll
0x00007ffa67800000 - 0x00007ffa67809000 	C:\WINDOWS\SYSTEM32\WSOCK32.dll
0x00007ffa6d4f0000 - 0x00007ffa6d55f000 	C:\WINDOWS\System32\WS2_32.dll
0x00007ffa6b5c0000 - 0x00007ffa6b5d8000 	C:\WINDOWS\SYSTEM32\kernel.appcore.dll
0x00007ffa698d0000 - 0x00007ffa698e0000 	C:\Program Files\Java\jdk1.8.0_311\jre\bin\verify.dll
0x00007ffa67890000 - 0x00007ffa678bb000 	C:\Program Files\Java\jdk1.8.0_311\jre\bin\java.dll
0x00007ffa69220000 - 0x00007ffa69250000 	C:\Program Files\Java\jdk1.8.0_311\jre\bin\instrument.dll
0x00007ffa67a50000 - 0x00007ffa67a68000 	C:\Program Files\Java\jdk1.8.0_311\jre\bin\zip.dll
0x00007ffa6e2e0000 - 0x00007ffa6ea8e000 	C:\WINDOWS\System32\SHELL32.dll
0x00007ffa6a550000 - 0x00007ffa6adb8000 	C:\WINDOWS\SYSTEM32\windows.storage.dll
0x00007ffa6df00000 - 0x00007ffa6e278000 	C:\WINDOWS\System32\combase.dll
0x00007ffa6a3e0000 - 0x00007ffa6a546000 	C:\WINDOWS\SYSTEM32\wintypes.dll
0x00007ffa6cd90000 - 0x00007ffa6ce7a000 	C:\WINDOWS\System32\SHCORE.dll
0x00007ffa6ebb0000 - 0x00007ffa6ec0d000 	C:\WINDOWS\System32\shlwapi.dll
0x00007ffa6c300000 - 0x00007ffa6c321000 	C:\WINDOWS\SYSTEM32\profapi.dll
0x00007ffa665b0000 - 0x00007ffa665cc000 	C:\Program Files\Java\jdk1.8.0_311\jre\bin\net.dll
0x00007ffa6b9f0000 - 0x00007ffa6ba57000 	C:\WINDOWS\system32\mswsock.dll
0x00007ffa4c010000 - 0x00007ffa4c027000 	C:\WINDOWS\system32\napinsp.dll
0x00007ffa4bff0000 - 0x00007ffa4c00b000 	C:\WINDOWS\system32\pnrpnsp.dll
0x00007ffa6b160000 - 0x00007ffa6b247000 	C:\WINDOWS\SYSTEM32\DNSAPI.dll
0x00007ffa6b0f0000 - 0x00007ffa6b11d000 	C:\WINDOWS\SYSTEM32\IPHLPAPI.DLL
0x00007ffa6dca0000 - 0x00007ffa6dca9000 	C:\WINDOWS\System32\NSI.dll
0x00007ffa4bfd0000 - 0x00007ffa4bfe2000 	C:\WINDOWS\System32\winrnr.dll
0x00007ffa64900000 - 0x00007ffa64915000 	C:\WINDOWS\system32\wshbth.dll
0x00007ffa4bfb0000 - 0x00007ffa4bfcf000 	C:\WINDOWS\system32\nlansp_c.dll
0x00007ffa62930000 - 0x00007ffa6293a000 	C:\Windows\System32\rasadhlp.dll
0x00007ffa64730000 - 0x00007ffa647b1000 	C:\WINDOWS\System32\fwpuclnt.dll
0x00007ffa5b7e0000 - 0x00007ffa5b7f3000 	C:\Program Files\Java\jdk1.8.0_311\jre\bin\nio.dll
0x00007ffa69200000 - 0x00007ffa6920d000 	C:\Program Files\Java\jdk1.8.0_311\jre\bin\management.dll
0x00007ffa66450000 - 0x00007ffa66469000 	C:\WINDOWS\SYSTEM32\dhcpcsvc6.DLL
0x00007ffa67210000 - 0x00007ffa6722e000 	C:\WINDOWS\SYSTEM32\dhcpcsvc.DLL
0x00007ffa6bc30000 - 0x00007ffa6bc48000 	C:\WINDOWS\SYSTEM32\CRYPTSP.dll
0x00007ffa6b520000 - 0x00007ffa6b555000 	C:\WINDOWS\system32\rsaenh.dll
0x00007ffa6bae0000 - 0x00007ffa6bb09000 	C:\WINDOWS\SYSTEM32\USERENV.dll
0x00007ffa6bdb0000 - 0x00007ffa6bdd7000 	C:\WINDOWS\SYSTEM32\bcrypt.dll
0x00007ffa6c960000 - 0x00007ffa6c9df000 	C:\WINDOWS\System32\bcryptprimitives.dll
0x00007ffa6bc50000 - 0x00007ffa6bc5c000 	C:\WINDOWS\SYSTEM32\CRYPTBASE.dll
0x00007ffa5b790000 - 0x00007ffa5b7b4000 	C:\Program Files\Java\jdk1.8.0_311\jre\bin\sunec.dll
0x00007ffa63170000 - 0x00007ffa63391000 	C:\WINDOWS\SYSTEM32\dbghelp.dll

VM Arguments:
jvm_args: -javaagent:C:\\Users\\happy\\.m2\\repository\\org\\jacoco\\org.jacoco.agent\\0.8.4\\org.jacoco.agent-0.8.4-runtime.jar=destfile=C:\\Users\\happy\\aline-capstone\\aline-underwriter-mircoservice-RY\\underwriter-microservice\\target\\jacoco.exec 
java_command: C:\Users\happy\AppData\Local\Temp\surefire5606079773900561421\surefirebooter8161643104155412151.jar C:\Users\happy\AppData\Local\Temp\surefire5606079773900561421 2022-04-12T19-59-12_227-jvmRun1 surefire566295593623043888tmp surefire_05902349943575207573tmp
java_class_path (initial): C:\Users\happy\AppData\Local\Temp\surefire5606079773900561421\surefirebooter8161643104155412151.jar;C:\\Users\\happy\\.m2\\repository\\org\\jacoco\\org.jacoco.agent\\0.8.4\\org.jacoco.agent-0.8.4-runtime.jar
Launcher Type: SUN_STANDARD

Environment Variables:
JAVA_HOME=C:/Program Files/Java/jdk1.8.0_311
PATH=C:\Program Files\Git\mingw64\bin;C:\Program Files\Git\usr\bin;C:\Users\happy\bin;E:\dev\aline_capstone\virtual\Scripts;C:\Program Files\Common Files\Oracle\Java\javapath;C:\Program Files (x86)\Common Files\Oracle\Java\javapath;C:\Python310\Scripts;C:\Python310;C:\Windows\system32;C:\Windows;C:\Windows\System32\Wbem;C:\Windows\System32\WindowsPowerShell\v1.0;C:\Windows\System32\OpenSSH;C:\Program Files\NVIDIA Corporation\NVIDIA NvDLISR;C:\Program Files (x86)\NVIDIA Corporation\PhysX\Common;C:\Program Files\Git\cmd;C:\Program Files\nodejs;C:\ProgramData\chocolatey\bin;C:\WINDOWS\system32;C:\WINDOWS;C:\WINDOWS\System32\Wbem;C:\WINDOWS\System32\WindowsPowerShell\v1.0;C:\WINDOWS\System32\OpenSSH;C:\HashiCorp\Vagrant\bin;C:\Program Files\PuTTY;C:\Program Files\MySQL\MySQL Shell 8.0\bin;C:\Users\happy\AppData\Local\Microsoft\WindowsApps;C:\Users\happy\AppData\Local\Programs\Microsoft VS Code\bin;C:\Users\happy\AppData\Roaming\npm;C:\Program Files\Java\jdk1.8.0_311;C:\apache-maven-3.8.5\bin
USERNAME=happy
OS=Windows_NT
PROCESSOR_IDENTIFIER=Intel64 Family 6 Model 165 Stepping 2, GenuineIntel



---------------  S Y S T E M  ---------------

OS: Windows 10.0 , 64 bit Build 22000 (10.0.22000.434)

CPU:total 8 (initial active 8) (4 cores per cpu, 2 threads per core) family 6 model 165 stepping 2, cmov, cx8, fxsr, mmx, sse, sse2, sse3, ssse3, sse4.1, sse4.2, popcnt, avx, avx2, aes, clmul, erms, 3dnowpref, lzcnt, ht, tsc, tscinvbit, bmi1, bmi2, adx

Memory: 4k page, physical 16593196k(4307544k free), swap 19584300k(5712k free)

vm_info: Java HotSpot(TM) 64-Bit Server VM (25.311-b11) for windows-amd64 JRE (1.8.0_311-b11), built on Sep 27 2021 05:15:14 by "java_re" with MS VC++ 15.9 (VS2017)

time: Tue Apr 12 19:59:29 2022
timezone: Mountain Daylight Time
elapsed time: 12.283740 seconds (0d 0h 0m 12s)

