#
# There is insufficient memory for the Java Runtime Environment to continue.
# Native memory allocation (malloc) failed to allocate 1006256 bytes for Chunk::new
# Possible reasons:
#   The system is out of physical RAM or swap space
#   The process is running with CompressedOops enabled, and the Java Heap may be blocking the growth of the native heap
# Possible solutions:
#   Reduce memory load on the system
#   Increase physical memory or swap space
#   Check if swap backing store is full
#   Decrease Java heap size (-Xmx/-Xms)
#   Decrease number of Java threads
#   Decrease Java thread stack sizes (-Xss)
#   Set larger code cache with -XX:ReservedCodeCacheSize=
#   JVM is running with Zero Based Compressed Oops mode in which the Java heap is
#     placed in the first 32GB address space. The Java Heap base address is the
#     maximum limit for the native heap growth. Please use -XX:HeapBaseMinAddress
#     to set the Java Heap base and to place the Java Heap above 32GB virtual address.
# This output file may be truncated or incomplete.
#
#  Out of Memory Error (allocation.cpp:389), pid=16928, tid=0x00000000000040e4
#
# JRE version: Java(TM) SE Runtime Environment (8.0_311-b11) (build 1.8.0_311-b11)
# Java VM: Java HotSpot(TM) 64-Bit Server VM (25.311-b11 mixed mode windows-amd64 compressed oops)
# Failed to write core dump. Minidumps are not enabled by default on client versions of Windows
#

---------------  T H R E A D  ---------------

Current thread (0x000001f95adcc800):  JavaThread "C2 CompilerThread1" daemon [_thread_in_native, id=16612, stack(0x0000009627400000,0x0000009627500000)]

Stack: [0x0000009627400000,0x0000009627500000]
Native frames: (J=compiled Java code, j=interpreted, Vv=VM code, C=native code)
V  [jvm.dll+0x32f239]
V  [jvm.dll+0x275882]
V  [jvm.dll+0x27652d]
V  [jvm.dll+0x26cf65]
V  [jvm.dll+0xd558c]
V  [jvm.dll+0xd5d8c]
V  [jvm.dll+0x470b13]
V  [jvm.dll+0x438210]
V  [jvm.dll+0x441215]
V  [jvm.dll+0x4405d5]
V  [jvm.dll+0x42b38b]
V  [jvm.dll+0xac22b]
V  [jvm.dll+0xaa88b]
V  [jvm.dll+0x23df22]
V  [jvm.dll+0x29253c]
C  [ucrtbase.dll+0x26c0c]
C  [KERNEL32.DLL+0x154e0]
C  [ntdll.dll+0x485b]


Current CompileTask:
C2:   9478 4994       4       org.springframework.core.ResolvableType::as (141 bytes)


---------------  P R O C E S S  ---------------

Java Threads: ( => current thread )
  0x000001f95b0e2800 JavaThread "surefire-forkedjvm-ping-30s" daemon [_thread_blocked, id=16528, stack(0x0000009627a00000,0x0000009627b00000)]
  0x000001f95b03f800 JavaThread "surefire-forkedjvm-command-thread" daemon [_thread_in_native, id=2684, stack(0x0000009627900000,0x0000009627a00000)]
  0x000001f95adb6000 JavaThread "Service Thread" daemon [_thread_blocked, id=11892, stack(0x0000009627700000,0x0000009627800000)]
  0x000001f95adb5000 JavaThread "C1 CompilerThread3" daemon [_thread_blocked, id=6748, stack(0x0000009627600000,0x0000009627700000)]
  0x000001f95adcd000 JavaThread "C2 CompilerThread2" daemon [_thread_in_native, id=9644, stack(0x0000009627500000,0x0000009627600000)]
=>0x000001f95adcc800 JavaThread "C2 CompilerThread1" daemon [_thread_in_native, id=16612, stack(0x0000009627400000,0x0000009627500000)]
  0x000001f95adb7800 JavaThread "C2 CompilerThread0" daemon [_thread_in_native, id=8864, stack(0x0000009627300000,0x0000009627400000)]
  0x000001f958759800 JavaThread "Attach Listener" daemon [_thread_blocked, id=16440, stack(0x0000009627200000,0x0000009627300000)]
  0x000001f958758800 JavaThread "Signal Dispatcher" daemon [_thread_blocked, id=8488, stack(0x0000009627100000,0x0000009627200000)]
  0x000001f958732800 JavaThread "Finalizer" daemon [_thread_blocked, id=4900, stack(0x0000009627000000,0x0000009627100000)]
  0x000001f958723000 JavaThread "Reference Handler" daemon [_thread_blocked, id=1308, stack(0x0000009626f00000,0x0000009627000000)]
  0x000001f93d9fe000 JavaThread "main" [_thread_in_vm, id=12484, stack(0x0000009626500000,0x0000009626600000)]

Other Threads:
  0x000001f9586f8800 VMThread [stack: 0x0000009626e00000,0x0000009626f00000] [id=11688]
  0x000001f95ad13800 WatcherThread [stack: 0x0000009627800000,0x0000009627900000] [id=5596]

VM state:not at safepoint (normal execution)

VM Mutex/Monitor currently owned by a thread: None

heap address: 0x00000006c2c00000, size: 4052 MB, Compressed Oops mode: Zero based, Oop shift amount: 3
Narrow klass base: 0x0000000000000000, Narrow klass shift: 3
Compressed class space size: 1073741824 Address: 0x00000007c0000000

Heap:
 PSYoungGen      total 219136K, used 34058K [0x000000076b980000, 0x000000077ce80000, 0x00000007c0000000)
  eden space 210944K, 12% used [0x000000076b980000,0x000000076d2c3050,0x0000000778780000)
  from space 8192K, 99% used [0x0000000778780000,0x0000000778f7f998,0x0000000778f80000)
  to   space 9728K, 0% used [0x000000077c500000,0x000000077c500000,0x000000077ce80000)
 ParOldGen       total 159744K, used 15229K [0x00000006c2c00000, 0x00000006cc800000, 0x000000076b980000)
  object space 159744K, 9% used [0x00000006c2c00000,0x00000006c3adf5b8,0x00000006cc800000)
 Metaspace       used 38802K, capacity 41066K, committed 41344K, reserved 1085440K
  class space    used 4686K, capacity 5122K, committed 5248K, reserved 1048576K

Card table byte_map: [0x000001f94e900000,0x000001f94f0f0000] byte_map_base: 0x000001f94b2ea000

Marking Bits: (ParMarkBitMap*) 0x0000000066188030
 Begin Bits: [0x000001f94f640000, 0x000001f953590000)
 End Bits:   [0x000001f953590000, 0x000001f9574e0000)

Polling page: 0x000001f93dc50000

CodeCache: size=245760Kb used=17175Kb max_used=17175Kb free=228584Kb
 bounds [0x000001f93f540000, 0x000001f940620000, 0x000001f94e540000]
 total_blobs=4748 nmethods=4338 adapters=321
 compilation: enabled

Compilation events (10 events):
Event: 9.448 Thread 0x000001f95adcd000 5022       4       org.springframework.core.ResolvableType::getInterfaces (127 bytes)
Event: 9.449 Thread 0x000001f95adb5000 5023       3       org.springframework.beans.factory.support.GenericBeanDefinition::<init> (13 bytes)
Event: 9.449 Thread 0x000001f95adb5000 nmethod 5023 0x000001f94060cb10 code [0x000001f94060cca0, 0x000001f94060cf70]
Event: 9.451 Thread 0x000001f95adb5000 5024       3       org.springframework.beans.factory.support.RootBeanDefinition::<init> (58 bytes)
Event: 9.452 Thread 0x000001f95adb5000 nmethod 5024 0x000001f940612fd0 code [0x000001f940613180, 0x000001f940613630]
Event: 9.452 Thread 0x000001f95adb5000 5025       3       org.springframework.core.env.PropertySourcesPropertyResolver::getProperty (350 bytes)
Event: 9.453 Thread 0x000001f95adb5000 nmethod 5025 0x000001f940613910 code [0x000001f940613d00, 0x000001f940616150]
Event: 9.454 Thread 0x000001f95adb7800 5026 % !   4       org.springframework.beans.factory.support.DefaultListableBeanFactory::doGetBeanNamesForType @ 37 (1082 bytes)
Event: 9.457 Thread 0x000001f95adb5000 5027       3       org.springframework.context.annotation.ConfigurationMethod::getMetadata (13 bytes)
Event: 9.457 Thread 0x000001f95adb5000 nmethod 5027 0x000001f9405fbcd0 code [0x000001f9405fbe40, 0x000001f9405fc010]

GC Heap History (10 events):
Event: 6.871 GC heap before
{Heap before GC invocations=11 (full 1):
 PSYoungGen      total 110592K, used 109064K [0x000000076b980000, 0x0000000775800000, 0x00000007c0000000)
  eden space 102400K, 99% used [0x000000076b980000,0x0000000771d7e7c8,0x0000000771d80000)
  from space 8192K, 81% used [0x0000000771d80000,0x0000000772403a88,0x0000000772580000)
  to   space 8704K, 0% used [0x0000000774f80000,0x0000000774f80000,0x0000000775800000)
 ParOldGen       total 99840K, used 7414K [0x00000006c2c00000, 0x00000006c8d80000, 0x000000076b980000)
  object space 99840K, 7% used [0x00000006c2c00000,0x00000006c333dbd0,0x00000006c8d80000)
 Metaspace       used 30389K, capacity 32212K, committed 32512K, reserved 1077248K
  class space    used 3684K, capacity 4055K, committed 4096K, reserved 1048576K
Event: 6.876 GC heap after
Heap after GC invocations=11 (full 1):
 PSYoungGen      total 154112K, used 5057K [0x000000076b980000, 0x0000000775900000, 0x00000007c0000000)
  eden space 145408K, 0% used [0x000000076b980000,0x000000076b980000,0x0000000774780000)
  from space 8704K, 58% used [0x0000000774f80000,0x00000007754707c0,0x0000000775800000)
  to   space 8192K, 0% used [0x0000000774780000,0x0000000774780000,0x0000000774f80000)
 ParOldGen       total 99840K, used 8867K [0x00000006c2c00000, 0x00000006c8d80000, 0x000000076b980000)
  object space 99840K, 8% used [0x00000006c2c00000,0x00000006c34a8c00,0x00000006c8d80000)
 Metaspace       used 30389K, capacity 32212K, committed 32512K, reserved 1077248K
  class space    used 3684K, capacity 4055K, committed 4096K, reserved 1048576K
}
Event: 7.256 GC heap before
{Heap before GC invocations=12 (full 1):
 PSYoungGen      total 154112K, used 150465K [0x000000076b980000, 0x0000000775900000, 0x00000007c0000000)
  eden space 145408K, 100% used [0x000000076b980000,0x0000000774780000,0x0000000774780000)
  from space 8704K, 58% used [0x0000000774f80000,0x00000007754707c0,0x0000000775800000)
  to   space 8192K, 0% used [0x0000000774780000,0x0000000774780000,0x0000000774f80000)
 ParOldGen       total 99840K, used 8867K [0x00000006c2c00000, 0x00000006c8d80000, 0x000000076b980000)
  object space 99840K, 8% used [0x00000006c2c00000,0x00000006c34a8c00,0x00000006c8d80000)
 Metaspace       used 32480K, capacity 34300K, committed 34560K, reserved 1079296K
  class space    used 3908K, capacity 4257K, committed 4352K, reserved 1048576K
Event: 7.267 GC heap after
Heap after GC invocations=12 (full 1):
 PSYoungGen      total 153600K, used 4764K [0x000000076b980000, 0x0000000779780000, 0x00000007c0000000)
  eden space 145408K, 0% used [0x000000076b980000,0x000000076b980000,0x0000000774780000)
  from space 8192K, 58% used [0x0000000774780000,0x0000000774c27150,0x0000000774f80000)
  to   space 8192K, 0% used [0x0000000778f80000,0x0000000778f80000,0x0000000779780000)
 ParOldGen       total 99840K, used 11764K [0x00000006c2c00000, 0x00000006c8d80000, 0x000000076b980000)
  object space 99840K, 11% used [0x00000006c2c00000,0x00000006c377d028,0x00000006c8d80000)
 Metaspace       used 32480K, capacity 34300K, committed 34560K, reserved 1079296K
  class space    used 3908K, capacity 4257K, committed 4352K, reserved 1048576K
}
Event: 7.473 GC heap before
{Heap before GC invocations=13 (full 1):
 PSYoungGen      total 153600K, used 41762K [0x000000076b980000, 0x0000000779780000, 0x00000007c0000000)
  eden space 145408K, 25% used [0x000000076b980000,0x000000076dda16e8,0x0000000774780000)
  from space 8192K, 58% used [0x0000000774780000,0x0000000774c27150,0x0000000774f80000)
  to   space 8192K, 0% used [0x0000000778f80000,0x0000000778f80000,0x0000000779780000)
 ParOldGen       total 99840K, used 11764K [0x00000006c2c00000, 0x00000006c8d80000, 0x000000076b980000)
  object space 99840K, 11% used [0x00000006c2c00000,0x00000006c377d028,0x00000006c8d80000)
 Metaspace       used 33471K, capacity 35292K, committed 35456K, reserved 1081344K
  class space    used 4041K, capacity 4417K, committed 4480K, reserved 1048576K
Event: 7.478 GC heap after
Heap after GC invocations=13 (full 1):
 PSYoungGen      total 219136K, used 1694K [0x000000076b980000, 0x0000000779880000, 0x00000007c0000000)
  eden space 210944K, 0% used [0x000000076b980000,0x000000076b980000,0x0000000778780000)
  from space 8192K, 20% used [0x0000000778f80000,0x0000000779127b98,0x0000000779780000)
  to   space 8192K, 0% used [0x0000000778780000,0x0000000778780000,0x0000000778f80000)
 ParOldGen       total 99840K, used 14185K [0x00000006c2c00000, 0x00000006c8d80000, 0x000000076b980000)
  object space 99840K, 14% used [0x00000006c2c00000,0x00000006c39da488,0x00000006c8d80000)
 Metaspace       used 33471K, capacity 35292K, committed 35456K, reserved 1081344K
  class space    used 4041K, capacity 4417K, committed 4480K, reserved 1048576K
}
Event: 7.478 GC heap before
{Heap before GC invocations=14 (full 2):
 PSYoungGen      total 219136K, used 1694K [0x000000076b980000, 0x0000000779880000, 0x00000007c0000000)
  eden space 210944K, 0% used [0x000000076b980000,0x000000076b980000,0x0000000778780000)
  from space 8192K, 20% used [0x0000000778f80000,0x0000000779127b98,0x0000000779780000)
  to   space 8192K, 0% used [0x0000000778780000,0x0000000778780000,0x0000000778f80000)
 ParOldGen       total 99840K, used 14185K [0x00000006c2c00000, 0x00000006c8d80000, 0x000000076b980000)
  object space 99840K, 14% used [0x00000006c2c00000,0x00000006c39da488,0x00000006c8d80000)
 Metaspace       used 33471K, capacity 35292K, committed 35456K, reserved 1081344K
  class space    used 4041K, capacity 4417K, committed 4480K, reserved 1048576K
Event: 7.578 GC heap after
Heap after GC invocations=14 (full 2):
 PSYoungGen      total 219136K, used 0K [0x000000076b980000, 0x0000000779880000, 0x00000007c0000000)
  eden space 210944K, 0% used [0x000000076b980000,0x000000076b980000,0x0000000778780000)
  from space 8192K, 0% used [0x0000000778f80000,0x0000000778f80000,0x0000000779780000)
  to   space 8192K, 0% used [0x0000000778780000,0x0000000778780000,0x0000000778f80000)
 ParOldGen       total 159744K, used 14146K [0x00000006c2c00000, 0x00000006cc800000, 0x000000076b980000)
  object space 159744K, 8% used [0x00000006c2c00000,0x00000006c39d0890,0x00000006cc800000)
 Metaspace       used 33471K, capacity 35292K, committed 35456K, reserved 1081344K
  class space    used 4041K, capacity 4417K, committed 4480K, reserved 1048576K
}
Event: 9.203 GC heap before
{Heap before GC invocations=15 (full 2):
 PSYoungGen      total 219136K, used 210944K [0x000000076b980000, 0x0000000779880000, 0x00000007c0000000)
  eden space 210944K, 100% used [0x000000076b980000,0x0000000778780000,0x0000000778780000)
  from space 8192K, 0% used [0x0000000778f80000,0x0000000778f80000,0x0000000779780000)
  to   space 8192K, 0% used [0x0000000778780000,0x0000000778780000,0x0000000778f80000)
 ParOldGen       total 159744K, used 14146K [0x00000006c2c00000, 0x00000006cc800000, 0x000000076b980000)
  object space 159744K, 8% used [0x00000006c2c00000,0x00000006c39d0890,0x00000006cc800000)
 Metaspace       used 38264K, capacity 40554K, committed 40704K, reserved 1085440K
  class space    used 4613K, capacity 5058K, committed 5120K, reserved 1048576K
Event: 9.210 GC heap after
Heap after GC invocations=15 (full 2):
 PSYoungGen      total 219136K, used 8190K [0x000000076b980000, 0x000000077ce80000, 0x00000007c0000000)
  eden space 210944K, 0% used [0x000000076b980000,0x000000076b980000,0x0000000778780000)
  from space 8192K, 99% used [0x0000000778780000,0x0000000778f7f998,0x0000000778f80000)
  to   space 9728K, 0% used [0x000000077c500000,0x000000077c500000,0x000000077ce80000)
 ParOldGen       total 159744K, used 15229K [0x00000006c2c00000, 0x00000006cc800000, 0x000000076b980000)
  object space 159744K, 9% used [0x00000006c2c00000,0x00000006c3adf5b8,0x00000006cc800000)
 Metaspace       used 38264K, capacity 40554K, committed 40704K, reserved 1085440K
  class space    used 4613K, capacity 5058K, committed 5120K, reserved 1048576K
}

Deoptimization events (10 events):
Event: 9.067 Thread 0x000001f93d9fe000 Uncommon trap: reason=unstable_if action=reinterpret pc=0x000001f93f661f6c method=org.jacoco.agent.rt.internal_035b120.asm.AnnotationWriter.computeAnnotationsSize(Lorg/jacoco/agent/rt/internal_035b120/asm/AnnotationWriter;Lorg/jacoco/agent/rt/internal_035
Event: 9.067 Thread 0x000001f93d9fe000 Uncommon trap: reason=unstable_if action=reinterpret pc=0x000001f93f7e815c method=org.jacoco.agent.rt.internal_035b120.asm.FieldWriter.putFieldInfo(Lorg/jacoco/agent/rt/internal_035b120/asm/ByteVector;)V @ 145
Event: 9.119 Thread 0x000001f93d9fe000 Uncommon trap: reason=null_check action=maybe_recompile pc=0x000001f9405623dc method=org.jacoco.agent.rt.internal_035b120.CoverageTransformer.filter(Ljava/lang/ClassLoader;Ljava/lang/String;Ljava/security/ProtectionDomain;)Z @ 53
Event: 9.121 Thread 0x000001f93d9fe000 Uncommon trap: reason=null_check action=maybe_recompile pc=0x000001f9405623dc method=org.jacoco.agent.rt.internal_035b120.CoverageTransformer.filter(Ljava/lang/ClassLoader;Ljava/lang/String;Ljava/security/ProtectionDomain;)Z @ 53
Event: 9.123 Thread 0x000001f93d9fe000 Uncommon trap: reason=null_check action=maybe_recompile pc=0x000001f9405623dc method=org.jacoco.agent.rt.internal_035b120.CoverageTransformer.filter(Ljava/lang/ClassLoader;Ljava/lang/String;Ljava/security/ProtectionDomain;)Z @ 53
Event: 9.155 Thread 0x000001f93d9fe000 Uncommon trap: reason=bimorphic action=maybe_recompile pc=0x000001f93fbea108 method=org.jacoco.agent.rt.internal_035b120.asm.tree.FrameNode.accept(Lorg/jacoco/agent/rt/internal_035b120/asm/MethodVisitor;)V @ 81
Event: 9.156 Thread 0x000001f93d9fe000 Uncommon trap: reason=null_check action=maybe_recompile pc=0x000001f940585eec method=org.jacoco.agent.rt.internal_035b120.CoverageTransformer.filter(Ljava/lang/ClassLoader;Ljava/lang/String;Ljava/security/ProtectionDomain;)Z @ 53
Event: 9.173 Thread 0x000001f93d9fe000 Uncommon trap: reason=unstable_if action=reinterpret pc=0x000001f9403f6e5c method=java.util.stream.StreamOpFlag.getMask(I)I @ 1
Event: 9.173 Thread 0x000001f93d9fe000 Uncommon trap: reason=unstable_if action=reinterpret pc=0x000001f9403c1aa0 method=java.util.stream.StreamOpFlag.getMask(I)I @ 1
Event: 9.223 Thread 0x000001f93d9fe000 Uncommon trap: reason=null_check action=make_not_entrant pc=0x000001f94051c10c method=java.lang.Class.isAnnotation()Z @ 1

Classes redefined (0 events):
No events

Internal exceptions (10 events):
Event: 9.037 Thread 0x000001f93d9fe000 Exception <a 'java/lang/NullPointerException'> (0x0000000777a3fdf8) thrown at [C:\jenkins\workspace\8-2-build-windows-amd64-cygwin\jdk8u311\1894\hotspot\src\share\vm\runtime\sharedRuntime.cpp, line 609]
Event: 9.038 Thread 0x000001f93d9fe000 Implicit null exception at 0x000001f93f7e23d8 to 0x000001f93f7e2c0e
Event: 9.038 Thread 0x000001f93d9fe000 Exception <a 'java/lang/NullPointerException'> (0x0000000777a42d88) thrown at [C:\jenkins\workspace\8-2-build-windows-amd64-cygwin\jdk8u311\1894\hotspot\src\share\vm\runtime\sharedRuntime.cpp, line 609]
Event: 9.039 Thread 0x000001f93d9fe000 Implicit null exception at 0x000001f93f7e23d8 to 0x000001f93f7e2c0e
Event: 9.039 Thread 0x000001f93d9fe000 Exception <a 'java/lang/NullPointerException'> (0x0000000777a5cb08) thrown at [C:\jenkins\workspace\8-2-build-windows-amd64-cygwin\jdk8u311\1894\hotspot\src\share\vm\runtime\sharedRuntime.cpp, line 609]
Event: 9.119 Thread 0x000001f93d9fe000 Implicit null exception at 0x000001f940561457 to 0x000001f9405623d1
Event: 9.121 Thread 0x000001f93d9fe000 Implicit null exception at 0x000001f940561457 to 0x000001f9405623d1
Event: 9.123 Thread 0x000001f93d9fe000 Implicit null exception at 0x000001f940561457 to 0x000001f9405623d1
Event: 9.156 Thread 0x000001f93d9fe000 Implicit null exception at 0x000001f940583acb to 0x000001f940585edd
Event: 9.157 Thread 0x000001f93d9fe000 Exception <a 'java/lang/NoSuchMethodError': java.lang.Object.lambda$and$5([Ljava/lang/Object;)Ljava/util/stream/Stream;> (0x0000000778467bb0) thrown at [C:\jenkins\workspace\8-2-build-windows-amd64-cygwin\jdk8u311\1894\hotspot\src\share\vm\interpreter\lin

Events (10 events):
Event: 9.455 loading class org/springframework/cloud/config/client/ConfigClientAutoConfiguration$ConfigServerHealthIndicatorConfiguration
Event: 9.455 loading class org/springframework/cloud/config/client/ConfigClientAutoConfiguration$ConfigServerHealthIndicatorConfiguration done
Event: 9.455 loading class org/springframework/cloud/config/client/ConfigClientHealthProperties
Event: 9.455 loading class org/springframework/cloud/config/client/ConfigClientHealthProperties done
Event: 9.455 loading class org/springframework/cloud/config/client/ConfigServerHealthIndicator
Event: 9.455 loading class org/springframework/cloud/config/client/ConfigServerHealthIndicator done
Event: 9.456 loading class org/springframework/cloud/config/client/ConfigClientAutoConfiguration
Event: 9.456 loading class org/springframework/cloud/config/client/ConfigClientAutoConfiguration done
Event: 9.457 loading class org/springframework/cloud/configuration/CompatibilityVerifierProperties
Event: 9.457 loading class org/springframework/cloud/configuration/CompatibilityVerifierProperties done


Dynamic libraries:
0x00007ff6867b0000 - 0x00007ff6867f7000 	C:\Program Files\Java\jdk1.8.0_311\jre\bin\java.exe
0x00007ff8c43c0000 - 0x00007ff8c45c9000 	C:\WINDOWS\SYSTEM32\ntdll.dll
0x00007ff8c23b0000 - 0x00007ff8c246d000 	C:\WINDOWS\System32\KERNEL32.DLL
0x00007ff8c1b10000 - 0x00007ff8c1e84000 	C:\WINDOWS\System32\KERNELBASE.dll
0x00007ff8c3850000 - 0x00007ff8c38fe000 	C:\WINDOWS\System32\ADVAPI32.dll
0x00007ff8c2690000 - 0x00007ff8c2733000 	C:\WINDOWS\System32\msvcrt.dll
0x00007ff8c25f0000 - 0x00007ff8c268e000 	C:\WINDOWS\System32\sechost.dll
0x00007ff8c3ab0000 - 0x00007ff8c3bd0000 	C:\WINDOWS\System32\RPCRT4.dll
0x00007ff8c3900000 - 0x00007ff8c3aac000 	C:\WINDOWS\System32\USER32.dll
0x00007ff8c18b0000 - 0x00007ff8c18d6000 	C:\WINDOWS\System32\win32u.dll
0x00007ff8c24d0000 - 0x00007ff8c24f9000 	C:\WINDOWS\System32\GDI32.dll
0x00007ff8c2140000 - 0x00007ff8c2252000 	C:\WINDOWS\System32\gdi32full.dll
0x00007ff8c1e90000 - 0x00007ff8c1f2d000 	C:\WINDOWS\System32\msvcp_win.dll
0x00007ff8c1fa0000 - 0x00007ff8c20b1000 	C:\WINDOWS\System32\ucrtbase.dll
0x00007ff8a5930000 - 0x00007ff8a5bd5000 	C:\WINDOWS\WinSxS\amd64_microsoft.windows.common-controls_6595b64144ccf1df_6.0.22000.120_none_9d947278b86cc467\COMCTL32.dll
0x00007ff8c2370000 - 0x00007ff8c23a1000 	C:\WINDOWS\System32\IMM32.DLL
0x00007ff897e80000 - 0x00007ff897e95000 	C:\Program Files\Java\jdk1.8.0_311\jre\bin\vcruntime140.dll
0x00007ff879830000 - 0x00007ff8798cb000 	C:\Program Files\Java\jdk1.8.0_311\jre\bin\msvcp140.dll
0x00000000659a0000 - 0x0000000066200000 	C:\Program Files\Java\jdk1.8.0_311\jre\bin\server\jvm.dll
0x00007ff8c3310000 - 0x00007ff8c3318000 	C:\WINDOWS\System32\PSAPI.DLL
0x00007ff8be590000 - 0x00007ff8be599000 	C:\WINDOWS\SYSTEM32\WSOCK32.dll
0x00007ff8bc6e0000 - 0x00007ff8bc6ea000 	C:\WINDOWS\SYSTEM32\VERSION.dll
0x00007ff8bb920000 - 0x00007ff8bb953000 	C:\WINDOWS\SYSTEM32\WINMM.dll
0x00007ff8c2f00000 - 0x00007ff8c2f6f000 	C:\WINDOWS\System32\WS2_32.dll
0x00007ff8c0aa0000 - 0x00007ff8c0ab8000 	C:\WINDOWS\SYSTEM32\kernel.appcore.dll
0x00007ff8ac390000 - 0x00007ff8ac3a0000 	C:\Program Files\Java\jdk1.8.0_311\jre\bin\verify.dll
0x00007ff894df0000 - 0x00007ff894e1b000 	C:\Program Files\Java\jdk1.8.0_311\jre\bin\java.dll
0x00007ff886dc0000 - 0x00007ff886df0000 	C:\Program Files\Java\jdk1.8.0_311\jre\bin\instrument.dll
0x00007ff894dd0000 - 0x00007ff894de8000 	C:\Program Files\Java\jdk1.8.0_311\jre\bin\zip.dll
0x00007ff8c3bd0000 - 0x00007ff8c437e000 	C:\WINDOWS\System32\SHELL32.dll
0x00007ff8bfa30000 - 0x00007ff8c0298000 	C:\WINDOWS\SYSTEM32\windows.storage.dll
0x00007ff8c34d0000 - 0x00007ff8c3848000 	C:\WINDOWS\System32\combase.dll
0x00007ff8bf8c0000 - 0x00007ff8bfa26000 	C:\WINDOWS\SYSTEM32\wintypes.dll
0x00007ff8c3220000 - 0x00007ff8c330a000 	C:\WINDOWS\System32\SHCORE.dll
0x00007ff8c2820000 - 0x00007ff8c287d000 	C:\WINDOWS\System32\shlwapi.dll
0x00007ff8c17e0000 - 0x00007ff8c1801000 	C:\WINDOWS\SYSTEM32\profapi.dll
0x00007ff892740000 - 0x00007ff89275c000 	C:\Program Files\Java\jdk1.8.0_311\jre\bin\net.dll
0x00007ff8c0ed0000 - 0x00007ff8c0f37000 	C:\WINDOWS\system32\mswsock.dll
0x00007ff8a1750000 - 0x00007ff8a1767000 	C:\WINDOWS\system32\napinsp.dll
0x00007ff8a15c0000 - 0x00007ff8a15db000 	C:\WINDOWS\system32\pnrpnsp.dll
0x00007ff8c0600000 - 0x00007ff8c06e7000 	C:\WINDOWS\SYSTEM32\DNSAPI.dll
0x00007ff8c05d0000 - 0x00007ff8c05fd000 	C:\WINDOWS\SYSTEM32\IPHLPAPI.DLL
0x00007ff8c3150000 - 0x00007ff8c3159000 	C:\WINDOWS\System32\NSI.dll
0x00007ff8a11d0000 - 0x00007ff8a11e2000 	C:\WINDOWS\System32\winrnr.dll
0x00007ff8b9d10000 - 0x00007ff8b9d25000 	C:\WINDOWS\system32\wshbth.dll
0x00007ff8a11b0000 - 0x00007ff8a11cf000 	C:\WINDOWS\system32\nlansp_c.dll
0x00007ff8b7ef0000 - 0x00007ff8b7efa000 	C:\Windows\System32\rasadhlp.dll
0x00007ff8b9c80000 - 0x00007ff8b9d01000 	C:\WINDOWS\System32\fwpuclnt.dll
0x00007ff88e930000 - 0x00007ff88e943000 	C:\Program Files\Java\jdk1.8.0_311\jre\bin\nio.dll
0x00007ff8aab20000 - 0x00007ff8aab2d000 	C:\Program Files\Java\jdk1.8.0_311\jre\bin\management.dll
0x00007ff8bb830000 - 0x00007ff8bb849000 	C:\WINDOWS\SYSTEM32\dhcpcsvc6.DLL
0x00007ff8bbcb0000 - 0x00007ff8bbcce000 	C:\WINDOWS\SYSTEM32\dhcpcsvc.DLL
0x00007ff8b7930000 - 0x00007ff8b7b51000 	C:\WINDOWS\SYSTEM32\dbghelp.dll
0x00007ff8c20c0000 - 0x00007ff8c213f000 	C:\WINDOWS\System32\bcryptPrimitives.dll

VM Arguments:
jvm_args: -javaagent:C:\\Users\\happy\\.m2\\repository\\org\\jacoco\\org.jacoco.agent\\0.8.4\\org.jacoco.agent-0.8.4-runtime.jar=destfile=C:\\Users\\happy\\aline-capstone\\aline-underwriter-mircoservice-RY\\underwriter-microservice\\target\\jacoco.exec 
java_command: C:\Users\happy\AppData\Local\Temp\surefire7006597066412718462\surefirebooter8583119433056330188.jar C:\Users\happy\AppData\Local\Temp\surefire7006597066412718462 2022-04-12T12-06-33_358-jvmRun1 surefire1289466036172342161tmp surefire_03995319631760732411tmp
java_class_path (initial): C:\Users\happy\AppData\Local\Temp\surefire7006597066412718462\surefirebooter8583119433056330188.jar;C:\\Users\\happy\\.m2\\repository\\org\\jacoco\\org.jacoco.agent\\0.8.4\\org.jacoco.agent-0.8.4-runtime.jar
Launcher Type: SUN_STANDARD

Environment Variables:
JAVA_HOME=C:/Program Files/Java/jdk1.8.0_311
PATH=C:\Program Files\Git\mingw64\bin;C:\Program Files\Git\usr\bin;C:\Users\happy\bin;E:\dev\aline_capstone\virtual\Scripts;C:\Program Files\Common Files\Oracle\Java\javapath;C:\Program Files (x86)\Common Files\Oracle\Java\javapath;C:\Python310\Scripts;C:\Python310;C:\Windows\system32;C:\Windows;C:\Windows\System32\Wbem;C:\Windows\System32\WindowsPowerShell\v1.0;C:\Windows\System32\OpenSSH;C:\Program Files\NVIDIA Corporation\NVIDIA NvDLISR;C:\Program Files (x86)\NVIDIA Corporation\PhysX\Common;C:\Program Files\Git\cmd;C:\Program Files\nodejs;C:\ProgramData\chocolatey\bin;C:\WINDOWS\system32;C:\WINDOWS;C:\WINDOWS\System32\Wbem;C:\WINDOWS\System32\WindowsPowerShell\v1.0;C:\WINDOWS\System32\OpenSSH;C:\HashiCorp\Vagrant\bin;C:\Program Files\PuTTY;C:\Program Files\MySQL\MySQL Shell 8.0\bin;C:\Users\happy\AppData\Local\Microsoft\WindowsApps;C:\Users\happy\AppData\Local\Programs\Microsoft VS Code\bin;C:\Users\happy\AppData\Roaming\npm;C:\Program Files\Java\jdk1.8.0_311;C:\apache-maven-3.8.5\bin
USERNAME=happy
OS=Windows_NT
PROCESSOR_IDENTIFIER=Intel64 Family 6 Model 165 Stepping 2, GenuineIntel



---------------  S Y S T E M  ---------------

OS: Windows 10.0 , 64 bit Build 22000 (10.0.22000.434)

CPU:total 8 (initial active 8) (4 cores per cpu, 2 threads per core) family 6 model 165 stepping 2, cmov, cx8, fxsr, mmx, sse, sse2, sse3, ssse3, sse4.1, sse4.2, popcnt, avx, avx2, aes, clmul, erms, 3dnowpref, lzcnt, ht, tsc, tscinvbit, bmi1, bmi2, adx

Memory: 4k page, physical 16593196k(4164044k free), swap 19584300k(5120k free)

vm_info: Java HotSpot(TM) 64-Bit Server VM (25.311-b11) for windows-amd64 JRE (1.8.0_311-b11), built on Sep 27 2021 05:15:14 by "java_re" with MS VC++ 15.9 (VS2017)

time: Tue Apr 12 12:06:50 2022
timezone: Mountain Daylight Time
elapsed time: 9.482172 seconds (0d 0h 0m 9s)

