#
# There is insufficient memory for the Java Runtime Environment to continue.
# Native memory allocation (malloc) failed to allocate 1105568 bytes for Chunk::new
# Possible reasons:
#   The system is out of physical RAM or swap space
#   The process is running with CompressedOops enabled, and the Java Heap may be blocking the growth of the native heap
# Possible solutions:
#   Reduce memory load on the system
#   Increase physical memory or swap space
#   Check if swap backing store is full
#   Decrease Java heap size (-Xmx/-Xms)
#   Decrease number of Java threads
#   Decrease Java thread stack sizes (-Xss)
#   Set larger code cache with -XX:ReservedCodeCacheSize=
#   JVM is running with Zero Based Compressed Oops mode in which the Java heap is
#     placed in the first 32GB address space. The Java Heap base address is the
#     maximum limit for the native heap growth. Please use -XX:HeapBaseMinAddress
#     to set the Java Heap base and to place the Java Heap above 32GB virtual address.
# This output file may be truncated or incomplete.
#
#  Out of Memory Error (allocation.cpp:389), pid=12488, tid=0x0000000000001c20
#
# JRE version: Java(TM) SE Runtime Environment (8.0_311-b11) (build 1.8.0_311-b11)
# Java VM: Java HotSpot(TM) 64-Bit Server VM (25.311-b11 mixed mode windows-amd64 compressed oops)
# Failed to write core dump. Minidumps are not enabled by default on client versions of Windows
#

---------------  T H R E A D  ---------------

Current thread (0x0000029d59866800):  JavaThread "C2 CompilerThread0" daemon [_thread_in_native, id=7200, stack(0x000000a088800000,0x000000a088900000)]

Stack: [0x000000a088800000,0x000000a088900000]
Native frames: (J=compiled Java code, j=interpreted, Vv=VM code, C=native code)
V  [jvm.dll+0x32f239]
V  [jvm.dll+0x275882]
V  [jvm.dll+0x27652d]
V  [jvm.dll+0x26cf65]
V  [jvm.dll+0xd558c]
V  [jvm.dll+0xd5d8c]
V  [jvm.dll+0x470b65]
V  [jvm.dll+0x4383c8]
V  [jvm.dll+0x441215]
V  [jvm.dll+0x4405d5]
V  [jvm.dll+0x42b38b]
V  [jvm.dll+0xac22b]
V  [jvm.dll+0xaa88b]
V  [jvm.dll+0x23df22]
V  [jvm.dll+0x29253c]
C  [ucrtbase.dll+0x26c0c]
C  [KERNEL32.DLL+0x154e0]
C  [ntdll.dll+0x485b]


Current CompileTask:
C2:  19060 14895   !   4       java.beans.Introspector::getTargetPropertyInfo (582 bytes)


---------------  P R O C E S S  ---------------

Java Threads: ( => current thread )
  0x0000029d6a4cc000 JavaThread "HikariPool-2 connection adder" daemon [_thread_blocked, id=9956, stack(0x000000a089600000,0x000000a089700000)]
  0x0000029d6a4c9000 JavaThread "HikariPool-2 housekeeper" daemon [_thread_blocked, id=5640, stack(0x000000a089500000,0x000000a089600000)]
  0x0000029d5b186000 JavaThread "spring.cloud.inetutils" daemon [_thread_in_native, id=19132, stack(0x000000a089400000,0x000000a089500000)]
  0x0000029d5b181800 JavaThread "spring.cloud.inetutils" daemon [_thread_blocked, id=19892, stack(0x000000a089200000,0x000000a089300000)]
  0x0000029d5b17b000 JavaThread "java-sdk-http-connection-reaper" daemon [_thread_blocked, id=17016, stack(0x000000a089300000,0x000000a089400000)]
  0x0000029d5cae0000 JavaThread "HikariPool-1 housekeeper" daemon [_thread_blocked, id=3980, stack(0x000000a089000000,0x000000a089100000)]
  0x0000029d5dccc800 JavaThread "mysql-cj-abandoned-connection-cleanup" daemon [_thread_blocked, id=12056, stack(0x000000a089100000,0x000000a089200000)]
  0x0000029d5a0bb000 JavaThread "surefire-forkedjvm-ping-30s" daemon [_thread_blocked, id=5760, stack(0x000000a088f00000,0x000000a089000000)]
  0x0000029d59c38000 JavaThread "surefire-forkedjvm-command-thread" daemon [_thread_in_native, id=16484, stack(0x000000a088e00000,0x000000a088f00000)]
  0x0000029d598e8800 JavaThread "Service Thread" daemon [_thread_blocked, id=13008, stack(0x000000a088c00000,0x000000a088d00000)]
  0x0000029d5992b000 JavaThread "C1 CompilerThread3" daemon [_thread_blocked, id=8072, stack(0x000000a088b00000,0x000000a088c00000)]
  0x0000029d5992a800 JavaThread "C2 CompilerThread2" daemon [_thread_in_native, id=12148, stack(0x000000a088a00000,0x000000a088b00000)]
  0x0000029d59852000 JavaThread "C2 CompilerThread1" daemon [_thread_in_native, id=3344, stack(0x000000a088900000,0x000000a088a00000)]
=>0x0000029d59866800 JavaThread "C2 CompilerThread0" daemon [_thread_in_native, id=7200, stack(0x000000a088800000,0x000000a088900000)]
  0x0000029d572ae800 JavaThread "Attach Listener" daemon [_thread_blocked, id=14752, stack(0x000000a088700000,0x000000a088800000)]
  0x0000029d572ad800 JavaThread "Signal Dispatcher" daemon [_thread_blocked, id=19876, stack(0x000000a088600000,0x000000a088700000)]
  0x0000029d5728b000 JavaThread "Finalizer" daemon [_thread_blocked, id=11760, stack(0x000000a088500000,0x000000a088600000)]
  0x0000029d57281800 JavaThread "Reference Handler" daemon [_thread_blocked, id=12696, stack(0x000000a088400000,0x000000a088500000)]
  0x0000029d3c61c800 JavaThread "main" [_thread_in_Java, id=8220, stack(0x000000a087a00000,0x000000a087b00000)]

Other Threads:
  0x0000029d57259800 VMThread [stack: 0x000000a088300000,0x000000a088400000] [id=320]
  0x0000029d59969000 WatcherThread [stack: 0x000000a088d00000,0x000000a088e00000] [id=18156]

VM state:not at safepoint (normal execution)

VM Mutex/Monitor currently owned by a thread: None

heap address: 0x00000006c2c00000, size: 4052 MB, Compressed Oops mode: Zero based, Oop shift amount: 3
Narrow klass base: 0x0000000000000000, Narrow klass shift: 3
Compressed class space size: 1073741824 Address: 0x00000007c0000000

Heap:
 PSYoungGen      total 470528K, used 191429K [0x000000076b980000, 0x000000078cb00000, 0x00000007c0000000)
  eden space 447488K, 39% used [0x000000076b980000,0x00000007764dc610,0x0000000786e80000)
  from space 23040K, 69% used [0x0000000786e80000,0x0000000787e15018,0x0000000788500000)
  to   space 24064K, 0% used [0x000000078b380000,0x000000078b380000,0x000000078cb00000)
 ParOldGen       total 332800K, used 45968K [0x00000006c2c00000, 0x00000006d7100000, 0x000000076b980000)
  object space 332800K, 13% used [0x00000006c2c00000,0x00000006c58e43f0,0x00000006d7100000)
 Metaspace       used 98392K, capacity 104574K, committed 104640K, reserved 1140736K
  class space    used 11771K, capacity 12768K, committed 12776K, reserved 1048576K

Card table byte_map: [0x0000029d4d410000,0x0000029d4dc00000] byte_map_base: 0x0000029d49dfa000

Marking Bits: (ParMarkBitMap*) 0x000000006e0b8030
 Begin Bits: [0x0000029d4e150000, 0x0000029d520a0000)
 End Bits:   [0x0000029d520a0000, 0x0000029d55ff0000)

Polling page: 0x0000029d3e020000

CodeCache: size=245760Kb used=46580Kb max_used=46580Kb free=199179Kb
 bounds [0x0000029d3e050000, 0x0000029d40e10000, 0x0000029d4d050000]
 total_blobs=12648 nmethods=12011 adapters=548
 compilation: enabled

Compilation events (10 events):
Event: 19.044 Thread 0x0000029d5992b000 14925       3       org.springframework.boot.actuate.endpoint.annotation.DiscoveredOperationsFactory::$jacocoInit (53 bytes)
Event: 19.044 Thread 0x0000029d5992b000 nmethod 14925 0x0000029d40d91b10 code [0x0000029d40d91ce0, 0x0000029d40d92580]
Event: 19.044 Thread 0x0000029d5992b000 14926       3       java.util.EnumMap$EnumMapIterator::hasNext (64 bytes)
Event: 19.044 Thread 0x0000029d5992b000 nmethod 14926 0x0000029d40d8a690 code [0x0000029d40d8a800, 0x0000029d40d8ab18]
Event: 19.044 Thread 0x0000029d5992b000 14928       3       java.util.EnumMap$EntryIterator$Entry::checkIndexForEntryUse (18 bytes)
Event: 19.044 Thread 0x0000029d5992b000 nmethod 14928 0x0000029d40d8a210 code [0x0000029d40d8a380, 0x0000029d40d8a5d0]
Event: 19.044 Thread 0x0000029d5992b000 14927       1       java.util.EnumMap::access$1100 (5 bytes)
Event: 19.045 Thread 0x0000029d5992b000 nmethod 14927 0x0000029d40d91850 code [0x0000029d40d919a0, 0x0000029d40d91a98]
Event: 19.046 Thread 0x0000029d5992b000 14930   !   3       com.sun.proxy.$Proxy103::annotationType (29 bytes)
Event: 19.047 Thread 0x0000029d5992b000 nmethod 14930 0x0000029d40d910d0 code [0x0000029d40d91260, 0x0000029d40d916a0]

GC Heap History (10 events):
Event: 11.671 GC heap before
{Heap before GC invocations=23 (full 3):
 PSYoungGen      total 373760K, used 373748K [0x000000076b980000, 0x0000000786f80000, 0x00000007c0000000)
  eden space 357376K, 100% used [0x000000076b980000,0x0000000781680000,0x0000000781680000)
  from space 16384K, 99% used [0x0000000781680000,0x000000078267d0a0,0x0000000782680000)
  to   space 21504K, 0% used [0x0000000785a80000,0x0000000785a80000,0x0000000786f80000)
 ParOldGen       total 222208K, used 27891K [0x00000006c2c00000, 0x00000006d0500000, 0x000000076b980000)
  object space 222208K, 12% used [0x00000006c2c00000,0x00000006c473ce20,0x00000006d0500000)
 Metaspace       used 85687K, capacity 90078K, committed 90328K, reserved 1128448K
  class space    used 10399K, capacity 11142K, committed 11264K, reserved 1048576K
Event: 11.680 GC heap after
Heap after GC invocations=23 (full 3):
 PSYoungGen      total 423936K, used 10512K [0x000000076b980000, 0x0000000786d80000, 0x00000007c0000000)
  eden space 404480K, 0% used [0x000000076b980000,0x000000076b980000,0x0000000784480000)
  from space 19456K, 54% used [0x0000000785a80000,0x00000007864c4050,0x0000000786d80000)
  to   space 20992K, 0% used [0x0000000784480000,0x0000000784480000,0x0000000785900000)
 ParOldGen       total 222208K, used 34952K [0x00000006c2c00000, 0x00000006d0500000, 0x000000076b980000)
  object space 222208K, 15% used [0x00000006c2c00000,0x00000006c4e22260,0x00000006d0500000)
 Metaspace       used 85687K, capacity 90078K, committed 90328K, reserved 1128448K
  class space    used 10399K, capacity 11142K, committed 11264K, reserved 1048576K
}
Event: 14.352 GC heap before
{Heap before GC invocations=24 (full 3):
 PSYoungGen      total 423936K, used 372105K [0x000000076b980000, 0x0000000786d80000, 0x00000007c0000000)
  eden space 404480K, 89% used [0x000000076b980000,0x0000000781a9e448,0x0000000784480000)
  from space 19456K, 54% used [0x0000000785a80000,0x00000007864c4050,0x0000000786d80000)
  to   space 20992K, 0% used [0x0000000784480000,0x0000000784480000,0x0000000785900000)
 ParOldGen       total 222208K, used 34952K [0x00000006c2c00000, 0x00000006d0500000, 0x000000076b980000)
  object space 222208K, 15% used [0x00000006c2c00000,0x00000006c4e22260,0x00000006d0500000)
 Metaspace       used 93163K, capacity 98322K, committed 98496K, reserved 1136640K
  class space    used 11318K, capacity 12192K, committed 12264K, reserved 1048576K
Event: 14.361 GC heap after
Heap after GC invocations=24 (full 3):
 PSYoungGen      total 425472K, used 17955K [0x000000076b980000, 0x0000000789e00000, 0x00000007c0000000)
  eden space 404480K, 0% used [0x000000076b980000,0x000000076b980000,0x0000000784480000)
  from space 20992K, 85% used [0x0000000784480000,0x0000000785608dc0,0x0000000785900000)
  to   space 23040K, 0% used [0x0000000788780000,0x0000000788780000,0x0000000789e00000)
 ParOldGen       total 222208K, used 34968K [0x00000006c2c00000, 0x00000006d0500000, 0x000000076b980000)
  object space 222208K, 15% used [0x00000006c2c00000,0x00000006c4e26260,0x00000006d0500000)
 Metaspace       used 93163K, capacity 98322K, committed 98496K, reserved 1136640K
  class space    used 11318K, capacity 12192K, committed 12264K, reserved 1048576K
}
Event: 14.361 GC heap before
{Heap before GC invocations=25 (full 4):
 PSYoungGen      total 425472K, used 17955K [0x000000076b980000, 0x0000000789e00000, 0x00000007c0000000)
  eden space 404480K, 0% used [0x000000076b980000,0x000000076b980000,0x0000000784480000)
  from space 20992K, 85% used [0x0000000784480000,0x0000000785608dc0,0x0000000785900000)
  to   space 23040K, 0% used [0x0000000788780000,0x0000000788780000,0x0000000789e00000)
 ParOldGen       total 222208K, used 34968K [0x00000006c2c00000, 0x00000006d0500000, 0x000000076b980000)
  object space 222208K, 15% used [0x00000006c2c00000,0x00000006c4e26260,0x00000006d0500000)
 Metaspace       used 93163K, capacity 98322K, committed 98496K, reserved 1136640K
  class space    used 11318K, capacity 12192K, committed 12264K, reserved 1048576K
Event: 14.482 GC heap after
Heap after GC invocations=25 (full 4):
 PSYoungGen      total 425472K, used 0K [0x000000076b980000, 0x0000000789e00000, 0x00000007c0000000)
  eden space 404480K, 0% used [0x000000076b980000,0x000000076b980000,0x0000000784480000)
  from space 20992K, 0% used [0x0000000784480000,0x0000000784480000,0x0000000785900000)
  to   space 23040K, 0% used [0x0000000788780000,0x0000000788780000,0x0000000789e00000)
 ParOldGen       total 332800K, used 45952K [0x00000006c2c00000, 0x00000006d7100000, 0x000000076b980000)
  object space 332800K, 13% used [0x00000006c2c00000,0x00000006c58e03f0,0x00000006d7100000)
 Metaspace       used 93163K, capacity 98322K, committed 98496K, reserved 1136640K
  class space    used 11318K, capacity 12192K, committed 12264K, reserved 1048576K
}
Event: 17.861 GC heap before
{Heap before GC invocations=26 (full 4):
 PSYoungGen      total 425472K, used 404480K [0x000000076b980000, 0x0000000789e00000, 0x00000007c0000000)
  eden space 404480K, 100% used [0x000000076b980000,0x0000000784480000,0x0000000784480000)
  from space 20992K, 0% used [0x0000000784480000,0x0000000784480000,0x0000000785900000)
  to   space 23040K, 0% used [0x0000000788780000,0x0000000788780000,0x0000000789e00000)
 ParOldGen       total 332800K, used 45952K [0x00000006c2c00000, 0x00000006d7100000, 0x000000076b980000)
  object space 332800K, 13% used [0x00000006c2c00000,0x00000006c58e03f0,0x00000006d7100000)
 Metaspace       used 97782K, capacity 103790K, committed 103872K, reserved 1140736K
  class space    used 11727K, capacity 12704K, committed 12776K, reserved 1048576K
Event: 17.871 GC heap after
Heap after GC invocations=26 (full 4):
 PSYoungGen      total 467968K, used 13714K [0x000000076b980000, 0x0000000789b80000, 0x00000007c0000000)
  eden space 447488K, 0% used [0x000000076b980000,0x000000076b980000,0x0000000786e80000)
  from space 20480K, 66% used [0x0000000788780000,0x00000007894e4940,0x0000000789b80000)
  to   space 23040K, 0% used [0x0000000786e80000,0x0000000786e80000,0x0000000788500000)
 ParOldGen       total 332800K, used 45960K [0x00000006c2c00000, 0x00000006d7100000, 0x000000076b980000)
  object space 332800K, 13% used [0x00000006c2c00000,0x00000006c58e23f0,0x00000006d7100000)
 Metaspace       used 97782K, capacity 103790K, committed 103872K, reserved 1140736K
  class space    used 11727K, capacity 12704K, committed 12776K, reserved 1048576K
}
Event: 18.727 GC heap before
{Heap before GC invocations=27 (full 4):
 PSYoungGen      total 467968K, used 461202K [0x000000076b980000, 0x0000000789b80000, 0x00000007c0000000)
  eden space 447488K, 100% used [0x000000076b980000,0x0000000786e80000,0x0000000786e80000)
  from space 20480K, 66% used [0x0000000788780000,0x00000007894e4940,0x0000000789b80000)
  to   space 23040K, 0% used [0x0000000786e80000,0x0000000786e80000,0x0000000788500000)
 ParOldGen       total 332800K, used 45960K [0x00000006c2c00000, 0x00000006d7100000, 0x000000076b980000)
  object space 332800K, 13% used [0x00000006c2c00000,0x00000006c58e23f0,0x00000006d7100000)
 Metaspace       used 98351K, capacity 104544K, committed 104640K, reserved 1140736K
  class space    used 11768K, capacity 12763K, committed 12776K, reserved 1048576K
Event: 18.736 GC heap after
Heap after GC invocations=27 (full 4):
 PSYoungGen      total 470528K, used 15956K [0x000000076b980000, 0x000000078cb00000, 0x00000007c0000000)
  eden space 447488K, 0% used [0x000000076b980000,0x000000076b980000,0x0000000786e80000)
  from space 23040K, 69% used [0x0000000786e80000,0x0000000787e15018,0x0000000788500000)
  to   space 24064K, 0% used [0x000000078b380000,0x000000078b380000,0x000000078cb00000)
 ParOldGen       total 332800K, used 45968K [0x00000006c2c00000, 0x00000006d7100000, 0x000000076b980000)
  object space 332800K, 13% used [0x00000006c2c00000,0x00000006c58e43f0,0x00000006d7100000)
 Metaspace       used 98351K, capacity 104544K, committed 104640K, reserved 1140736K
  class space    used 11768K, capacity 12763K, committed 12776K, reserved 1048576K
}

Deoptimization events (10 events):
Event: 18.329 Thread 0x0000029d3c61c800 Uncommon trap: reason=null_check action=make_not_entrant pc=0x0000029d3ffd8fc8 method=java.beans.PropertyDescriptor.findPropertyType(Ljava/lang/reflect/Method;Ljava/lang/reflect/Method;)Ljava/lang/Class; @ 157
Event: 18.343 Thread 0x0000029d3c61c800 Uncommon trap: reason=class_check action=maybe_recompile pc=0x0000029d3fdfdeac method=sun.reflect.generics.reflectiveObjects.WildcardTypeImpl.getLowerBounds()[Ljava/lang/reflect/Type; @ 37
Event: 18.404 Thread 0x0000029d3c61c800 Uncommon trap: reason=unstable_if action=reinterpret pc=0x0000029d4015d200 method=org.springframework.core.ResolvableType.resolveType()Lorg/springframework/core/ResolvableType; @ 53
Event: 18.424 Thread 0x0000029d3c61c800 Uncommon trap: reason=null_check action=make_not_entrant pc=0x0000029d40d63140 method=java.beans.PropertyDescriptor.findPropertyType(Ljava/lang/reflect/Method;Ljava/lang/reflect/Method;)Ljava/lang/Class; @ 157
Event: 18.619 Thread 0x0000029d6a4cd000 Uncommon trap: reason=unstable_if action=reinterpret pc=0x0000029d3f5bfe00 method=java.util.concurrent.ConcurrentHashMap.addCount(JI)V @ 272
Event: 18.622 Thread 0x0000029d6a4cd800 Uncommon trap: reason=unstable_if action=reinterpret pc=0x0000029d3f5c3ab4 method=java.util.concurrent.ConcurrentHashMap.transfer([Ljava/util/concurrent/ConcurrentHashMap$Node;[Ljava/util/concurrent/ConcurrentHashMap$Node;)V @ 34
Event: 18.738 Thread 0x0000029d6a4d1800 Uncommon trap: reason=class_check action=maybe_recompile pc=0x0000029d3fc38dcc method=java.util.concurrent.ConcurrentHashMap.get(Ljava/lang/Object;)Ljava/lang/Object; @ 93
Event: 18.743 Thread 0x0000029d6a4d3800 Uncommon trap: reason=class_check action=maybe_recompile pc=0x0000029d3fc38dcc method=java.util.concurrent.ConcurrentHashMap.get(Ljava/lang/Object;)Ljava/lang/Object; @ 93
Event: 18.911 Thread 0x0000029d3c61c800 Uncommon trap: reason=unstable_if action=reinterpret pc=0x0000029d3f94aa74 method=org.springframework.beans.ExtendedBeanInfo.isCandidateWriteMethod(Ljava/lang/reflect/Method;)Z @ 108
Event: 18.983 Thread 0x0000029d3c61c800 Uncommon trap: reason=null_check action=make_not_entrant pc=0x0000029d40dfb480 method=java.beans.Introspector.isAssignable(Ljava/lang/Class;Ljava/lang/Class;)Z @ 23

Classes redefined (0 events):
No events

Internal exceptions (10 events):
Event: 19.035 Thread 0x0000029d3c61c800 Exception <a 'java/lang/ClassNotFoundException': org/springframework/boot/actuate/endpoint/web/annotation/ControllerEndpointsSupplierCustomizer> (0x0000000775c946c8) thrown at [C:\jenkins\workspace\8-2-build-windows-amd64-cygwin\jdk8u311\1894\hotspot\src\
Event: 19.036 Thread 0x0000029d3c61c800 Exception <a 'java/lang/ClassNotFoundException': org/springframework/boot/actuate/endpoint/EndpointsSupplierCustomizer> (0x0000000775cc2d78) thrown at [C:\jenkins\workspace\8-2-build-windows-amd64-cygwin\jdk8u311\1894\hotspot\src\share\vm\classfile\system
Event: 19.036 Thread 0x0000029d3c61c800 Exception <a 'java/lang/ClassNotFoundException': org/springframework/boot/actuate/endpoint/EndpointsSupplierCustomizer> (0x0000000775cf2850) thrown at [C:\jenkins\workspace\8-2-build-windows-amd64-cygwin\jdk8u311\1894\hotspot\src\share\vm\classfile\system
Event: 19.048 Thread 0x0000029d3c61c800 Exception <a 'java/lang/ClassNotFoundException': java/lang/ObjectCustomizer> (0x0000000775ead090) thrown at [C:\jenkins\workspace\8-2-build-windows-amd64-cygwin\jdk8u311\1894\hotspot\src\share\vm\classfile\systemDictionary.cpp, line 212]
Event: 19.049 Thread 0x0000029d3c61c800 Exception <a 'java/lang/ClassNotFoundException': org/springframework/boot/actuate/endpoint/web/PathMappedEndpointsCustomizer> (0x0000000775ee1ea8) thrown at [C:\jenkins\workspace\8-2-build-windows-amd64-cygwin\jdk8u311\1894\hotspot\src\share\vm\classfile\
Event: 19.049 Thread 0x0000029d3c61c800 Exception <a 'java/lang/ClassNotFoundException': java/lang/IterableCustomizer> (0x0000000775efc030) thrown at [C:\jenkins\workspace\8-2-build-windows-amd64-cygwin\jdk8u311\1894\hotspot\src\share\vm\classfile\systemDictionary.cpp, line 212]
Event: 19.049 Thread 0x0000029d3c61c800 Exception <a 'java/lang/ClassNotFoundException': java/lang/ObjectCustomizer> (0x0000000775f11fe8) thrown at [C:\jenkins\workspace\8-2-build-windows-amd64-cygwin\jdk8u311\1894\hotspot\src\share\vm\classfile\systemDictionary.cpp, line 212]
Event: 19.050 Thread 0x0000029d3c61c800 Exception <a 'java/lang/ClassNotFoundException': org/springframework/cloud/autoconfigure/LifecycleMvcEndpointAutoConfigurationCustomizer> (0x0000000775f4be80) thrown at [C:\jenkins\workspace\8-2-build-windows-amd64-cygwin\jdk8u311\1894\hotspot\src\share\v
Event: 19.050 Thread 0x0000029d3c61c800 Exception <a 'java/lang/ClassNotFoundException': java/lang/ObjectCustomizer> (0x0000000775f60758) thrown at [C:\jenkins\workspace\8-2-build-windows-amd64-cygwin\jdk8u311\1894\hotspot\src\share\vm\classfile\systemDictionary.cpp, line 212]
Event: 19.051 Thread 0x0000029d3c61c800 Exception <a 'java/lang/ClassNotFoundException': org/springframework/cloud/context/environment/EnvironmentManagerCustomizer> (0x0000000775f93810) thrown at [C:\jenkins\workspace\8-2-build-windows-amd64-cygwin\jdk8u311\1894\hotspot\src\share\vm\classfile\s

Events (10 events):
Event: 19.050 loading class org/springframework/cloud/context/environment/EnvironmentManagerCustomizer
Event: 19.050 loading class org/springframework/cloud/context/environment/EnvironmentManagerCustomizer done
Event: 19.051 loading class org/springframework/cloud/context/environment/EnvironmentManagerCustomizer
Event: 19.051 loading class org/springframework/cloud/context/environment/EnvironmentManagerCustomizer done
Event: 19.051 loading class org/springframework/cloud/context/environment/EnvironmentManagerCustomizer
Event: 19.051 loading class org/springframework/cloud/context/environment/EnvironmentManagerCustomizer done
Event: 19.051 loading class org/springframework/context/ApplicationEventPublisherAwareCustomizer
Event: 19.051 loading class org/springframework/context/ApplicationEventPublisherAwareCustomizer done
Event: 19.051 loading class org/springframework/context/ApplicationEventPublisherAwareCustomizer
Event: 19.051 loading class org/springframework/context/ApplicationEventPublisherAwareCustomizer done


Dynamic libraries:
0x00007ff736820000 - 0x00007ff736867000 	C:\Program Files\Java\jdk1.8.0_311\jre\bin\java.exe
0x00007ffa6eee0000 - 0x00007ffa6f0e9000 	C:\WINDOWS\SYSTEM32\ntdll.dll
0x00007ffa6da80000 - 0x00007ffa6db3d000 	C:\WINDOWS\System32\KERNEL32.DLL
0x00007ffa6c5e0000 - 0x00007ffa6c954000 	C:\WINDOWS\System32\KERNELBASE.dll
0x00007ffa6d070000 - 0x00007ffa6d11e000 	C:\WINDOWS\System32\ADVAPI32.dll
0x00007ffa6edb0000 - 0x00007ffa6ee53000 	C:\WINDOWS\System32\msvcrt.dll
0x00007ffa6db40000 - 0x00007ffa6dbde000 	C:\WINDOWS\System32\sechost.dll
0x00007ffa6dde0000 - 0x00007ffa6df00000 	C:\WINDOWS\System32\RPCRT4.dll
0x00007ffa6d180000 - 0x00007ffa6d32c000 	C:\WINDOWS\System32\USER32.dll
0x00007ffa6c3d0000 - 0x00007ffa6c3f6000 	C:\WINDOWS\System32\win32u.dll
0x00007ffa6ea90000 - 0x00007ffa6eab9000 	C:\WINDOWS\System32\GDI32.dll
0x00007ffa6c4c0000 - 0x00007ffa6c5d2000 	C:\WINDOWS\System32\gdi32full.dll
0x00007ffa6cce0000 - 0x00007ffa6cd7d000 	C:\WINDOWS\System32\msvcp_win.dll
0x00007ffa6ca50000 - 0x00007ffa6cb61000 	C:\WINDOWS\System32\ucrtbase.dll
0x00007ffa52460000 - 0x00007ffa52705000 	C:\WINDOWS\WinSxS\amd64_microsoft.windows.common-controls_6595b64144ccf1df_6.0.22000.120_none_9d947278b86cc467\COMCTL32.dll
0x00007ffa6ee60000 - 0x00007ffa6ee91000 	C:\WINDOWS\System32\IMM32.DLL
0x00007ffa5a5e0000 - 0x00007ffa5a5f5000 	C:\Program Files\Java\jdk1.8.0_311\jre\bin\vcruntime140.dll
0x00007ffa58a20000 - 0x00007ffa58abb000 	C:\Program Files\Java\jdk1.8.0_311\jre\bin\msvcp140.dll
0x000000006d8d0000 - 0x000000006e130000 	C:\Program Files\Java\jdk1.8.0_311\jre\bin\server\jvm.dll
0x00007ffa6dcb0000 - 0x00007ffa6dcb8000 	C:\WINDOWS\System32\PSAPI.DLL
0x00007ffa66410000 - 0x00007ffa66443000 	C:\WINDOWS\SYSTEM32\WINMM.dll
0x00007ffa67800000 - 0x00007ffa67809000 	C:\WINDOWS\SYSTEM32\WSOCK32.dll
0x00007ffa67200000 - 0x00007ffa6720a000 	C:\WINDOWS\SYSTEM32\VERSION.dll
0x00007ffa6d4f0000 - 0x00007ffa6d55f000 	C:\WINDOWS\System32\WS2_32.dll
0x00007ffa6b5c0000 - 0x00007ffa6b5d8000 	C:\WINDOWS\SYSTEM32\kernel.appcore.dll
0x00007ffa698d0000 - 0x00007ffa698e0000 	C:\Program Files\Java\jdk1.8.0_311\jre\bin\verify.dll
0x00007ffa5a5b0000 - 0x00007ffa5a5db000 	C:\Program Files\Java\jdk1.8.0_311\jre\bin\java.dll
0x00007ffa5b7d0000 - 0x00007ffa5b800000 	C:\Program Files\Java\jdk1.8.0_311\jre\bin\instrument.dll
0x00007ffa5a590000 - 0x00007ffa5a5a8000 	C:\Program Files\Java\jdk1.8.0_311\jre\bin\zip.dll
0x00007ffa6e2e0000 - 0x00007ffa6ea8e000 	C:\WINDOWS\System32\SHELL32.dll
0x00007ffa6a550000 - 0x00007ffa6adb8000 	C:\WINDOWS\SYSTEM32\windows.storage.dll
0x00007ffa6df00000 - 0x00007ffa6e278000 	C:\WINDOWS\System32\combase.dll
0x00007ffa6a3e0000 - 0x00007ffa6a546000 	C:\WINDOWS\SYSTEM32\wintypes.dll
0x00007ffa6cd90000 - 0x00007ffa6ce7a000 	C:\WINDOWS\System32\SHCORE.dll
0x00007ffa6ebb0000 - 0x00007ffa6ec0d000 	C:\WINDOWS\System32\shlwapi.dll
0x00007ffa6c300000 - 0x00007ffa6c321000 	C:\WINDOWS\SYSTEM32\profapi.dll
0x00007ffa58a00000 - 0x00007ffa58a1c000 	C:\Program Files\Java\jdk1.8.0_311\jre\bin\net.dll
0x00007ffa6b9f0000 - 0x00007ffa6ba57000 	C:\WINDOWS\system32\mswsock.dll
0x00007ffa4c010000 - 0x00007ffa4c027000 	C:\WINDOWS\system32\napinsp.dll
0x00007ffa4bff0000 - 0x00007ffa4c00b000 	C:\WINDOWS\system32\pnrpnsp.dll
0x00007ffa6b160000 - 0x00007ffa6b247000 	C:\WINDOWS\SYSTEM32\DNSAPI.dll
0x00007ffa6b0f0000 - 0x00007ffa6b11d000 	C:\WINDOWS\SYSTEM32\IPHLPAPI.DLL
0x00007ffa6dca0000 - 0x00007ffa6dca9000 	C:\WINDOWS\System32\NSI.dll
0x00007ffa4bfd0000 - 0x00007ffa4bfe2000 	C:\WINDOWS\System32\winrnr.dll
0x00007ffa64900000 - 0x00007ffa64915000 	C:\WINDOWS\system32\wshbth.dll
0x00007ffa4bfb0000 - 0x00007ffa4bfcf000 	C:\WINDOWS\system32\nlansp_c.dll
0x00007ffa62930000 - 0x00007ffa6293a000 	C:\Windows\System32\rasadhlp.dll
0x00007ffa64730000 - 0x00007ffa647b1000 	C:\WINDOWS\System32\fwpuclnt.dll
0x00007ffa589e0000 - 0x00007ffa589f3000 	C:\Program Files\Java\jdk1.8.0_311\jre\bin\nio.dll
0x00007ffa69880000 - 0x00007ffa6988d000 	C:\Program Files\Java\jdk1.8.0_311\jre\bin\management.dll
0x00007ffa66450000 - 0x00007ffa66469000 	C:\WINDOWS\SYSTEM32\dhcpcsvc6.DLL
0x00007ffa67210000 - 0x00007ffa6722e000 	C:\WINDOWS\SYSTEM32\dhcpcsvc.DLL
0x00007ffa6bc30000 - 0x00007ffa6bc48000 	C:\WINDOWS\SYSTEM32\CRYPTSP.dll
0x00007ffa6b520000 - 0x00007ffa6b555000 	C:\WINDOWS\system32\rsaenh.dll
0x00007ffa6bae0000 - 0x00007ffa6bb09000 	C:\WINDOWS\SYSTEM32\USERENV.dll
0x00007ffa6bdb0000 - 0x00007ffa6bdd7000 	C:\WINDOWS\SYSTEM32\bcrypt.dll
0x00007ffa6c960000 - 0x00007ffa6c9df000 	C:\WINDOWS\System32\bcryptprimitives.dll
0x00007ffa6bc50000 - 0x00007ffa6bc5c000 	C:\WINDOWS\SYSTEM32\CRYPTBASE.dll
0x00007ffa589b0000 - 0x00007ffa589d4000 	C:\Program Files\Java\jdk1.8.0_311\jre\bin\sunec.dll
0x00007ffa63170000 - 0x00007ffa63391000 	C:\WINDOWS\SYSTEM32\dbghelp.dll

VM Arguments:
jvm_args: -javaagent:C:\\Users\\happy\\.m2\\repository\\org\\jacoco\\org.jacoco.agent\\0.8.4\\org.jacoco.agent-0.8.4-runtime.jar=destfile=C:\\Users\\happy\\aline-capstone\\aline-underwriter-mircoservice-RY\\underwriter-microservice\\target\\jacoco.exec 
java_command: C:\Users\happy\AppData\Local\Temp\surefire1268638266900025808\surefirebooter2547041537289578419.jar C:\Users\happy\AppData\Local\Temp\surefire1268638266900025808 2022-04-12T19-33-43_090-jvmRun1 surefire8812615376268728298tmp surefire_04431996485527758075tmp
java_class_path (initial): C:\Users\happy\AppData\Local\Temp\surefire1268638266900025808\surefirebooter2547041537289578419.jar;C:\\Users\\happy\\.m2\\repository\\org\\jacoco\\org.jacoco.agent\\0.8.4\\org.jacoco.agent-0.8.4-runtime.jar
Launcher Type: SUN_STANDARD

Environment Variables:
JAVA_HOME=C:/Program Files/Java/jdk1.8.0_311
PATH=C:\Program Files\Git\mingw64\bin;C:\Program Files\Git\usr\bin;C:\Users\happy\bin;E:\dev\aline_capstone\virtual\Scripts;C:\Program Files\Common Files\Oracle\Java\javapath;C:\Program Files (x86)\Common Files\Oracle\Java\javapath;C:\Python310\Scripts;C:\Python310;C:\Windows\system32;C:\Windows;C:\Windows\System32\Wbem;C:\Windows\System32\WindowsPowerShell\v1.0;C:\Windows\System32\OpenSSH;C:\Program Files\NVIDIA Corporation\NVIDIA NvDLISR;C:\Program Files (x86)\NVIDIA Corporation\PhysX\Common;C:\Program Files\Git\cmd;C:\Program Files\nodejs;C:\ProgramData\chocolatey\bin;C:\WINDOWS\system32;C:\WINDOWS;C:\WINDOWS\System32\Wbem;C:\WINDOWS\System32\WindowsPowerShell\v1.0;C:\WINDOWS\System32\OpenSSH;C:\HashiCorp\Vagrant\bin;C:\Program Files\PuTTY;C:\Program Files\MySQL\MySQL Shell 8.0\bin;C:\Users\happy\AppData\Local\Microsoft\WindowsApps;C:\Users\happy\AppData\Local\Programs\Microsoft VS Code\bin;C:\Users\happy\AppData\Roaming\npm;C:\Program Files\Java\jdk1.8.0_311;C:\apache-maven-3.8.5\bin
USERNAME=happy
OS=Windows_NT
PROCESSOR_IDENTIFIER=Intel64 Family 6 Model 165 Stepping 2, GenuineIntel



---------------  S Y S T E M  ---------------

OS: Windows 10.0 , 64 bit Build 22000 (10.0.22000.434)

CPU:total 8 (initial active 8) (4 cores per cpu, 2 threads per core) family 6 model 165 stepping 2, cmov, cx8, fxsr, mmx, sse, sse2, sse3, ssse3, sse4.1, sse4.2, popcnt, avx, avx2, aes, clmul, erms, 3dnowpref, lzcnt, ht, tsc, tscinvbit, bmi1, bmi2, adx

Memory: 4k page, physical 16593196k(4912072k free), swap 19584300k(5136k free)

vm_info: Java HotSpot(TM) 64-Bit Server VM (25.311-b11) for windows-amd64 JRE (1.8.0_311-b11), built on Sep 27 2021 05:15:14 by "java_re" with MS VC++ 15.9 (VS2017)

time: Tue Apr 12 19:34:06 2022
timezone: Mountain Daylight Time
elapsed time: 19.064160 seconds (0d 0h 0m 19s)

