#
# There is insufficient memory for the Java Runtime Environment to continue.
# Native memory allocation (malloc) failed to allocate 1369616 bytes for Chunk::new
# Possible reasons:
#   The system is out of physical RAM or swap space
#   The process is running with CompressedOops enabled, and the Java Heap may be blocking the growth of the native heap
# Possible solutions:
#   Reduce memory load on the system
#   Increase physical memory or swap space
#   Check if swap backing store is full
#   Decrease Java heap size (-Xmx/-Xms)
#   Decrease number of Java threads
#   Decrease Java thread stack sizes (-Xss)
#   Set larger code cache with -XX:ReservedCodeCacheSize=
#   JVM is running with Zero Based Compressed Oops mode in which the Java heap is
#     placed in the first 32GB address space. The Java Heap base address is the
#     maximum limit for the native heap growth. Please use -XX:HeapBaseMinAddress
#     to set the Java Heap base and to place the Java Heap above 32GB virtual address.
# This output file may be truncated or incomplete.
#
#  Out of Memory Error (allocation.cpp:389), pid=11092, tid=0x0000000000004160
#
# JRE version: Java(TM) SE Runtime Environment (8.0_311-b11) (build 1.8.0_311-b11)
# Java VM: Java HotSpot(TM) 64-Bit Server VM (25.311-b11 mixed mode windows-amd64 compressed oops)
# Failed to write core dump. Minidumps are not enabled by default on client versions of Windows
#

---------------  T H R E A D  ---------------

Current thread (0x00000214bfede000):  JavaThread "C2 CompilerThread2" daemon [_thread_in_native, id=16736, stack(0x00000066ce400000,0x00000066ce500000)]

Stack: [0x00000066ce400000,0x00000066ce500000]
Native frames: (J=compiled Java code, j=interpreted, Vv=VM code, C=native code)
V  [jvm.dll+0x32f239]
V  [jvm.dll+0x275882]
V  [jvm.dll+0x27652d]
V  [jvm.dll+0x26cf65]
V  [jvm.dll+0xd558c]
V  [jvm.dll+0xd5d8c]
V  [jvm.dll+0x453642]
V  [jvm.dll+0x48e6bd]
V  [jvm.dll+0x443301]
V  [jvm.dll+0x4404ab]
V  [jvm.dll+0x42b38b]
V  [jvm.dll+0xac22b]
V  [jvm.dll+0xaa88b]
V  [jvm.dll+0x23df22]
V  [jvm.dll+0x29253c]
C  [ucrtbase.dll+0x26c0c]
C  [KERNEL32.DLL+0x154e0]
C  [ntdll.dll+0x485b]


Current CompileTask:
C2:   6301 5445       4       org.springframework.boot.context.properties.source.SystemEnvironmentPropertyMapper::isAncestorOf (55 bytes)


---------------  P R O C E S S  ---------------

Java Threads: ( => current thread )
  0x00000214c6f9e800 JavaThread "mysql-cj-abandoned-connection-cleanup" daemon [_thread_blocked, id=18996, stack(0x00000066ceb00000,0x00000066cec00000)]
  0x00000214c1a61800 JavaThread "spring.cloud.inetutils" daemon [_thread_in_native, id=14176, stack(0x00000066cea00000,0x00000066ceb00000)]
  0x00000214c02cf000 JavaThread "surefire-forkedjvm-ping-30s" daemon [_thread_blocked, id=18888, stack(0x00000066ce900000,0x00000066cea00000)]
  0x00000214c08d8000 JavaThread "surefire-forkedjvm-command-thread" daemon [_thread_in_native, id=14300, stack(0x00000066ce800000,0x00000066ce900000)]
  0x00000214bff98000 JavaThread "Service Thread" daemon [_thread_blocked, id=15748, stack(0x00000066ce600000,0x00000066ce700000)]
  0x00000214bff4b800 JavaThread "C1 CompilerThread3" daemon [_thread_blocked, id=10252, stack(0x00000066ce500000,0x00000066ce600000)]
=>0x00000214bfede000 JavaThread "C2 CompilerThread2" daemon [_thread_in_native, id=16736, stack(0x00000066ce400000,0x00000066ce500000)]
  0x00000214bfe97800 JavaThread "C2 CompilerThread1" daemon [_thread_in_native, id=8808, stack(0x00000066ce300000,0x00000066ce400000)]
  0x00000214bff27000 JavaThread "C2 CompilerThread0" daemon [_thread_in_native, id=14592, stack(0x00000066ce200000,0x00000066ce300000)]
  0x00000214bd942000 JavaThread "Attach Listener" daemon [_thread_blocked, id=10332, stack(0x00000066ce100000,0x00000066ce200000)]
  0x00000214bd940000 JavaThread "Signal Dispatcher" daemon [_thread_blocked, id=13264, stack(0x00000066ce000000,0x00000066ce100000)]
  0x00000214bd91a000 JavaThread "Finalizer" daemon [_thread_blocked, id=5296, stack(0x00000066cdf00000,0x00000066ce000000)]
  0x00000214bd913000 JavaThread "Reference Handler" daemon [_thread_blocked, id=4144, stack(0x00000066cde00000,0x00000066cdf00000)]
  0x00000214a2c6d800 JavaThread "main" [_thread_in_native, id=9340, stack(0x00000066cd400000,0x00000066cd500000)]

Other Threads:
  0x00000214bd8e9800 VMThread [stack: 0x00000066cdd00000,0x00000066cde00000] [id=11528]
  0x00000214bff0b800 WatcherThread [stack: 0x00000066ce700000,0x00000066ce800000] [id=19900]

VM state:not at safepoint (normal execution)

VM Mutex/Monitor currently owned by a thread: None

heap address: 0x00000006c2c00000, size: 4052 MB, Compressed Oops mode: Zero based, Oop shift amount: 3
Narrow klass base: 0x0000000000000000, Narrow klass shift: 3
Compressed class space size: 1073741824 Address: 0x00000007c0000000

Heap:
 PSYoungGen      total 225792K, used 21428K [0x000000076b980000, 0x0000000779e00000, 0x00000007c0000000)
  eden space 217600K, 6% used [0x000000076b980000,0x000000076c672670,0x0000000778e00000)
  from space 8192K, 99% used [0x0000000779600000,0x0000000779dfac08,0x0000000779e00000)
  to   space 8192K, 0% used [0x0000000778e00000,0x0000000778e00000,0x0000000779600000)
 ParOldGen       total 161280K, used 20461K [0x00000006c2c00000, 0x00000006cc980000, 0x000000076b980000)
  object space 161280K, 12% used [0x00000006c2c00000,0x00000006c3ffb4f0,0x00000006cc980000)
 Metaspace       used 46057K, capacity 48574K, committed 48640K, reserved 1091584K
  class space    used 5661K, capacity 6120K, committed 6144K, reserved 1048576K

Card table byte_map: [0x00000214b3af0000,0x00000214b42e0000] byte_map_base: 0x00000214b04da000

Marking Bits: (ParMarkBitMap*) 0x0000000075508030
 Begin Bits: [0x00000214b4830000, 0x00000214b8780000)
 End Bits:   [0x00000214b8780000, 0x00000214bc6d0000)

Polling page: 0x00000214a2e70000

CodeCache: size=245760Kb used=17475Kb max_used=18896Kb free=228284Kb
 bounds [0x00000214a4730000, 0x00000214a59c0000, 0x00000214b3730000]
 total_blobs=5025 nmethods=4611 adapters=325
 compilation: enabled

Compilation events (10 events):
Event: 6.282 Thread 0x00000214bff4b800 nmethod 5569 0x00000214a4e94d90 code [0x00000214a4e94ee0, 0x00000214a4e94ff8]
Event: 6.282 Thread 0x00000214bff4b800 5571       3       sun.nio.fs.WindowsPath::<init> (26 bytes)
Event: 6.282 Thread 0x00000214bff4b800 nmethod 5571 0x00000214a4848a90 code [0x00000214a4848c00, 0x00000214a4848e78]
Event: 6.282 Thread 0x00000214bff4b800 5572       3       sun.nio.fs.AbstractPath::<init> (5 bytes)
Event: 6.282 Thread 0x00000214bff4b800 nmethod 5572 0x00000214a4ee3010 code [0x00000214a4ee3160, 0x00000214a4ee3318]
Event: 6.282 Thread 0x00000214bff4b800 5575       3       sun.nio.fs.WindowsPathParser::parse (384 bytes)
Event: 6.285 Thread 0x00000214bff4b800 nmethod 5575 0x00000214a4b5f410 code [0x00000214a4b5f9a0, 0x00000214a4b637d0]
Event: 6.285 Thread 0x00000214bff4b800 5578       3       sun.nio.fs.NativeBuffer::address (5 bytes)
Event: 6.285 Thread 0x00000214bff4b800 nmethod 5578 0x00000214a509e190 code [0x00000214a509e2e0, 0x00000214a509e438]
Event: 6.285 Thread 0x00000214bff4b800 5581   !   3       java.lang.StringCoding$StringEncoder::encode (179 bytes)

GC Heap History (10 events):
Event: 3.977 GC heap before
{Heap before GC invocations=12 (full 1):
 PSYoungGen      total 156160K, used 152745K [0x000000076b980000, 0x0000000775d00000, 0x00000007c0000000)
  eden space 147456K, 100% used [0x000000076b980000,0x0000000774980000,0x0000000774980000)
  from space 8704K, 60% used [0x0000000775180000,0x00000007756aa748,0x0000000775a00000)
  to   space 8192K, 0% used [0x0000000774980000,0x0000000774980000,0x0000000775180000)
 ParOldGen       total 100864K, used 8864K [0x00000006c2c00000, 0x00000006c8e80000, 0x000000076b980000)
  object space 100864K, 8% used [0x00000006c2c00000,0x00000006c34a80b0,0x00000006c8e80000)
 Metaspace       used 32540K, capacity 34396K, committed 34560K, reserved 1079296K
  class space    used 3921K, capacity 4289K, committed 4352K, reserved 1048576K
Event: 3.982 GC heap after
Heap after GC invocations=12 (full 1):
 PSYoungGen      total 155648K, used 4766K [0x000000076b980000, 0x0000000779e00000, 0x00000007c0000000)
  eden space 147456K, 0% used [0x000000076b980000,0x000000076b980000,0x0000000774980000)
  from space 8192K, 58% used [0x0000000774980000,0x0000000774e27930,0x0000000775180000)
  to   space 8192K, 0% used [0x0000000779600000,0x0000000779600000,0x0000000779e00000)
 ParOldGen       total 100864K, used 11751K [0x00000006c2c00000, 0x00000006c8e80000, 0x000000076b980000)
  object space 100864K, 11% used [0x00000006c2c00000,0x00000006c3779e20,0x00000006c8e80000)
 Metaspace       used 32540K, capacity 34396K, committed 34560K, reserved 1079296K
  class space    used 3921K, capacity 4289K, committed 4352K, reserved 1048576K
}
Event: 4.076 GC heap before
{Heap before GC invocations=13 (full 1):
 PSYoungGen      total 155648K, used 39285K [0x000000076b980000, 0x0000000779e00000, 0x00000007c0000000)
  eden space 147456K, 23% used [0x000000076b980000,0x000000076db35e88,0x0000000774980000)
  from space 8192K, 58% used [0x0000000774980000,0x0000000774e27930,0x0000000775180000)
  to   space 8192K, 0% used [0x0000000779600000,0x0000000779600000,0x0000000779e00000)
 ParOldGen       total 100864K, used 11751K [0x00000006c2c00000, 0x00000006c8e80000, 0x000000076b980000)
  object space 100864K, 11% used [0x00000006c2c00000,0x00000006c3779e20,0x00000006c8e80000)
 Metaspace       used 33462K, capacity 35292K, committed 35456K, reserved 1081344K
  class space    used 4041K, capacity 4417K, committed 4480K, reserved 1048576K
Event: 4.079 GC heap after
Heap after GC invocations=13 (full 1):
 PSYoungGen      total 225792K, used 1679K [0x000000076b980000, 0x0000000779e00000, 0x00000007c0000000)
  eden space 217600K, 0% used [0x000000076b980000,0x000000076b980000,0x0000000778e00000)
  from space 8192K, 20% used [0x0000000779600000,0x00000007797a3f58,0x0000000779e00000)
  to   space 8192K, 0% used [0x0000000778e00000,0x0000000778e00000,0x0000000779600000)
 ParOldGen       total 100864K, used 14163K [0x00000006c2c00000, 0x00000006c8e80000, 0x000000076b980000)
  object space 100864K, 14% used [0x00000006c2c00000,0x00000006c39d4e90,0x00000006c8e80000)
 Metaspace       used 33462K, capacity 35292K, committed 35456K, reserved 1081344K
  class space    used 4041K, capacity 4417K, committed 4480K, reserved 1048576K
}
Event: 4.079 GC heap before
{Heap before GC invocations=14 (full 2):
 PSYoungGen      total 225792K, used 1679K [0x000000076b980000, 0x0000000779e00000, 0x00000007c0000000)
  eden space 217600K, 0% used [0x000000076b980000,0x000000076b980000,0x0000000778e00000)
  from space 8192K, 20% used [0x0000000779600000,0x00000007797a3f58,0x0000000779e00000)
  to   space 8192K, 0% used [0x0000000778e00000,0x0000000778e00000,0x0000000779600000)
 ParOldGen       total 100864K, used 14163K [0x00000006c2c00000, 0x00000006c8e80000, 0x000000076b980000)
  object space 100864K, 14% used [0x00000006c2c00000,0x00000006c39d4e90,0x00000006c8e80000)
 Metaspace       used 33462K, capacity 35292K, committed 35456K, reserved 1081344K
  class space    used 4041K, capacity 4417K, committed 4480K, reserved 1048576K
Event: 4.136 GC heap after
Heap after GC invocations=14 (full 2):
 PSYoungGen      total 225792K, used 0K [0x000000076b980000, 0x0000000779e00000, 0x00000007c0000000)
  eden space 217600K, 0% used [0x000000076b980000,0x000000076b980000,0x0000000778e00000)
  from space 8192K, 0% used [0x0000000779600000,0x0000000779600000,0x0000000779e00000)
  to   space 8192K, 0% used [0x0000000778e00000,0x0000000778e00000,0x0000000779600000)
 ParOldGen       total 161280K, used 14144K [0x00000006c2c00000, 0x00000006cc980000, 0x000000076b980000)
  object space 161280K, 8% used [0x00000006c2c00000,0x00000006c39d02f8,0x00000006cc980000)
 Metaspace       used 33462K, capacity 35292K, committed 35456K, reserved 1081344K
  class space    used 4041K, capacity 4417K, committed 4480K, reserved 1048576K
}
Event: 5.107 GC heap before
{Heap before GC invocations=15 (full 2):
 PSYoungGen      total 225792K, used 217600K [0x000000076b980000, 0x0000000779e00000, 0x00000007c0000000)
  eden space 217600K, 100% used [0x000000076b980000,0x0000000778e00000,0x0000000778e00000)
  from space 8192K, 0% used [0x0000000779600000,0x0000000779600000,0x0000000779e00000)
  to   space 8192K, 0% used [0x0000000778e00000,0x0000000778e00000,0x0000000779600000)
 ParOldGen       total 161280K, used 14144K [0x00000006c2c00000, 0x00000006cc980000, 0x000000076b980000)
  object space 161280K, 8% used [0x00000006c2c00000,0x00000006c39d02f8,0x00000006cc980000)
 Metaspace       used 38530K, capacity 40842K, committed 40960K, reserved 1085440K
  class space    used 4649K, capacity 5090K, committed 5120K, reserved 1048576K
Event: 5.114 GC heap after
Heap after GC invocations=15 (full 2):
 PSYoungGen      total 225792K, used 8163K [0x000000076b980000, 0x0000000779e00000, 0x00000007c0000000)
  eden space 217600K, 0% used [0x000000076b980000,0x000000076b980000,0x0000000778e00000)
  from space 8192K, 99% used [0x0000000778e00000,0x00000007795f8c50,0x0000000779600000)
  to   space 8192K, 0% used [0x0000000779600000,0x0000000779600000,0x0000000779e00000)
 ParOldGen       total 161280K, used 15698K [0x00000006c2c00000, 0x00000006cc980000, 0x000000076b980000)
  object space 161280K, 9% used [0x00000006c2c00000,0x00000006c3b54ad0,0x00000006cc980000)
 Metaspace       used 38530K, capacity 40842K, committed 40960K, reserved 1085440K
  class space    used 4649K, capacity 5090K, committed 5120K, reserved 1048576K
}
Event: 6.068 GC heap before
{Heap before GC invocations=16 (full 2):
 PSYoungGen      total 225792K, used 225763K [0x000000076b980000, 0x0000000779e00000, 0x00000007c0000000)
  eden space 217600K, 100% used [0x000000076b980000,0x0000000778e00000,0x0000000778e00000)
  from space 8192K, 99% used [0x0000000778e00000,0x00000007795f8c50,0x0000000779600000)
  to   space 8192K, 0% used [0x0000000779600000,0x0000000779600000,0x0000000779e00000)
 ParOldGen       total 161280K, used 15698K [0x00000006c2c00000, 0x00000006cc980000, 0x000000076b980000)
  object space 161280K, 9% used [0x00000006c2c00000,0x00000006c3b54ad0,0x00000006cc980000)
 Metaspace       used 45493K, capacity 48032K, committed 48384K, reserved 1091584K
  class space    used 5575K, capacity 6051K, committed 6144K, reserved 1048576K
Event: 6.078 GC heap after
Heap after GC invocations=16 (full 2):
 PSYoungGen      total 225792K, used 8171K [0x000000076b980000, 0x0000000779e00000, 0x00000007c0000000)
  eden space 217600K, 0% used [0x000000076b980000,0x000000076b980000,0x0000000778e00000)
  from space 8192K, 99% used [0x0000000779600000,0x0000000779dfac08,0x0000000779e00000)
  to   space 8192K, 0% used [0x0000000778e00000,0x0000000778e00000,0x0000000779600000)
 ParOldGen       total 161280K, used 20461K [0x00000006c2c00000, 0x00000006cc980000, 0x000000076b980000)
  object space 161280K, 12% used [0x00000006c2c00000,0x00000006c3ffb4f0,0x00000006cc980000)
 Metaspace       used 45493K, capacity 48032K, committed 48384K, reserved 1091584K
  class space    used 5575K, capacity 6051K, committed 6144K, reserved 1048576K
}

Deoptimization events (10 events):
Event: 5.682 Thread 0x00000214a2c6d800 Uncommon trap: reason=class_check action=maybe_recompile pc=0x00000214a551f940 method=java.util.concurrent.ConcurrentHashMap.putVal(Ljava/lang/Object;Ljava/lang/Object;Z)Ljava/lang/Object; @ 192
Event: 5.684 Thread 0x00000214a2c6d800 Uncommon trap: reason=class_check action=maybe_recompile pc=0x00000214a551f940 method=java.util.concurrent.ConcurrentHashMap.putVal(Ljava/lang/Object;Ljava/lang/Object;Z)Ljava/lang/Object; @ 192
Event: 5.727 Thread 0x00000214a2c6d800 Uncommon trap: reason=unstable_if action=reinterpret pc=0x00000214a591d674 method=java.lang.Class.searchMethods([Ljava/lang/reflect/Method;Ljava/lang/String;[Ljava/lang/Class;)Ljava/lang/reflect/Method; @ 47
Event: 5.731 Thread 0x00000214a2c6d800 Uncommon trap: reason=unstable_if action=reinterpret pc=0x00000214a5911dd8 method=java.util.concurrent.ConcurrentHashMap.get(Ljava/lang/Object;)Ljava/lang/Object; @ 152
Event: 5.989 Thread 0x00000214a2c6d800 Uncommon trap: reason=class_check action=maybe_recompile pc=0x00000214a5546018 method=java.util.AbstractList$Itr.hasNext()Z @ 8
Event: 5.992 Thread 0x00000214a2c6d800 Uncommon trap: reason=class_check action=maybe_recompile pc=0x00000214a5546018 method=java.util.AbstractList$Itr.hasNext()Z @ 8
Event: 5.992 Thread 0x00000214a2c6d800 Uncommon trap: reason=class_check action=maybe_recompile pc=0x00000214a5546018 method=java.util.AbstractList$Itr.hasNext()Z @ 8
Event: 5.992 Thread 0x00000214a2c6d800 Uncommon trap: reason=class_check action=maybe_recompile pc=0x00000214a5546018 method=java.util.AbstractList$Itr.hasNext()Z @ 8
Event: 6.089 Thread 0x00000214a2c6d800 Uncommon trap: reason=unstable_if action=reinterpret pc=0x00000214a52d4a78 method=java.lang.ClassLoader.getClassLoadingLock(Ljava/lang/String;)Ljava/lang/Object; @ 6
Event: 6.095 Thread 0x00000214a2c6d800 Uncommon trap: reason=range_check action=make_not_entrant pc=0x00000214a54db718 method=java.util.zip.ZipUtils.get16([BI)I @ 10

Classes redefined (0 events):
No events

Internal exceptions (10 events):
Event: 5.761 Thread 0x00000214a2c6d800 Exception <a 'java/lang/ClassNotFoundException': org/springframework/beans/factory/BeanClassLoaderAwareCustomizer> (0x000000077444d5c0) thrown at [C:\jenkins\workspace\8-2-build-windows-amd64-cygwin\jdk8u311\1894\hotspot\src\share\vm\classfile\systemDicti
Event: 5.761 Thread 0x00000214a2c6d800 Exception <a 'java/lang/ClassNotFoundException': org/springframework/beans/factory/AwareCustomizer> (0x0000000774472430) thrown at [C:\jenkins\workspace\8-2-build-windows-amd64-cygwin\jdk8u311\1894\hotspot\src\share\vm\classfile\systemDictionary.cpp, line
Event: 5.762 Thread 0x00000214a2c6d800 Exception <a 'java/lang/ClassNotFoundException': org/springframework/beans/factory/BeanFactoryAwareCustomizer> (0x000000077449bb90) thrown at [C:\jenkins\workspace\8-2-build-windows-amd64-cygwin\jdk8u311\1894\hotspot\src\share\vm\classfile\systemDictionar
Event: 5.762 Thread 0x00000214a2c6d800 Exception <a 'java/lang/ClassNotFoundException': org/springframework/beans/factory/AwareCustomizer> (0x00000007744c0f60) thrown at [C:\jenkins\workspace\8-2-build-windows-amd64-cygwin\jdk8u311\1894\hotspot\src\share\vm\classfile\systemDictionary.cpp, line
Event: 5.763 Thread 0x00000214a2c6d800 Exception <a 'java/lang/ClassNotFoundException': org/springframework/beans/factory/BeanNameAwareCustomizer> (0x00000007744e8998) thrown at [C:\jenkins\workspace\8-2-build-windows-amd64-cygwin\jdk8u311\1894\hotspot\src\share\vm\classfile\systemDictionary.c
Event: 5.763 Thread 0x00000214a2c6d800 Exception <a 'java/lang/ClassNotFoundException': org/springframework/beans/factory/AwareCustomizer> (0x000000077450d860) thrown at [C:\jenkins\workspace\8-2-build-windows-amd64-cygwin\jdk8u311\1894\hotspot\src\share\vm\classfile\systemDictionary.cpp, line
Event: 5.763 Thread 0x00000214a2c6d800 Exception <a 'java/lang/ClassNotFoundException': org/springframework/beans/factory/InitializingBeanCustomizer> (0x0000000774536fc0) thrown at [C:\jenkins\workspace\8-2-build-windows-amd64-cygwin\jdk8u311\1894\hotspot\src\share\vm\classfile\systemDictionar
Event: 5.764 Thread 0x00000214a2c6d800 Exception <a 'java/lang/ClassNotFoundException': org/springframework/beans/factory/DisposableBeanCustomizer> (0x000000077455f270) thrown at [C:\jenkins\workspace\8-2-build-windows-amd64-cygwin\jdk8u311\1894\hotspot\src\share\vm\classfile\systemDictionary.
Event: 5.764 Thread 0x00000214a2c6d800 Exception <a 'java/lang/ClassNotFoundException': org/springframework/orm/jpa/EntityManagerFactoryInfoCustomizer> (0x000000077458a048) thrown at [C:\jenkins\workspace\8-2-build-windows-amd64-cygwin\jdk8u311\1894\hotspot\src\share\vm\classfile\systemDiction
Event: 5.765 Thread 0x00000214a2c6d800 Exception <a 'java/lang/ClassNotFoundException': org/springframework/dao/support/PersistenceExceptionTranslatorCustomizer> (0x00000007745c6160) thrown at [C:\jenkins\workspace\8-2-build-windows-amd64-cygwin\jdk8u311\1894\hotspot\src\share\vm\classfile\sys

Events (10 events):
Event: 6.279 loading class java/nio/file/attribute/BasicFileAttributes
Event: 6.279 loading class java/nio/file/attribute/BasicFileAttributes done
Event: 6.279 loading class java/nio/file/attribute/DosFileAttributes done
Event: 6.279 loading class sun/nio/fs/WindowsFileAttributes done
Event: 6.280 loading class sun/nio/fs/WindowsDirectoryStream$WindowsDirectoryIterator
Event: 6.280 loading class sun/nio/fs/WindowsDirectoryStream$WindowsDirectoryIterator done
Event: 6.280 loading class sun/nio/fs/WindowsPath$WindowsPathWithAttributes
Event: 6.280 loading class sun/nio/fs/BasicFileAttributesHolder
Event: 6.280 loading class sun/nio/fs/BasicFileAttributesHolder done
Event: 6.280 loading class sun/nio/fs/WindowsPath$WindowsPathWithAttributes done


Dynamic libraries:
0x00007ff79b140000 - 0x00007ff79b187000 	C:\Program Files\Java\jdk1.8.0_311\jre\bin\java.exe
0x00007ffd104c0000 - 0x00007ffd106c9000 	C:\WINDOWS\SYSTEM32\ntdll.dll
0x00007ffd0f760000 - 0x00007ffd0f81d000 	C:\WINDOWS\System32\KERNEL32.DLL
0x00007ffd0df70000 - 0x00007ffd0e2e4000 	C:\WINDOWS\System32\KERNELBASE.dll
0x00007ffd0e410000 - 0x00007ffd0e4be000 	C:\WINDOWS\System32\ADVAPI32.dll
0x00007ffd0ee30000 - 0x00007ffd0eed3000 	C:\WINDOWS\System32\msvcrt.dll
0x00007ffd10320000 - 0x00007ffd103be000 	C:\WINDOWS\System32\sechost.dll
0x00007ffd0fea0000 - 0x00007ffd0ffc0000 	C:\WINDOWS\System32\RPCRT4.dll
0x00007ffd0ffe0000 - 0x00007ffd1018c000 	C:\WINDOWS\System32\USER32.dll
0x00007ffd0dba0000 - 0x00007ffd0dbc6000 	C:\WINDOWS\System32\win32u.dll
0x00007ffd10450000 - 0x00007ffd10479000 	C:\WINDOWS\System32\GDI32.dll
0x00007ffd0de50000 - 0x00007ffd0df62000 	C:\WINDOWS\System32\gdi32full.dll
0x00007ffd0ddb0000 - 0x00007ffd0de4d000 	C:\WINDOWS\System32\msvcp_win.dll
0x00007ffd0dbd0000 - 0x00007ffd0dce1000 	C:\WINDOWS\System32\ucrtbase.dll
0x00007ffcf14b0000 - 0x00007ffcf1755000 	C:\WINDOWS\WinSxS\amd64_microsoft.windows.common-controls_6595b64144ccf1df_6.0.22000.120_none_9d947278b86cc467\COMCTL32.dll
0x00007ffd102e0000 - 0x00007ffd10311000 	C:\WINDOWS\System32\IMM32.DLL
0x00007ffcdd760000 - 0x00007ffcdd775000 	C:\Program Files\Java\jdk1.8.0_311\jre\bin\vcruntime140.dll
0x00007ffccbf30000 - 0x00007ffccbfcb000 	C:\Program Files\Java\jdk1.8.0_311\jre\bin\msvcp140.dll
0x0000000074d20000 - 0x0000000075580000 	C:\Program Files\Java\jdk1.8.0_311\jre\bin\server\jvm.dll
0x00007ffd0fc90000 - 0x00007ffd0fc98000 	C:\WINDOWS\System32\PSAPI.DLL
0x00007ffd0ae90000 - 0x00007ffd0ae99000 	C:\WINDOWS\SYSTEM32\WSOCK32.dll
0x00007ffd077e0000 - 0x00007ffd07813000 	C:\WINDOWS\SYSTEM32\WINMM.dll
0x00007ffd07a40000 - 0x00007ffd07a4a000 	C:\WINDOWS\SYSTEM32\VERSION.dll
0x00007ffd0e5b0000 - 0x00007ffd0e61f000 	C:\WINDOWS\System32\WS2_32.dll
0x00007ffd0cb30000 - 0x00007ffd0cb48000 	C:\WINDOWS\SYSTEM32\kernel.appcore.dll
0x00007ffd0ab00000 - 0x00007ffd0ab10000 	C:\Program Files\Java\jdk1.8.0_311\jre\bin\verify.dll
0x00007ffcdd730000 - 0x00007ffcdd75b000 	C:\Program Files\Java\jdk1.8.0_311\jre\bin\java.dll
0x00007ffcf8b30000 - 0x00007ffcf8b60000 	C:\Program Files\Java\jdk1.8.0_311\jre\bin\instrument.dll
0x00007ffcdd5f0000 - 0x00007ffcdd608000 	C:\Program Files\Java\jdk1.8.0_311\jre\bin\zip.dll
0x00007ffd0efb0000 - 0x00007ffd0f75e000 	C:\WINDOWS\System32\SHELL32.dll
0x00007ffd0bb20000 - 0x00007ffd0c388000 	C:\WINDOWS\SYSTEM32\windows.storage.dll
0x00007ffd0eab0000 - 0x00007ffd0ee28000 	C:\WINDOWS\System32\combase.dll
0x00007ffd0b9b0000 - 0x00007ffd0bb16000 	C:\WINDOWS\SYSTEM32\wintypes.dll
0x00007ffd0e4c0000 - 0x00007ffd0e5aa000 	C:\WINDOWS\System32\SHCORE.dll
0x00007ffd10190000 - 0x00007ffd101ed000 	C:\WINDOWS\System32\shlwapi.dll
0x00007ffd0d8e0000 - 0x00007ffd0d901000 	C:\WINDOWS\SYSTEM32\profapi.dll
0x00007ffcdb040000 - 0x00007ffcdb05c000 	C:\Program Files\Java\jdk1.8.0_311\jre\bin\net.dll
0x00007ffd0cfd0000 - 0x00007ffd0d037000 	C:\WINDOWS\system32\mswsock.dll
0x00007ffceb0d0000 - 0x00007ffceb0e7000 	C:\WINDOWS\system32\napinsp.dll
0x00007ffceb0b0000 - 0x00007ffceb0cb000 	C:\WINDOWS\system32\pnrpnsp.dll
0x00007ffd0c610000 - 0x00007ffd0c6f7000 	C:\WINDOWS\SYSTEM32\DNSAPI.dll
0x00007ffd0c5e0000 - 0x00007ffd0c60d000 	C:\WINDOWS\SYSTEM32\IPHLPAPI.DLL
0x00007ffd0e710000 - 0x00007ffd0e719000 	C:\WINDOWS\System32\NSI.dll
0x00007ffceb090000 - 0x00007ffceb0a2000 	C:\WINDOWS\System32\winrnr.dll
0x00007ffd06bf0000 - 0x00007ffd06c05000 	C:\WINDOWS\system32\wshbth.dll
0x00007ffceb070000 - 0x00007ffceb08f000 	C:\WINDOWS\system32\nlansp_c.dll
0x00007ffd051e0000 - 0x00007ffd051ea000 	C:\Windows\System32\rasadhlp.dll
0x00007ffd05df0000 - 0x00007ffd05e71000 	C:\WINDOWS\System32\fwpuclnt.dll
0x00007ffcd7850000 - 0x00007ffcd7863000 	C:\Program Files\Java\jdk1.8.0_311\jre\bin\nio.dll
0x00007ffd0ae40000 - 0x00007ffd0ae4d000 	C:\Program Files\Java\jdk1.8.0_311\jre\bin\management.dll
0x00007ffd07a60000 - 0x00007ffd07a79000 	C:\WINDOWS\SYSTEM32\dhcpcsvc6.DLL
0x00007ffd07d90000 - 0x00007ffd07dae000 	C:\WINDOWS\SYSTEM32\dhcpcsvc.DLL
0x00007ffd0d210000 - 0x00007ffd0d228000 	C:\WINDOWS\SYSTEM32\CRYPTSP.dll
0x00007ffd0ca90000 - 0x00007ffd0cac5000 	C:\WINDOWS\system32\rsaenh.dll
0x00007ffd0d0c0000 - 0x00007ffd0d0e9000 	C:\WINDOWS\SYSTEM32\USERENV.dll
0x00007ffd0d390000 - 0x00007ffd0d3b7000 	C:\WINDOWS\SYSTEM32\bcrypt.dll
0x00007ffd0db20000 - 0x00007ffd0db9f000 	C:\WINDOWS\System32\bcryptprimitives.dll
0x00007ffd0d230000 - 0x00007ffd0d23c000 	C:\WINDOWS\SYSTEM32\CRYPTBASE.dll
0x00007ffcfa430000 - 0x00007ffcfa651000 	C:\WINDOWS\SYSTEM32\dbghelp.dll

VM Arguments:
jvm_args: -javaagent:C:\\Users\\happy\\.m2\\repository\\org\\jacoco\\org.jacoco.agent\\0.8.4\\org.jacoco.agent-0.8.4-runtime.jar=destfile=C:\\Users\\happy\\aline-underwriter-mircoservice-RY\\underwriter-microservice\\target\\jacoco.exec 
java_command: C:\Users\happy\AppData\Local\Temp\surefire2866625200074053952\surefirebooter2795343748820448980.jar C:\Users\happy\AppData\Local\Temp\surefire2866625200074053952 2022-04-07T12-00-39_267-jvmRun1 surefire7600411353253231313tmp surefire_06766444009246477962tmp
java_class_path (initial): C:\Users\happy\AppData\Local\Temp\surefire2866625200074053952\surefirebooter2795343748820448980.jar;C:\\Users\\happy\\.m2\\repository\\org\\jacoco\\org.jacoco.agent\\0.8.4\\org.jacoco.agent-0.8.4-runtime.jar
Launcher Type: SUN_STANDARD

Environment Variables:
JAVA_HOME=C:/Program Files/Java/jdk1.8.0_311
PATH=C:\Users\happy\bin;C:\Program Files\Git\mingw64\bin;C:\Program Files\Git\usr\local\bin;C:\Program Files\Git\usr\bin;C:\Program Files\Git\usr\bin;C:\Program Files\Git\mingw64\bin;C:\Program Files\Git\usr\bin;C:\Users\happy\bin;C:\Program Files\Common Files\Oracle\Java\javapath;C:\Program Files (x86)\Common Files\Oracle\Java\javapath;C:\Python310\Scripts;C:\Python310;C:\Windows\system32;C:\Windows;C:\Windows\System32\Wbem;C:\Windows\System32\WindowsPowerShell\v1.0;C:\Windows\System32\OpenSSH;C:\Program Files\NVIDIA Corporation\NVIDIA NvDLISR;C:\Program Files (x86)\NVIDIA Corporation\PhysX\Common;C:\Program Files\Git\cmd;C:\Program Files\nodejs;C:\ProgramData\chocolatey\bin;C:\WINDOWS\system32;C:\WINDOWS;C:\WINDOWS\System32\Wbem;C:\WINDOWS\System32\WindowsPowerShell\v1.0;C:\WINDOWS\System32\OpenSSH;C:\HashiCorp\Vagrant\bin;C:\Program Files\PuTTY;C:\Program Files\MySQL\MySQL Shell 8.0\bin;C:\Users\happy\AppData\Local\Microsoft\WindowsApps;C:\Users\happy\AppData\Local\Programs\Microsoft VS Code\bin;C:\Users\happy\AppData\Roaming\npm;C:\Program Files\Java\jdk1.8.0_311;C:\apache-maven-3.8.5\bin;C:\Program Files\Git\usr\bin\vendor_perl;C:\Program Files\Git\usr\bin\core_perl
USERNAME=happy
SHELL=C:\Program Files\Git\usr\bin\bash.exe
DISPLAY=needs-to-be-defined
OS=Windows_NT
PROCESSOR_IDENTIFIER=Intel64 Family 6 Model 165 Stepping 2, GenuineIntel



---------------  S Y S T E M  ---------------

OS: Windows 10.0 , 64 bit Build 22000 (10.0.22000.434)

CPU:total 8 (initial active 8) (4 cores per cpu, 2 threads per core) family 6 model 165 stepping 2, cmov, cx8, fxsr, mmx, sse, sse2, sse3, ssse3, sse4.1, sse4.2, popcnt, avx, avx2, aes, clmul, erms, 3dnowpref, lzcnt, ht, tsc, tscinvbit, bmi1, bmi2, adx

Memory: 4k page, physical 16593196k(5752784k free), swap 19584300k(6320k free)

vm_info: Java HotSpot(TM) 64-Bit Server VM (25.311-b11) for windows-amd64 JRE (1.8.0_311-b11), built on Sep 27 2021 05:15:14 by "java_re" with MS VC++ 15.9 (VS2017)

time: Thu Apr  7 12:00:50 2022
timezone: Mountain Daylight Time
elapsed time: 6.305285 seconds (0d 0h 0m 6s)

