#
# There is insufficient memory for the Java Runtime Environment to continue.
# Native memory allocation (malloc) failed to allocate 1367760 bytes for Chunk::new
# Possible reasons:
#   The system is out of physical RAM or swap space
#   The process is running with CompressedOops enabled, and the Java Heap may be blocking the growth of the native heap
# Possible solutions:
#   Reduce memory load on the system
#   Increase physical memory or swap space
#   Check if swap backing store is full
#   Decrease Java heap size (-Xmx/-Xms)
#   Decrease number of Java threads
#   Decrease Java thread stack sizes (-Xss)
#   Set larger code cache with -XX:ReservedCodeCacheSize=
#   JVM is running with Zero Based Compressed Oops mode in which the Java heap is
#     placed in the first 32GB address space. The Java Heap base address is the
#     maximum limit for the native heap growth. Please use -XX:HeapBaseMinAddress
#     to set the Java Heap base and to place the Java Heap above 32GB virtual address.
# This output file may be truncated or incomplete.
#
#  Out of Memory Error (allocation.cpp:389), pid=6612, tid=0x0000000000003aa8
#
# JRE version: Java(TM) SE Runtime Environment (8.0_311-b11) (build 1.8.0_311-b11)
# Java VM: Java HotSpot(TM) 64-Bit Server VM (25.311-b11 mixed mode windows-amd64 compressed oops)
# Failed to write core dump. Minidumps are not enabled by default on client versions of Windows
#

---------------  T H R E A D  ---------------

Current thread (0x000001e27ca63000):  JavaThread "C2 CompilerThread2" daemon [_thread_in_native, id=15016, stack(0x0000000564600000,0x0000000564700000)]

Stack: [0x0000000564600000,0x0000000564700000]
Native frames: (J=compiled Java code, j=interpreted, Vv=VM code, C=native code)
V  [jvm.dll+0x32f239]
V  [jvm.dll+0x275882]
V  [jvm.dll+0x27652d]
V  [jvm.dll+0x26cf65]
V  [jvm.dll+0xd558c]
V  [jvm.dll+0xd5d8c]
V  [jvm.dll+0x470b65]
V  [jvm.dll+0x4383c8]
V  [jvm.dll+0x441215]
V  [jvm.dll+0x4405d5]
V  [jvm.dll+0x42b38b]
V  [jvm.dll+0xac22b]
V  [jvm.dll+0xaa88b]
V  [jvm.dll+0x23df22]
V  [jvm.dll+0x29253c]
C  [ucrtbase.dll+0x26c0c]
C  [KERNEL32.DLL+0x154e0]
C  [ntdll.dll+0x485b]


Current CompileTask:
C2:  37171 19665       4       org.springframework.asm.ClassReader::readCode (7198 bytes)


---------------  P R O C E S S  ---------------

Java Threads: ( => current thread )
  0x000001e21a663000 JavaThread "HikariPool-6 connection adder" daemon [_thread_blocked, id=15392, stack(0x0000000565d00000,0x0000000565e00000)]
  0x000001e21a660000 JavaThread "HikariPool-6 housekeeper" daemon [_thread_blocked, id=2204, stack(0x0000000565a00000,0x0000000565b00000)]
  0x000001e21a662000 JavaThread "spring.cloud.inetutils" daemon [_thread_in_native, id=3876, stack(0x0000000565c00000,0x0000000565d00000)]
  0x000001e21a65a000 JavaThread "spring.cloud.inetutils" daemon [_thread_in_native, id=15100, stack(0x0000000565700000,0x0000000565800000)]
  0x000001e21a659000 JavaThread "HikariPool-5 connection adder" daemon [_thread_blocked, id=18424, stack(0x0000000565b00000,0x0000000565c00000)]
  0x000001e21a65e800 JavaThread "HikariPool-5 housekeeper" daemon [_thread_blocked, id=19876, stack(0x0000000565000000,0x0000000565100000)]
  0x000001e21a65d000 JavaThread "spring.cloud.inetutils" daemon [_thread_blocked, id=10704, stack(0x0000000565200000,0x0000000565300000)]
  0x000001e21f219800 JavaThread "HikariPool-4 housekeeper" daemon [_thread_blocked, id=16036, stack(0x0000000565600000,0x0000000565700000)]
  0x000001e21f219000 JavaThread "spring.cloud.inetutils" daemon [_thread_blocked, id=11636, stack(0x0000000565500000,0x0000000565600000)]
  0x000001e21e767000 JavaThread "HikariPool-3 housekeeper" daemon [_thread_blocked, id=2796, stack(0x0000000565400000,0x0000000565500000)]
  0x000001e27e6ed000 JavaThread "spring.cloud.inetutils" daemon [_thread_blocked, id=15112, stack(0x0000000565300000,0x0000000565400000)]
  0x000001e21e765000 JavaThread "HikariPool-2 housekeeper" daemon [_thread_blocked, id=11628, stack(0x0000000565100000,0x0000000565200000)]
  0x000001e21e75e000 JavaThread "spring.cloud.inetutils" daemon [_thread_blocked, id=12468, stack(0x0000000564e00000,0x0000000564f00000)]
  0x000001e21884f000 JavaThread "java-sdk-http-connection-reaper" daemon [_thread_blocked, id=12716, stack(0x0000000564f00000,0x0000000565000000)]
  0x000001e218848000 JavaThread "HikariPool-1 housekeeper" daemon [_thread_blocked, id=15012, stack(0x0000000564c00000,0x0000000564d00000)]
  0x000001e218845000 JavaThread "mysql-cj-abandoned-connection-cleanup" daemon [_thread_blocked, id=8556, stack(0x0000000564d00000,0x0000000564e00000)]
  0x000001e27d351800 JavaThread "surefire-forkedjvm-ping-30s" daemon [_thread_blocked, id=17168, stack(0x0000000564b00000,0x0000000564c00000)]
  0x000001e27d2fa000 JavaThread "surefire-forkedjvm-command-thread" daemon [_thread_in_native, id=9312, stack(0x0000000564a00000,0x0000000564b00000)]
  0x000001e27ca75800 JavaThread "Service Thread" daemon [_thread_blocked, id=2164, stack(0x0000000564800000,0x0000000564900000)]
  0x000001e27cb02000 JavaThread "C1 CompilerThread3" daemon [_thread_blocked, id=18268, stack(0x0000000564700000,0x0000000564800000)]
=>0x000001e27ca63000 JavaThread "C2 CompilerThread2" daemon [_thread_in_native, id=15016, stack(0x0000000564600000,0x0000000564700000)]
  0x000001e27ca62800 JavaThread "C2 CompilerThread1" daemon [_thread_in_native, id=12044, stack(0x0000000564500000,0x0000000564600000)]
  0x000001e27cafd000 JavaThread "C2 CompilerThread0" daemon [_thread_blocked, id=13348, stack(0x0000000564400000,0x0000000564500000)]
  0x000001e27a4de000 JavaThread "Attach Listener" daemon [_thread_blocked, id=660, stack(0x0000000564300000,0x0000000564400000)]
  0x000001e27a4dd000 JavaThread "Signal Dispatcher" daemon [_thread_blocked, id=8868, stack(0x0000000564200000,0x0000000564300000)]
  0x000001e27a4b9800 JavaThread "Finalizer" daemon [_thread_blocked, id=11704, stack(0x0000000564100000,0x0000000564200000)]
  0x000001e27a4b2800 JavaThread "Reference Handler" daemon [_thread_blocked, id=3464, stack(0x0000000564000000,0x0000000564100000)]
  0x000001e27668b000 JavaThread "main" [_thread_in_vm, id=3176, stack(0x0000000563600000,0x0000000563700000)]

Other Threads:
  0x000001e27a489800 VMThread [stack: 0x0000000563f00000,0x0000000564000000] [id=7080]
  0x000001e27cad3800 WatcherThread [stack: 0x0000000564900000,0x0000000564a00000] [id=3940]

VM state:not at safepoint (normal execution)

VM Mutex/Monitor currently owned by a thread: None

heap address: 0x00000006c2c00000, size: 4052 MB, Compressed Oops mode: Zero based, Oop shift amount: 3
Narrow klass base: 0x0000000000000000, Narrow klass shift: 3
Compressed class space size: 1073741824 Address: 0x00000007c0000000

Heap:
 PSYoungGen      total 625664K, used 407091K [0x000000076b980000, 0x0000000798780000, 0x00000007c0000000)
  eden space 565760K, 61% used [0x000000076b980000,0x0000000780f38b18,0x000000078e200000)
  from space 59904K, 95% used [0x0000000794d00000,0x00000007984d42a8,0x0000000798780000)
  to   space 53248K, 0% used [0x000000078e200000,0x000000078e200000,0x0000000791600000)
 ParOldGen       total 337408K, used 67869K [0x00000006c2c00000, 0x00000006d7580000, 0x000000076b980000)
  object space 337408K, 20% used [0x00000006c2c00000,0x00000006c6e476b8,0x00000006d7580000)
 Metaspace       used 104525K, capacity 111441K, committed 111680K, reserved 1146880K
  class space    used 12307K, capacity 13408K, committed 13416K, reserved 1048576K

Card table byte_map: [0x000001e278530000,0x000001e278d20000] byte_map_base: 0x000001e274f1a000

Marking Bits: (ParMarkBitMap*) 0x000000006e0b8030
 Begin Bits: [0x000001e20f000000, 0x000001e212f50000)
 End Bits:   [0x000001e212f50000, 0x000001e216ea0000)

Polling page: 0x000001e2768a0000

CodeCache: size=245760Kb used=60942Kb max_used=62520Kb free=184817Kb
 bounds [0x000001e200000000, 0x000001e203d90000, 0x000001e20f000000]
 total_blobs=16159 nmethods=15519 adapters=550
 compilation: enabled

Compilation events (10 events):
Event: 37.138 Thread 0x000001e27cafd000 19735       4       io.github.classgraph.Scanner$3::processWorkUnit (22 bytes)
Event: 37.138 Thread 0x000001e27ca62800 19736   !   4       io.github.classgraph.Scanner$3::processWorkUnit (287 bytes)
Event: 37.143 Thread 0x000001e27cb02000 19737       3       java.util.TimSort::ensureCapacity (107 bytes)
Event: 37.144 Thread 0x000001e27cb02000 nmethod 19737 0x000001e20094c890 code [0x000001e20094ca20, 0x000001e20094d020]
Event: 37.153 Thread 0x000001e27ca62800 nmethod 19736 0x000001e200aa2410 code [0x000001e200aa2640, 0x000001e200aa3528]
Event: 37.153 Thread 0x000001e27cafd000 nmethod 19735 0x000001e2013031d0 code [0x000001e201303400, 0x000001e201304328]
Event: 37.156 Thread 0x000001e27ca62800 19738       4       java.util.concurrent.locks.ReentrantLock$NonfairSync::tryAcquire (6 bytes)
Event: 37.157 Thread 0x000001e27cafd000 19739   !   4       java.io.RandomAccessFile::close (62 bytes)
Event: 37.157 Thread 0x000001e27ca62800 nmethod 19738 0x000001e201f39090 code [0x000001e201f391c0, 0x000001e201f392b8]
Event: 37.160 Thread 0x000001e27cafd000 nmethod 19739 0x000001e200b88890 code [0x000001e200b88a00, 0x000001e200b894a8]

GC Heap History (10 events):
Event: 27.695 GC heap before
{Heap before GC invocations=30 (full 4):
 PSYoungGen      total 522752K, used 522745K [0x000000076b980000, 0x0000000790780000, 0x00000007c0000000)
  eden space 495616K, 100% used [0x000000076b980000,0x0000000789d80000,0x0000000789d80000)
  from space 27136K, 99% used [0x0000000789d80000,0x000000078b7fe5f8,0x000000078b800000)
  to   space 34816K, 0% used [0x000000078e580000,0x000000078e580000,0x0000000790780000)
 ParOldGen       total 337408K, used 49789K [0x00000006c2c00000, 0x00000006d7580000, 0x000000076b980000)
  object space 337408K, 14% used [0x00000006c2c00000,0x00000006c5c9f500,0x00000006d7580000)
 Metaspace       used 102088K, capacity 108659K, committed 108736K, reserved 1144832K
  class space    used 12150K, capacity 13215K, committed 13288K, reserved 1048576K
Event: 27.706 GC heap after
Heap after GC invocations=30 (full 4):
 PSYoungGen      total 562176K, used 24067K [0x000000076b980000, 0x0000000790580000, 0x00000007c0000000)
  eden space 529408K, 0% used [0x000000076b980000,0x000000076b980000,0x000000078be80000)
  from space 32768K, 73% used [0x000000078e580000,0x000000078fd00cb8,0x0000000790580000)
  to   space 36352K, 0% used [0x000000078be80000,0x000000078be80000,0x000000078e200000)
 ParOldGen       total 337408K, used 49797K [0x00000006c2c00000, 0x00000006d7580000, 0x000000076b980000)
  object space 337408K, 14% used [0x00000006c2c00000,0x00000006c5ca1500,0x00000006d7580000)
 Metaspace       used 102088K, capacity 108659K, committed 108736K, reserved 1144832K
  class space    used 12150K, capacity 13215K, committed 13288K, reserved 1048576K
}
Event: 28.815 GC heap before
{Heap before GC invocations=31 (full 4):
 PSYoungGen      total 562176K, used 553475K [0x000000076b980000, 0x0000000790580000, 0x00000007c0000000)
  eden space 529408K, 100% used [0x000000076b980000,0x000000078be80000,0x000000078be80000)
  from space 32768K, 73% used [0x000000078e580000,0x000000078fd00cb8,0x0000000790580000)
  to   space 36352K, 0% used [0x000000078be80000,0x000000078be80000,0x000000078e200000)
 ParOldGen       total 337408K, used 49797K [0x00000006c2c00000, 0x00000006d7580000, 0x000000076b980000)
  object space 337408K, 14% used [0x00000006c2c00000,0x00000006c5ca1500,0x00000006d7580000)
 Metaspace       used 102806K, capacity 109525K, committed 109760K, reserved 1146880K
  class space    used 12209K, capacity 13276K, committed 13288K, reserved 1048576K
Event: 28.835 GC heap after
Heap after GC invocations=31 (full 4):
 PSYoungGen      total 565760K, used 36329K [0x000000076b980000, 0x0000000794400000, 0x00000007c0000000)
  eden space 529408K, 0% used [0x000000076b980000,0x000000076b980000,0x000000078be80000)
  from space 36352K, 99% used [0x000000078be80000,0x000000078e1fa588,0x000000078e200000)
  to   space 47104K, 0% used [0x0000000791600000,0x0000000791600000,0x0000000794400000)
 ParOldGen       total 337408K, used 62043K [0x00000006c2c00000, 0x00000006d7580000, 0x000000076b980000)
  object space 337408K, 18% used [0x00000006c2c00000,0x00000006c6896ea8,0x00000006d7580000)
 Metaspace       used 102806K, capacity 109525K, committed 109760K, reserved 1146880K
  class space    used 12209K, capacity 13276K, committed 13288K, reserved 1048576K
}
Event: 32.414 GC heap before
{Heap before GC invocations=32 (full 4):
 PSYoungGen      total 565760K, used 565737K [0x000000076b980000, 0x0000000794400000, 0x00000007c0000000)
  eden space 529408K, 100% used [0x000000076b980000,0x000000078be80000,0x000000078be80000)
  from space 36352K, 99% used [0x000000078be80000,0x000000078e1fa588,0x000000078e200000)
  to   space 47104K, 0% used [0x0000000791600000,0x0000000791600000,0x0000000794400000)
 ParOldGen       total 337408K, used 62043K [0x00000006c2c00000, 0x00000006d7580000, 0x000000076b980000)
  object space 337408K, 18% used [0x00000006c2c00000,0x00000006c6896ea8,0x00000006d7580000)
 Metaspace       used 103563K, capacity 110407K, committed 110656K, reserved 1146880K
  class space    used 12271K, capacity 13377K, committed 13416K, reserved 1048576K
Event: 32.442 GC heap after
Heap after GC invocations=32 (full 4):
 PSYoungGen      total 612864K, used 43293K [0x000000076b980000, 0x0000000794d80000, 0x00000007c0000000)
  eden space 565760K, 0% used [0x000000076b980000,0x000000076b980000,0x000000078e200000)
  from space 47104K, 91% used [0x0000000791600000,0x0000000794047530,0x0000000794400000)
  to   space 53248K, 0% used [0x000000078e200000,0x000000078e200000,0x0000000791600000)
 ParOldGen       total 337408K, used 67853K [0x00000006c2c00000, 0x00000006d7580000, 0x000000076b980000)
  object space 337408K, 20% used [0x00000006c2c00000,0x00000006c6e436b8,0x00000006d7580000)
 Metaspace       used 103563K, capacity 110407K, committed 110656K, reserved 1146880K
  class space    used 12271K, capacity 13377K, committed 13416K, reserved 1048576K
}
Event: 33.216 GC heap before
{Heap before GC invocations=33 (full 4):
 PSYoungGen      total 612864K, used 609053K [0x000000076b980000, 0x0000000794d80000, 0x00000007c0000000)
  eden space 565760K, 100% used [0x000000076b980000,0x000000078e200000,0x000000078e200000)
  from space 47104K, 91% used [0x0000000791600000,0x0000000794047530,0x0000000794400000)
  to   space 53248K, 0% used [0x000000078e200000,0x000000078e200000,0x0000000791600000)
 ParOldGen       total 337408K, used 67853K [0x00000006c2c00000, 0x00000006d7580000, 0x000000076b980000)
  object space 337408K, 20% used [0x00000006c2c00000,0x00000006c6e436b8,0x00000006d7580000)
 Metaspace       used 103842K, capacity 110611K, committed 110656K, reserved 1146880K
  class space    used 12278K, capacity 13377K, committed 13416K, reserved 1048576K
Event: 33.231 GC heap after
Heap after GC invocations=33 (full 4):
 PSYoungGen      total 619008K, used 46957K [0x000000076b980000, 0x0000000798780000, 0x00000007c0000000)
  eden space 565760K, 0% used [0x000000076b980000,0x000000076b980000,0x000000078e200000)
  from space 53248K, 88% used [0x000000078e200000,0x0000000790fdb658,0x0000000791600000)
  to   space 59904K, 0% used [0x0000000794d00000,0x0000000794d00000,0x0000000798780000)
 ParOldGen       total 337408K, used 67861K [0x00000006c2c00000, 0x00000006d7580000, 0x000000076b980000)
  object space 337408K, 20% used [0x00000006c2c00000,0x00000006c6e456b8,0x00000006d7580000)
 Metaspace       used 103842K, capacity 110611K, committed 110656K, reserved 1146880K
  class space    used 12278K, capacity 13377K, committed 13416K, reserved 1048576K
}
Event: 36.959 GC heap before
{Heap before GC invocations=34 (full 4):
 PSYoungGen      total 619008K, used 612717K [0x000000076b980000, 0x0000000798780000, 0x00000007c0000000)
  eden space 565760K, 100% used [0x000000076b980000,0x000000078e200000,0x000000078e200000)
  from space 53248K, 88% used [0x000000078e200000,0x0000000790fdb658,0x0000000791600000)
  to   space 59904K, 0% used [0x0000000794d00000,0x0000000794d00000,0x0000000798780000)
 ParOldGen       total 337408K, used 67861K [0x00000006c2c00000, 0x00000006d7580000, 0x000000076b980000)
  object space 337408K, 20% used [0x00000006c2c00000,0x00000006c6e456b8,0x00000006d7580000)
 Metaspace       used 104519K, capacity 111441K, committed 111680K, reserved 1146880K
  class space    used 12307K, capacity 13408K, committed 13416K, reserved 1048576K
Event: 36.986 GC heap after
Heap after GC invocations=34 (full 4):
 PSYoungGen      total 625664K, used 57168K [0x000000076b980000, 0x0000000798780000, 0x00000007c0000000)
  eden space 565760K, 0% used [0x000000076b980000,0x000000076b980000,0x000000078e200000)
  from space 59904K, 95% used [0x0000000794d00000,0x00000007984d42a8,0x0000000798780000)
  to   space 53248K, 0% used [0x000000078e200000,0x000000078e200000,0x0000000791600000)
 ParOldGen       total 337408K, used 67869K [0x00000006c2c00000, 0x00000006d7580000, 0x000000076b980000)
  object space 337408K, 20% used [0x00000006c2c00000,0x00000006c6e476b8,0x00000006d7580000)
 Metaspace       used 104519K, capacity 111441K, committed 111680K, reserved 1146880K
  class space    used 12307K, capacity 13408K, committed 13416K, reserved 1048576K
}

Deoptimization events (10 events):
Event: 31.815 Thread 0x000001e27668b000 Uncommon trap: reason=unstable_if action=reinterpret pc=0x000001e203124554 method=java.io.ExpiringCache.entryFor(Ljava/lang/String;)Ljava/io/ExpiringCache$Entry; @ 39
Event: 33.311 Thread 0x000001e27668b000 Uncommon trap: reason=null_check action=make_not_entrant pc=0x000001e20149b3e0 method=org.springframework.core.convert.TypeDescriptor.isMap()Z @ 10
Event: 34.617 Thread 0x000001e27668b000 Uncommon trap: reason=bimorphic action=maybe_recompile pc=0x000001e203765e34 method=org.mockito.internal.creation.bytebuddy.SubclassByteBuddyMockMaker.getHandler(Ljava/lang/Object;)Lorg/mockito/invocation/MockHandler; @ 22
Event: 34.617 Thread 0x000001e27668b000 Uncommon trap: reason=bimorphic action=maybe_recompile pc=0x000001e2037551d4 method=org.mockito.internal.creation.bytebuddy.SubclassByteBuddyMockMaker.getHandler(Ljava/lang/Object;)Lorg/mockito/invocation/MockHandler; @ 22
Event: 34.617 Thread 0x000001e27668b000 Uncommon trap: reason=bimorphic action=maybe_recompile pc=0x000001e203748908 method=org.mockito.internal.creation.bytebuddy.SubclassByteBuddyMockMaker.getHandler(Ljava/lang/Object;)Lorg/mockito/invocation/MockHandler; @ 22
Event: 34.617 Thread 0x000001e27668b000 Uncommon trap: reason=bimorphic action=maybe_recompile pc=0x000001e203765e34 method=org.mockito.internal.creation.bytebuddy.SubclassByteBuddyMockMaker.getHandler(Ljava/lang/Object;)Lorg/mockito/invocation/MockHandler; @ 22
Event: 34.617 Thread 0x000001e27668b000 Uncommon trap: reason=bimorphic action=maybe_recompile pc=0x000001e2037551d4 method=org.mockito.internal.creation.bytebuddy.SubclassByteBuddyMockMaker.getHandler(Ljava/lang/Object;)Lorg/mockito/invocation/MockHandler; @ 22
Event: 34.617 Thread 0x000001e27668b000 Uncommon trap: reason=bimorphic action=maybe_recompile pc=0x000001e203748908 method=org.mockito.internal.creation.bytebuddy.SubclassByteBuddyMockMaker.getHandler(Ljava/lang/Object;)Lorg/mockito/invocation/MockHandler; @ 22
Event: 36.435 Thread 0x000001e27668b000 Uncommon trap: reason=null_check action=make_not_entrant pc=0x000001e203c0af30 method=org.hibernate.internal.util.ReflectHelper.findGetterMethodForFieldAccess(Ljava/lang/reflect/Field;Ljava/lang/String;)Ljava/lang/reflect/Method; @ 90
Event: 36.506 Thread 0x000001e27668b000 Uncommon trap: reason=unstable_if action=reinterpret pc=0x000001e20334bc8c method=java.beans.Introspector.getTargetEventInfo()[Ljava/beans/EventSetDescriptor; @ 385

Classes redefined (0 events):
No events

Internal exceptions (10 events):
Event: 37.007 Thread 0x000001e27668b000 Exception <a 'java/lang/ClassNotFoundException': org/springframework/web/context/ServletContextAwareCustomizer> (0x000000076c2fc5b8) thrown at [C:\jenkins\workspace\8-2-build-windows-amd64-cygwin\jdk8u311\1894\hotspot\src\share\vm\classfile\systemDictiona
Event: 37.007 Thread 0x000001e27668b000 Exception <a 'java/lang/ClassNotFoundException': org/springframework/beans/factory/AwareCustomizer> (0x000000076c321800) thrown at [C:\jenkins\workspace\8-2-build-windows-amd64-cygwin\jdk8u311\1894\hotspot\src\share\vm\classfile\systemDictionary.cpp, line
Event: 37.007 Thread 0x000001e27668b000 Exception <a 'java/lang/ClassNotFoundException': org/springframework/context/ApplicationContextAwareCustomizer> (0x000000076c34bd80) thrown at [C:\jenkins\workspace\8-2-build-windows-amd64-cygwin\jdk8u311\1894\hotspot\src\share\vm\classfile\systemDictiona
Event: 37.007 Thread 0x000001e27668b000 Exception <a 'java/lang/ClassNotFoundException': org/springframework/beans/factory/AwareCustomizer> (0x000000076c371560) thrown at [C:\jenkins\workspace\8-2-build-windows-amd64-cygwin\jdk8u311\1894\hotspot\src\share\vm\classfile\systemDictionary.cpp, line
Event: 37.159 Thread 0x000001e27668b000 Exception <a 'java/lang/ClassNotFoundException': java/lang/ObjectCustomizer> (0x0000000779644150) thrown at [C:\jenkins\workspace\8-2-build-windows-amd64-cygwin\jdk8u311\1894\hotspot\src\share\vm\classfile\systemDictionary.cpp, line 212]
Event: 37.160 Thread 0x000001e27668b000 Exception <a 'java/lang/ClassNotFoundException': org/springframework/context/support/ApplicationObjectSupportCustomizer> (0x0000000779675ca8) thrown at [C:\jenkins\workspace\8-2-build-windows-amd64-cygwin\jdk8u311\1894\hotspot\src\share\vm\classfile\syste
Event: 37.160 Thread 0x000001e27668b000 Exception <a 'java/lang/ClassNotFoundException': org/springframework/web/context/support/WebApplicationObjectSupportCustomizer> (0x00000007796ac090) thrown at [C:\jenkins\workspace\8-2-build-windows-amd64-cygwin\jdk8u311\1894\hotspot\src\share\vm\classfil
Event: 37.161 Thread 0x000001e27668b000 Exception <a 'java/lang/ClassNotFoundException': org/springframework/web/servlet/handler/AbstractHandlerMappingCustomizer> (0x00000007796dd708) thrown at [C:\jenkins\workspace\8-2-build-windows-amd64-cygwin\jdk8u311\1894\hotspot\src\share\vm\classfile\sys
Event: 37.161 Thread 0x000001e27668b000 Exception <a 'java/lang/ClassNotFoundException': org/springframework/web/servlet/handler/AbstractUrlHandlerMappingCustomizer> (0x0000000779729c58) thrown at [C:\jenkins\workspace\8-2-build-windows-amd64-cygwin\jdk8u311\1894\hotspot\src\share\vm\classfile\
Event: 37.162 Thread 0x000001e27668b000 Exception <a 'java/lang/ClassNotFoundException': org/springframework/web/servlet/handler/SimpleUrlHandlerMappingCustomizer> (0x0000000779768530) thrown at [C:\jenkins\workspace\8-2-build-windows-amd64-cygwin\jdk8u311\1894\hotspot\src\share\vm\classfile\sy

Events (10 events):
Event: 37.161 loading class org/springframework/web/servlet/handler/AbstractUrlHandlerMappingCustomizer
Event: 37.161 loading class org/springframework/web/servlet/handler/AbstractUrlHandlerMappingCustomizer done
Event: 37.161 loading class org/springframework/web/servlet/handler/SimpleUrlHandlerMappingCustomizer
Event: 37.161 loading class org/springframework/web/servlet/handler/SimpleUrlHandlerMappingCustomizer done
Event: 37.161 loading class org/springframework/web/servlet/handler/SimpleUrlHandlerMappingCustomizer
Event: 37.161 loading class org/springframework/web/servlet/handler/SimpleUrlHandlerMappingCustomizer done
Event: 37.162 loading class org/springframework/web/servlet/handler/SimpleUrlHandlerMappingCustomizer
Event: 37.162 loading class org/springframework/web/servlet/handler/SimpleUrlHandlerMappingCustomizer done
Event: 37.162 loading class org/springframework/web/servlet/handler/MatchableHandlerMappingCustomizer
Event: 37.162 loading class org/springframework/web/servlet/handler/MatchableHandlerMappingCustomizer done


Dynamic libraries:
0x00007ff736820000 - 0x00007ff736867000 	C:\Program Files\Java\jdk1.8.0_311\jre\bin\java.exe
0x00007ffa6eee0000 - 0x00007ffa6f0e9000 	C:\WINDOWS\SYSTEM32\ntdll.dll
0x00007ffa6da80000 - 0x00007ffa6db3d000 	C:\WINDOWS\System32\KERNEL32.DLL
0x00007ffa6c5e0000 - 0x00007ffa6c954000 	C:\WINDOWS\System32\KERNELBASE.dll
0x00007ffa6d070000 - 0x00007ffa6d11e000 	C:\WINDOWS\System32\ADVAPI32.dll
0x00007ffa6edb0000 - 0x00007ffa6ee53000 	C:\WINDOWS\System32\msvcrt.dll
0x00007ffa6db40000 - 0x00007ffa6dbde000 	C:\WINDOWS\System32\sechost.dll
0x00007ffa6dde0000 - 0x00007ffa6df00000 	C:\WINDOWS\System32\RPCRT4.dll
0x00007ffa6d180000 - 0x00007ffa6d32c000 	C:\WINDOWS\System32\USER32.dll
0x00007ffa6c3d0000 - 0x00007ffa6c3f6000 	C:\WINDOWS\System32\win32u.dll
0x00007ffa6ea90000 - 0x00007ffa6eab9000 	C:\WINDOWS\System32\GDI32.dll
0x00007ffa6c4c0000 - 0x00007ffa6c5d2000 	C:\WINDOWS\System32\gdi32full.dll
0x00007ffa6cce0000 - 0x00007ffa6cd7d000 	C:\WINDOWS\System32\msvcp_win.dll
0x00007ffa6ca50000 - 0x00007ffa6cb61000 	C:\WINDOWS\System32\ucrtbase.dll
0x00007ffa52460000 - 0x00007ffa52705000 	C:\WINDOWS\WinSxS\amd64_microsoft.windows.common-controls_6595b64144ccf1df_6.0.22000.120_none_9d947278b86cc467\COMCTL32.dll
0x00007ffa6ee60000 - 0x00007ffa6ee91000 	C:\WINDOWS\System32\IMM32.DLL
0x00007ffa5a5e0000 - 0x00007ffa5a5f5000 	C:\Program Files\Java\jdk1.8.0_311\jre\bin\vcruntime140.dll
0x00007ffa58a20000 - 0x00007ffa58abb000 	C:\Program Files\Java\jdk1.8.0_311\jre\bin\msvcp140.dll
0x000000006d8d0000 - 0x000000006e130000 	C:\Program Files\Java\jdk1.8.0_311\jre\bin\server\jvm.dll
0x00007ffa6dcb0000 - 0x00007ffa6dcb8000 	C:\WINDOWS\System32\PSAPI.DLL
0x00007ffa67200000 - 0x00007ffa6720a000 	C:\WINDOWS\SYSTEM32\VERSION.dll
0x00007ffa67800000 - 0x00007ffa67809000 	C:\WINDOWS\SYSTEM32\WSOCK32.dll
0x00007ffa66410000 - 0x00007ffa66443000 	C:\WINDOWS\SYSTEM32\WINMM.dll
0x00007ffa6d4f0000 - 0x00007ffa6d55f000 	C:\WINDOWS\System32\WS2_32.dll
0x00007ffa6b5c0000 - 0x00007ffa6b5d8000 	C:\WINDOWS\SYSTEM32\kernel.appcore.dll
0x00007ffa698d0000 - 0x00007ffa698e0000 	C:\Program Files\Java\jdk1.8.0_311\jre\bin\verify.dll
0x00007ffa5a5b0000 - 0x00007ffa5a5db000 	C:\Program Files\Java\jdk1.8.0_311\jre\bin\java.dll
0x00007ffa4a160000 - 0x00007ffa4a190000 	C:\Program Files\Java\jdk1.8.0_311\jre\bin\instrument.dll
0x00007ffa5a590000 - 0x00007ffa5a5a8000 	C:\Program Files\Java\jdk1.8.0_311\jre\bin\zip.dll
0x00007ffa6e2e0000 - 0x00007ffa6ea8e000 	C:\WINDOWS\System32\SHELL32.dll
0x00007ffa6a550000 - 0x00007ffa6adb8000 	C:\WINDOWS\SYSTEM32\windows.storage.dll
0x00007ffa6df00000 - 0x00007ffa6e278000 	C:\WINDOWS\System32\combase.dll
0x00007ffa6a3e0000 - 0x00007ffa6a546000 	C:\WINDOWS\SYSTEM32\wintypes.dll
0x00007ffa6cd90000 - 0x00007ffa6ce7a000 	C:\WINDOWS\System32\SHCORE.dll
0x00007ffa6ebb0000 - 0x00007ffa6ec0d000 	C:\WINDOWS\System32\shlwapi.dll
0x00007ffa6c300000 - 0x00007ffa6c321000 	C:\WINDOWS\SYSTEM32\profapi.dll
0x00007ffa58a00000 - 0x00007ffa58a1c000 	C:\Program Files\Java\jdk1.8.0_311\jre\bin\net.dll
0x00007ffa6b9f0000 - 0x00007ffa6ba57000 	C:\WINDOWS\system32\mswsock.dll
0x00007ffa4c010000 - 0x00007ffa4c027000 	C:\WINDOWS\system32\napinsp.dll
0x00007ffa4bff0000 - 0x00007ffa4c00b000 	C:\WINDOWS\system32\pnrpnsp.dll
0x00007ffa6b160000 - 0x00007ffa6b247000 	C:\WINDOWS\SYSTEM32\DNSAPI.dll
0x00007ffa6b0f0000 - 0x00007ffa6b11d000 	C:\WINDOWS\SYSTEM32\IPHLPAPI.DLL
0x00007ffa6dca0000 - 0x00007ffa6dca9000 	C:\WINDOWS\System32\NSI.dll
0x00007ffa4bfd0000 - 0x00007ffa4bfe2000 	C:\WINDOWS\System32\winrnr.dll
0x00007ffa64900000 - 0x00007ffa64915000 	C:\WINDOWS\system32\wshbth.dll
0x00007ffa4bfb0000 - 0x00007ffa4bfcf000 	C:\WINDOWS\system32\nlansp_c.dll
0x00007ffa62930000 - 0x00007ffa6293a000 	C:\Windows\System32\rasadhlp.dll
0x00007ffa64730000 - 0x00007ffa647b1000 	C:\WINDOWS\System32\fwpuclnt.dll
0x00007ffa589e0000 - 0x00007ffa589f3000 	C:\Program Files\Java\jdk1.8.0_311\jre\bin\nio.dll
0x00007ffa69880000 - 0x00007ffa6988d000 	C:\Program Files\Java\jdk1.8.0_311\jre\bin\management.dll
0x00007ffa66450000 - 0x00007ffa66469000 	C:\WINDOWS\SYSTEM32\dhcpcsvc6.DLL
0x00007ffa67210000 - 0x00007ffa6722e000 	C:\WINDOWS\SYSTEM32\dhcpcsvc.DLL
0x00007ffa6bc30000 - 0x00007ffa6bc48000 	C:\WINDOWS\SYSTEM32\CRYPTSP.dll
0x00007ffa6b520000 - 0x00007ffa6b555000 	C:\WINDOWS\system32\rsaenh.dll
0x00007ffa6bae0000 - 0x00007ffa6bb09000 	C:\WINDOWS\SYSTEM32\USERENV.dll
0x00007ffa6bdb0000 - 0x00007ffa6bdd7000 	C:\WINDOWS\SYSTEM32\bcrypt.dll
0x00007ffa6c960000 - 0x00007ffa6c9df000 	C:\WINDOWS\System32\bcryptprimitives.dll
0x00007ffa6bc50000 - 0x00007ffa6bc5c000 	C:\WINDOWS\SYSTEM32\CRYPTBASE.dll
0x00007ffa589b0000 - 0x00007ffa589d4000 	C:\Program Files\Java\jdk1.8.0_311\jre\bin\sunec.dll
0x00007ffa63170000 - 0x00007ffa63391000 	C:\WINDOWS\SYSTEM32\dbghelp.dll

VM Arguments:
jvm_args: -javaagent:C:\\Users\\happy\\.m2\\repository\\org\\jacoco\\org.jacoco.agent\\0.8.4\\org.jacoco.agent-0.8.4-runtime.jar=destfile=C:\\Users\\happy\\aline-capstone\\aline-underwriter-mircoservice-RY\\underwriter-microservice\\target\\jacoco.exec 
java_command: C:\Users\happy\AppData\Local\Temp\surefire3898745159804001885\surefirebooter8487312722293386574.jar C:\Users\happy\AppData\Local\Temp\surefire3898745159804001885 2022-04-12T17-13-28_527-jvmRun1 surefire5132402069265235822tmp surefire_04205516232709093924tmp
java_class_path (initial): C:\Users\happy\AppData\Local\Temp\surefire3898745159804001885\surefirebooter8487312722293386574.jar;C:\\Users\\happy\\.m2\\repository\\org\\jacoco\\org.jacoco.agent\\0.8.4\\org.jacoco.agent-0.8.4-runtime.jar
Launcher Type: SUN_STANDARD

Environment Variables:
JAVA_HOME=C:/Program Files/Java/jdk1.8.0_311
PATH=C:\Program Files\Git\mingw64\bin;C:\Program Files\Git\usr\bin;C:\Users\happy\bin;E:\dev\aline_capstone\virtual\Scripts;C:\Program Files\Common Files\Oracle\Java\javapath;C:\Program Files (x86)\Common Files\Oracle\Java\javapath;C:\Python310\Scripts;C:\Python310;C:\Windows\system32;C:\Windows;C:\Windows\System32\Wbem;C:\Windows\System32\WindowsPowerShell\v1.0;C:\Windows\System32\OpenSSH;C:\Program Files\NVIDIA Corporation\NVIDIA NvDLISR;C:\Program Files (x86)\NVIDIA Corporation\PhysX\Common;C:\Program Files\Git\cmd;C:\Program Files\nodejs;C:\ProgramData\chocolatey\bin;C:\WINDOWS\system32;C:\WINDOWS;C:\WINDOWS\System32\Wbem;C:\WINDOWS\System32\WindowsPowerShell\v1.0;C:\WINDOWS\System32\OpenSSH;C:\HashiCorp\Vagrant\bin;C:\Program Files\PuTTY;C:\Program Files\MySQL\MySQL Shell 8.0\bin;C:\Users\happy\AppData\Local\Microsoft\WindowsApps;C:\Users\happy\AppData\Local\Programs\Microsoft VS Code\bin;C:\Users\happy\AppData\Roaming\npm;C:\Program Files\Java\jdk1.8.0_311;C:\apache-maven-3.8.5\bin
USERNAME=happy
OS=Windows_NT
PROCESSOR_IDENTIFIER=Intel64 Family 6 Model 165 Stepping 2, GenuineIntel



---------------  S Y S T E M  ---------------

OS: Windows 10.0 , 64 bit Build 22000 (10.0.22000.434)

CPU:total 8 (initial active 8) (4 cores per cpu, 2 threads per core) family 6 model 165 stepping 2, cmov, cx8, fxsr, mmx, sse, sse2, sse3, ssse3, sse4.1, sse4.2, popcnt, avx, avx2, aes, clmul, erms, 3dnowpref, lzcnt, ht, tsc, tscinvbit, bmi1, bmi2, adx

Memory: 4k page, physical 16593196k(4117068k free), swap 19584300k(5380k free)

vm_info: Java HotSpot(TM) 64-Bit Server VM (25.311-b11) for windows-amd64 JRE (1.8.0_311-b11), built on Sep 27 2021 05:15:14 by "java_re" with MS VC++ 15.9 (VS2017)

time: Tue Apr 12 17:14:10 2022
timezone: Mountain Daylight Time
elapsed time: 37.175813 seconds (0d 0h 0m 37s)

