#
# There is insufficient memory for the Java Runtime Environment to continue.
# Native memory allocation (malloc) failed to allocate 1100656 bytes for Chunk::new
# Possible reasons:
#   The system is out of physical RAM or swap space
#   The process is running with CompressedOops enabled, and the Java Heap may be blocking the growth of the native heap
# Possible solutions:
#   Reduce memory load on the system
#   Increase physical memory or swap space
#   Check if swap backing store is full
#   Decrease Java heap size (-Xmx/-Xms)
#   Decrease number of Java threads
#   Decrease Java thread stack sizes (-Xss)
#   Set larger code cache with -XX:ReservedCodeCacheSize=
#   JVM is running with Zero Based Compressed Oops mode in which the Java heap is
#     placed in the first 32GB address space. The Java Heap base address is the
#     maximum limit for the native heap growth. Please use -XX:HeapBaseMinAddress
#     to set the Java Heap base and to place the Java Heap above 32GB virtual address.
# This output file may be truncated or incomplete.
#
#  Out of Memory Error (allocation.cpp:389), pid=21232, tid=0x0000000000004f84
#
# JRE version: Java(TM) SE Runtime Environment (8.0_311-b11) (build 1.8.0_311-b11)
# Java VM: Java HotSpot(TM) 64-Bit Server VM (25.311-b11 mixed mode windows-amd64 compressed oops)
# Failed to write core dump. Minidumps are not enabled by default on client versions of Windows
#

---------------  T H R E A D  ---------------

Current thread (0x000001e6ba67b000):  JavaThread "C2 CompilerThread2" daemon [_thread_in_native, id=20356, stack(0x000000a589c00000,0x000000a589d00000)]

Stack: [0x000000a589c00000,0x000000a589d00000]
Native frames: (J=compiled Java code, j=interpreted, Vv=VM code, C=native code)
V  [jvm.dll+0x32f239]
V  [jvm.dll+0x275882]
V  [jvm.dll+0x27652d]
V  [jvm.dll+0x26cf65]
V  [jvm.dll+0xd558c]
V  [jvm.dll+0xd5d8c]
V  [jvm.dll+0x470b13]
V  [jvm.dll+0x438210]
V  [jvm.dll+0x441215]
V  [jvm.dll+0x4405d5]
V  [jvm.dll+0x42b38b]
V  [jvm.dll+0xac22b]
V  [jvm.dll+0xaa88b]
V  [jvm.dll+0x23df22]
V  [jvm.dll+0x29253c]
C  [ucrtbase.dll+0x26c0c]
C  [KERNEL32.DLL+0x154e0]
C  [ntdll.dll+0x485b]


Current CompileTask:
C2:   3056 3842       4       org.jacoco.agent.rt.internal_035b120.asm.ClassReader::readMethod (1052 bytes)


---------------  P R O C E S S  ---------------

Java Threads: ( => current thread )
  0x000001e6ba079800 JavaThread "background-preinit" [_thread_in_native, id=2476, stack(0x000000a58a200000,0x000000a58a300000)]
  0x000001e6ba93a800 JavaThread "surefire-forkedjvm-ping-30s" daemon [_thread_blocked, id=16984, stack(0x000000a58a100000,0x000000a58a200000)]
  0x000001e6bae55000 JavaThread "surefire-forkedjvm-command-thread" daemon [_thread_in_native, id=20504, stack(0x000000a58a000000,0x000000a58a100000)]
  0x000001e6ba66a000 JavaThread "Service Thread" daemon [_thread_blocked, id=7200, stack(0x000000a589e00000,0x000000a589f00000)]
  0x000001e6ba62f800 JavaThread "C1 CompilerThread3" daemon [_thread_blocked, id=11716, stack(0x000000a589d00000,0x000000a589e00000)]
=>0x000001e6ba67b000 JavaThread "C2 CompilerThread2" daemon [_thread_in_native, id=20356, stack(0x000000a589c00000,0x000000a589d00000)]
  0x000001e6ba67a000 JavaThread "C2 CompilerThread1" daemon [_thread_in_native, id=14204, stack(0x000000a589b00000,0x000000a589c00000)]
  0x000001e6ba679800 JavaThread "C2 CompilerThread0" daemon [_thread_in_native, id=17148, stack(0x000000a589a00000,0x000000a589b00000)]
  0x000001e6b7fde800 JavaThread "Attach Listener" daemon [_thread_blocked, id=12900, stack(0x000000a589900000,0x000000a589a00000)]
  0x000001e6b7fdd800 JavaThread "Signal Dispatcher" daemon [_thread_blocked, id=20060, stack(0x000000a589800000,0x000000a589900000)]
  0x000001e6b7fb8800 JavaThread "Finalizer" daemon [_thread_blocked, id=8184, stack(0x000000a589700000,0x000000a589800000)]
  0x000001e6b7fb1800 JavaThread "Reference Handler" daemon [_thread_blocked, id=8676, stack(0x000000a589600000,0x000000a589700000)]
  0x000001e69d3ea000 JavaThread "main" [_thread_in_vm, id=18320, stack(0x000000a588c00000,0x000000a588d00000)]

Other Threads:
  0x000001e6b7f83800 VMThread [stack: 0x000000a589500000,0x000000a589600000] [id=19020]
  0x000001e6ba6e3800 WatcherThread [stack: 0x000000a589f00000,0x000000a58a000000] [id=19420]

VM state:not at safepoint (normal execution)

VM Mutex/Monitor currently owned by a thread: None

heap address: 0x00000006c2c00000, size: 4052 MB, Compressed Oops mode: Zero based, Oop shift amount: 3
Narrow klass base: 0x0000000000000000, Narrow klass shift: 3
Compressed class space size: 1073741824 Address: 0x00000007c0000000

Heap:
 PSYoungGen      total 145408K, used 15914K [0x000000076b980000, 0x0000000775380000, 0x00000007c0000000)
  eden space 136704K, 7% used [0x000000076b980000,0x000000076c3eca80,0x0000000773f00000)
  from space 8704K, 60% used [0x0000000773f00000,0x000000077441dfa0,0x0000000774780000)
  to   space 8704K, 0% used [0x0000000774780000,0x0000000774780000,0x0000000775000000)
 ParOldGen       total 104960K, used 10692K [0x00000006c2c00000, 0x00000006c9280000, 0x000000076b980000)
  object space 104960K, 10% used [0x00000006c2c00000,0x00000006c36711c8,0x00000006c9280000)
 Metaspace       used 32312K, capacity 34154K, committed 34560K, reserved 1079296K
  class space    used 3884K, capacity 4252K, committed 4352K, reserved 1048576K

Card table byte_map: [0x000001e6ae140000,0x000001e6ae930000] byte_map_base: 0x000001e6aab2a000

Marking Bits: (ParMarkBitMap*) 0x0000000060a58030
 Begin Bits: [0x000001e6aee80000, 0x000001e6b2dd0000)
 End Bits:   [0x000001e6b2dd0000, 0x000001e6b6d20000)

Polling page: 0x000001e69d710000

CodeCache: size=245760Kb used=13128Kb max_used=13982Kb free=232631Kb
 bounds [0x000001e69ed80000, 0x000001e69fb40000, 0x000001e6add80000]
 total_blobs=3859 nmethods=3453 adapters=318
 compilation: enabled

Compilation events (10 events):
Event: 3.040 Thread 0x000001e6ba62f800 3923       3       java.net.URLClassLoader$2::<init> (15 bytes)
Event: 3.040 Thread 0x000001e6ba62f800 nmethod 3923 0x000001e69f0cdc10 code [0x000001e69f0cdd60, 0x000001e69f0cdf58]
Event: 3.040 Thread 0x000001e6ba62f800 3924       3       java.net.URLClassLoader$2::run (5 bytes)
Event: 3.040 Thread 0x000001e6ba62f800 nmethod 3924 0x000001e69f22f9d0 code [0x000001e69f22fb40, 0x000001e69f22fd90]
Event: 3.040 Thread 0x000001e6ba62f800 3925       3       java.net.URLClassLoader$2::run (16 bytes)
Event: 3.040 Thread 0x000001e6ba62f800 nmethod 3925 0x000001e69f3bf9d0 code [0x000001e69f3bfb40, 0x000001e69f3bfd30]
Event: 3.040 Thread 0x000001e6ba62f800 3921   !   3       sun.net.www.protocol.jar.JarFileFactory::getConnection (40 bytes)
Event: 3.045 Thread 0x000001e6ba62f800 nmethod 3921 0x000001e69ef3d2d0 code [0x000001e69ef3d4a0, 0x000001e69ef3de30]
Event: 3.045 Thread 0x000001e6ba62f800 3926       3       org.springframework.boot.type.classreading.ConcurrentReferenceCachingMetadataReaderFactory::getMetadataReader (70 bytes)
Event: 3.046 Thread 0x000001e6ba62f800 nmethod 3926 0x000001e69eee6310 code [0x000001e69eee6520, 0x000001e69eee6db0]

GC Heap History (10 events):
Event: 2.467 GC heap before
{Heap before GC invocations=8 (full 1):
 PSYoungGen      total 70656K, used 67484K [0x000000076b980000, 0x0000000772580000, 0x00000007c0000000)
  eden space 64000K, 100% used [0x000000076b980000,0x000000076f800000,0x000000076f800000)
  from space 6656K, 52% used [0x0000000770000000,0x00000007703671b8,0x0000000770680000)
  to   space 8192K, 0% used [0x000000076f800000,0x000000076f800000,0x0000000770000000)
 ParOldGen       total 104960K, used 6616K [0x00000006c2c00000, 0x00000006c9280000, 0x000000076b980000)
  object space 104960K, 6% used [0x00000006c2c00000,0x00000006c32762b8,0x00000006c9280000)
 Metaspace       used 24229K, capacity 25842K, committed 26112K, reserved 1073152K
  class space    used 2931K, capacity 3253K, committed 3328K, reserved 1048576K
Event: 2.469 GC heap after
Heap after GC invocations=8 (full 1):
 PSYoungGen      total 72192K, used 3193K [0x000000076b980000, 0x0000000772a00000, 0x00000007c0000000)
  eden space 64000K, 0% used [0x000000076b980000,0x000000076b980000,0x000000076f800000)
  from space 8192K, 38% used [0x000000076f800000,0x000000076fb1e588,0x0000000770000000)
  to   space 8192K, 0% used [0x0000000772200000,0x0000000772200000,0x0000000772a00000)
 ParOldGen       total 104960K, used 6624K [0x00000006c2c00000, 0x00000006c9280000, 0x000000076b980000)
  object space 104960K, 6% used [0x00000006c2c00000,0x00000006c32782b8,0x00000006c9280000)
 Metaspace       used 24229K, capacity 25842K, committed 26112K, reserved 1073152K
  class space    used 2931K, capacity 3253K, committed 3328K, reserved 1048576K
}
Event: 2.579 GC heap before
{Heap before GC invocations=9 (full 1):
 PSYoungGen      total 72192K, used 67193K [0x000000076b980000, 0x0000000772a00000, 0x00000007c0000000)
  eden space 64000K, 100% used [0x000000076b980000,0x000000076f800000,0x000000076f800000)
  from space 8192K, 38% used [0x000000076f800000,0x000000076fb1e588,0x0000000770000000)
  to   space 8192K, 0% used [0x0000000772200000,0x0000000772200000,0x0000000772a00000)
 ParOldGen       total 104960K, used 6624K [0x00000006c2c00000, 0x00000006c9280000, 0x000000076b980000)
  object space 104960K, 6% used [0x00000006c2c00000,0x00000006c32782b8,0x00000006c9280000)
 Metaspace       used 26124K, capacity 27810K, committed 27904K, reserved 1073152K
  class space    used 3211K, capacity 3536K, committed 3584K, reserved 1048576K
Event: 2.582 GC heap after
Heap after GC invocations=9 (full 1):
 PSYoungGen      total 107008K, used 3715K [0x000000076b980000, 0x0000000772f80000, 0x00000007c0000000)
  eden space 98816K, 0% used [0x000000076b980000,0x000000076b980000,0x0000000771a00000)
  from space 8192K, 45% used [0x0000000772200000,0x00000007725a0d98,0x0000000772a00000)
  to   space 8192K, 0% used [0x0000000771a00000,0x0000000771a00000,0x0000000772200000)
 ParOldGen       total 104960K, used 6632K [0x00000006c2c00000, 0x00000006c9280000, 0x000000076b980000)
  object space 104960K, 6% used [0x00000006c2c00000,0x00000006c327a2b8,0x00000006c9280000)
 Metaspace       used 26124K, capacity 27810K, committed 27904K, reserved 1073152K
  class space    used 3211K, capacity 3536K, committed 3584K, reserved 1048576K
}
Event: 2.805 GC heap before
{Heap before GC invocations=10 (full 1):
 PSYoungGen      total 107008K, used 102531K [0x000000076b980000, 0x0000000772f80000, 0x00000007c0000000)
  eden space 98816K, 100% used [0x000000076b980000,0x0000000771a00000,0x0000000771a00000)
  from space 8192K, 45% used [0x0000000772200000,0x00000007725a0d98,0x0000000772a00000)
  to   space 8192K, 0% used [0x0000000771a00000,0x0000000771a00000,0x0000000772200000)
 ParOldGen       total 104960K, used 6632K [0x00000006c2c00000, 0x00000006c9280000, 0x000000076b980000)
  object space 104960K, 6% used [0x00000006c2c00000,0x00000006c327a2b8,0x00000006c9280000)
 Metaspace       used 28540K, capacity 30346K, committed 30592K, reserved 1075200K
  class space    used 3527K, capacity 3886K, committed 3968K, reserved 1048576K
Event: 2.809 GC heap after
Heap after GC invocations=10 (full 1):
 PSYoungGen      total 107008K, used 7156K [0x000000076b980000, 0x0000000775000000, 0x00000007c0000000)
  eden space 98816K, 0% used [0x000000076b980000,0x000000076b980000,0x0000000771a00000)
  from space 8192K, 87% used [0x0000000771a00000,0x00000007720fd208,0x0000000772200000)
  to   space 8704K, 0% used [0x0000000774780000,0x0000000774780000,0x0000000775000000)
 ParOldGen       total 104960K, used 6640K [0x00000006c2c00000, 0x00000006c9280000, 0x000000076b980000)
  object space 104960K, 6% used [0x00000006c2c00000,0x00000006c327c2b8,0x00000006c9280000)
 Metaspace       used 28540K, capacity 30346K, committed 30592K, reserved 1075200K
  class space    used 3527K, capacity 3886K, committed 3968K, reserved 1048576K
}
Event: 2.920 GC heap before
{Heap before GC invocations=11 (full 1):
 PSYoungGen      total 107008K, used 105927K [0x000000076b980000, 0x0000000775000000, 0x00000007c0000000)
  eden space 98816K, 99% used [0x000000076b980000,0x00000007719f4d18,0x0000000771a00000)
  from space 8192K, 87% used [0x0000000771a00000,0x00000007720fd208,0x0000000772200000)
  to   space 8704K, 0% used [0x0000000774780000,0x0000000774780000,0x0000000775000000)
 ParOldGen       total 104960K, used 6640K [0x00000006c2c00000, 0x00000006c9280000, 0x000000076b980000)
  object space 104960K, 6% used [0x00000006c2c00000,0x00000006c327c2b8,0x00000006c9280000)
 Metaspace       used 30486K, capacity 32288K, committed 32512K, reserved 1077248K
  class space    used 3690K, capacity 4055K, committed 4096K, reserved 1048576K
Event: 2.925 GC heap after
Heap after GC invocations=11 (full 1):
 PSYoungGen      total 145408K, used 6417K [0x000000076b980000, 0x0000000775380000, 0x00000007c0000000)
  eden space 136704K, 0% used [0x000000076b980000,0x000000076b980000,0x0000000773f00000)
  from space 8704K, 73% used [0x0000000774780000,0x0000000774dc44f0,0x0000000775000000)
  to   space 8704K, 0% used [0x0000000773f00000,0x0000000773f00000,0x0000000774780000)
 ParOldGen       total 104960K, used 8124K [0x00000006c2c00000, 0x00000006c9280000, 0x000000076b980000)
  object space 104960K, 7% used [0x00000006c2c00000,0x00000006c33ef168,0x00000006c9280000)
 Metaspace       used 30486K, capacity 32288K, committed 32512K, reserved 1077248K
  class space    used 3690K, capacity 4055K, committed 4096K, reserved 1048576K
}
Event: 3.040 GC heap before
{Heap before GC invocations=12 (full 1):
 PSYoungGen      total 145408K, used 143121K [0x000000076b980000, 0x0000000775380000, 0x00000007c0000000)
  eden space 136704K, 100% used [0x000000076b980000,0x0000000773f00000,0x0000000773f00000)
  from space 8704K, 73% used [0x0000000774780000,0x0000000774dc44f0,0x0000000775000000)
  to   space 8704K, 0% used [0x0000000773f00000,0x0000000773f00000,0x0000000774780000)
 ParOldGen       total 104960K, used 8124K [0x00000006c2c00000, 0x00000006c9280000, 0x000000076b980000)
  object space 104960K, 7% used [0x00000006c2c00000,0x00000006c33ef168,0x00000006c9280000)
 Metaspace       used 32149K, capacity 33930K, committed 34176K, reserved 1079296K
  class space    used 3868K, capacity 4220K, committed 4224K, reserved 1048576K
Event: 3.045 GC heap after
Heap after GC invocations=12 (full 1):
 PSYoungGen      total 145408K, used 5239K [0x000000076b980000, 0x0000000775380000, 0x00000007c0000000)
  eden space 136704K, 0% used [0x000000076b980000,0x000000076b980000,0x0000000773f00000)
  from space 8704K, 60% used [0x0000000773f00000,0x000000077441dfa0,0x0000000774780000)
  to   space 8704K, 0% used [0x0000000774780000,0x0000000774780000,0x0000000775000000)
 ParOldGen       total 104960K, used 10692K [0x00000006c2c00000, 0x00000006c9280000, 0x000000076b980000)
  object space 104960K, 10% used [0x00000006c2c00000,0x00000006c36711c8,0x00000006c9280000)
 Metaspace       used 32149K, capacity 33930K, committed 34176K, reserved 1079296K
  class space    used 3868K, capacity 4220K, committed 4224K, reserved 1048576K
}

Deoptimization events (10 events):
Event: 2.735 Thread 0x000001e69d3ea000 Uncommon trap: reason=unstable_if action=reinterpret pc=0x000001e69f9a70f0 method=org.jacoco.agent.rt.internal_035b120.asm.AnnotationWriter.computeAnnotationsSize(Lorg/jacoco/agent/rt/internal_035b120/asm/AnnotationWriter;Lorg/jacoco/agent/rt/internal_035
Event: 2.735 Thread 0x000001e69d3ea000 Uncommon trap: reason=unstable_if action=reinterpret pc=0x000001e69eead088 method=org.jacoco.agent.rt.internal_035b120.asm.AnnotationWriter.computeAnnotationsSize(Lorg/jacoco/agent/rt/internal_035b120/asm/AnnotationWriter;Lorg/jacoco/agent/rt/internal_035
Event: 2.735 Thread 0x000001e69d3ea000 Uncommon trap: reason=unstable_if action=reinterpret pc=0x000001e69f964f88 method=org.jacoco.agent.rt.internal_035b120.asm.AnnotationWriter.putAnnotations(Lorg/jacoco/agent/rt/internal_035b120/asm/SymbolTable;Lorg/jacoco/agent/rt/internal_035b120/asm/Anno
Event: 2.737 Thread 0x000001e69d3ea000 Uncommon trap: reason=bimorphic action=maybe_recompile pc=0x000001e69f9d0aa4 method=org.jacoco.agent.rt.internal_035b120.asm.ClassReader.readElementValues(Lorg/jacoco/agent/rt/internal_035b120/asm/AnnotationVisitor;IZ[C)I @ 82
Event: 2.737 Thread 0x000001e69d3ea000 Uncommon trap: reason=bimorphic action=maybe_recompile pc=0x000001e69f9d0aa4 method=org.jacoco.agent.rt.internal_035b120.asm.ClassReader.readElementValues(Lorg/jacoco/agent/rt/internal_035b120/asm/AnnotationVisitor;IZ[C)I @ 82
Event: 2.749 Thread 0x000001e6ba079800 Uncommon trap: reason=unstable_if action=reinterpret pc=0x000001e69f99fb38 method=org.jacoco.agent.rt.internal_035b120.asm.Frame.setInputFrameFromDescriptor(Lorg/jacoco/agent/rt/internal_035b120/asm/SymbolTable;ILjava/lang/String;I)V @ 131
Event: 2.819 Thread 0x000001e6ba079800 Uncommon trap: reason=unstable_if action=reinterpret pc=0x000001e69f2f6dec method=org.jacoco.agent.rt.internal_035b120.asm.ClassReader.computeImplicitFrame(Lorg/jacoco/agent/rt/internal_035b120/asm/Context;)V @ 264
Event: 2.880 Thread 0x000001e6ba079800 Uncommon trap: reason=unstable_if action=reinterpret pc=0x000001e69f5841b0 method=org.jacoco.agent.rt.internal_035b120.asm.commons.AnalyzerAdapter.pop(Ljava/lang/String;)V @ 77
Event: 2.881 Thread 0x000001e6ba079800 Uncommon trap: reason=unstable_if action=reinterpret pc=0x000001e69f22e964 method=org.jacoco.agent.rt.internal_035b120.asm.commons.AnalyzerAdapter.pop(Ljava/lang/String;)V @ 77
Event: 2.936 Thread 0x000001e6ba07c800 Uncommon trap: reason=bimorphic action=maybe_recompile pc=0x000001e69f7ddeb4 method=org.jacoco.agent.rt.internal_035b120.asm.SymbolTable.copyBootstrapMethods(Lorg/jacoco/agent/rt/internal_035b120/asm/ClassReader;[C)V @ 220

Classes redefined (0 events):
No events

Internal exceptions (10 events):
Event: 3.020 Thread 0x000001e69d3ea000 Exception <a 'java/lang/NullPointerException'> (0x00000007732008c0) thrown at [C:\jenkins\workspace\8-2-build-windows-amd64-cygwin\jdk8u311\1894\hotspot\src\share\vm\runtime\sharedRuntime.cpp, line 609]
Event: 3.020 Thread 0x000001e69d3ea000 Exception <a 'java/lang/IncompatibleClassChangeError': Found class java.lang.Object, but interface was expected> (0x0000000773201818) thrown at [C:\jenkins\workspace\8-2-build-windows-amd64-cygwin\jdk8u311\1894\hotspot\src\share\vm\interpreter\linkResolve
Event: 3.020 Thread 0x000001e69d3ea000 Implicit null exception at 0x000001e69effa808 to 0x000001e69effb01e
Event: 3.020 Thread 0x000001e69d3ea000 Exception <a 'java/lang/NullPointerException'> (0x0000000773204bb8) thrown at [C:\jenkins\workspace\8-2-build-windows-amd64-cygwin\jdk8u311\1894\hotspot\src\share\vm\runtime\sharedRuntime.cpp, line 609]
Event: 3.020 Thread 0x000001e69d3ea000 Implicit null exception at 0x000001e69effa808 to 0x000001e69effb01e
Event: 3.020 Thread 0x000001e69d3ea000 Exception <a 'java/lang/NullPointerException'> (0x0000000773208d10) thrown at [C:\jenkins\workspace\8-2-build-windows-amd64-cygwin\jdk8u311\1894\hotspot\src\share\vm\runtime\sharedRuntime.cpp, line 609]
Event: 3.021 Thread 0x000001e69d3ea000 Implicit null exception at 0x000001e69effa808 to 0x000001e69effb01e
Event: 3.021 Thread 0x000001e69d3ea000 Exception <a 'java/lang/NullPointerException'> (0x000000077320c030) thrown at [C:\jenkins\workspace\8-2-build-windows-amd64-cygwin\jdk8u311\1894\hotspot\src\share\vm\runtime\sharedRuntime.cpp, line 609]
Event: 3.021 Thread 0x000001e69d3ea000 Implicit null exception at 0x000001e69effa808 to 0x000001e69effb01e
Event: 3.021 Thread 0x000001e69d3ea000 Exception <a 'java/lang/NullPointerException'> (0x00000007734c33a8) thrown at [C:\jenkins\workspace\8-2-build-windows-amd64-cygwin\jdk8u311\1894\hotspot\src\share\vm\runtime\sharedRuntime.cpp, line 609]

Events (10 events):
Event: 3.037 loading class com/fasterxml/jackson/databind/ser/impl/IteratorSerializer
Event: 3.037 loading class com/fasterxml/jackson/databind/ser/impl/IteratorSerializer done
Event: 3.038 loading class com/fasterxml/jackson/databind/ser/std/ReferenceTypeSerializer
Event: 3.038 loading class com/fasterxml/jackson/databind/ser/std/ReferenceTypeSerializer done
Event: 3.040 loading class com/fasterxml/jackson/databind/ser/std/MapSerializer
Event: 3.040 loading class com/fasterxml/jackson/databind/ser/std/MapSerializer done
Event: 3.040 Executing VM operation: ParallelGCFailedAllocation
Event: 3.045 Executing VM operation: ParallelGCFailedAllocation done
Event: 3.046 loading class org/springframework/cloud/client/ConditionalOnDiscoveryEnabled
Event: 3.046 loading class org/springframework/cloud/client/ConditionalOnDiscoveryEnabled done


Dynamic libraries:
0x00007ff60e880000 - 0x00007ff60e8c7000 	C:\Program Files\Java\jdk1.8.0_311\jre\bin\java.exe
0x00007ffbc2040000 - 0x00007ffbc2249000 	C:\WINDOWS\SYSTEM32\ntdll.dll
0x00007ffbc1a10000 - 0x00007ffbc1acd000 	C:\WINDOWS\System32\KERNEL32.DLL
0x00007ffbbf530000 - 0x00007ffbbf8a4000 	C:\WINDOWS\System32\KERNELBASE.dll
0x00007ffbc0ad0000 - 0x00007ffbc0b7e000 	C:\WINDOWS\System32\ADVAPI32.dll
0x00007ffbc1f40000 - 0x00007ffbc1fe3000 	C:\WINDOWS\System32\msvcrt.dll
0x00007ffbc0c30000 - 0x00007ffbc0cce000 	C:\WINDOWS\System32\sechost.dll
0x00007ffbc00a0000 - 0x00007ffbc01c0000 	C:\WINDOWS\System32\RPCRT4.dll
0x00007ffbc0f40000 - 0x00007ffbc10ec000 	C:\WINDOWS\System32\USER32.dll
0x00007ffbbf8b0000 - 0x00007ffbbf8d6000 	C:\WINDOWS\System32\win32u.dll
0x00007ffbc1b30000 - 0x00007ffbc1b59000 	C:\WINDOWS\System32\GDI32.dll
0x00007ffbbfb60000 - 0x00007ffbbfc72000 	C:\WINDOWS\System32\gdi32full.dll
0x00007ffbbf8e0000 - 0x00007ffbbf97d000 	C:\WINDOWS\System32\msvcp_win.dll
0x00007ffbbf980000 - 0x00007ffbbfa91000 	C:\WINDOWS\System32\ucrtbase.dll
0x00007ffba33d0000 - 0x00007ffba3675000 	C:\WINDOWS\WinSxS\amd64_microsoft.windows.common-controls_6595b64144ccf1df_6.0.22000.120_none_9d947278b86cc467\COMCTL32.dll
0x00007ffbc1b60000 - 0x00007ffbc1b91000 	C:\WINDOWS\System32\IMM32.DLL
0x00007ffbbc9a0000 - 0x00007ffbbc9b5000 	C:\Program Files\Java\jdk1.8.0_311\jre\bin\vcruntime140.dll
0x00007ffb84d80000 - 0x00007ffb84e1b000 	C:\Program Files\Java\jdk1.8.0_311\jre\bin\msvcp140.dll
0x0000000060270000 - 0x0000000060ad0000 	C:\Program Files\Java\jdk1.8.0_311\jre\bin\server\jvm.dll
0x00007ffbc1f30000 - 0x00007ffbc1f38000 	C:\WINDOWS\System32\PSAPI.DLL
0x00007ffbbc430000 - 0x00007ffbbc439000 	C:\WINDOWS\SYSTEM32\WSOCK32.dll
0x00007ffbb93b0000 - 0x00007ffbb93e3000 	C:\WINDOWS\SYSTEM32\WINMM.dll
0x00007ffbb9440000 - 0x00007ffbb944a000 	C:\WINDOWS\SYSTEM32\VERSION.dll
0x00007ffbc1de0000 - 0x00007ffbc1e4f000 	C:\WINDOWS\System32\WS2_32.dll
0x00007ffbbe720000 - 0x00007ffbbe738000 	C:\WINDOWS\SYSTEM32\kernel.appcore.dll
0x00007ffbbc450000 - 0x00007ffbbc460000 	C:\Program Files\Java\jdk1.8.0_311\jre\bin\verify.dll
0x00007ffbbc350000 - 0x00007ffbbc37b000 	C:\Program Files\Java\jdk1.8.0_311\jre\bin\java.dll
0x00007ffba8f90000 - 0x00007ffba8fc0000 	C:\Program Files\Java\jdk1.8.0_311\jre\bin\instrument.dll
0x00007ffbbabc0000 - 0x00007ffbbabd8000 	C:\Program Files\Java\jdk1.8.0_311\jre\bin\zip.dll
0x00007ffbc0320000 - 0x00007ffbc0ace000 	C:\WINDOWS\System32\SHELL32.dll
0x00007ffbbd6b0000 - 0x00007ffbbdf18000 	C:\WINDOWS\SYSTEM32\windows.storage.dll
0x00007ffbc1580000 - 0x00007ffbc18f8000 	C:\WINDOWS\System32\combase.dll
0x00007ffbbd540000 - 0x00007ffbbd6a6000 	C:\WINDOWS\SYSTEM32\wintypes.dll
0x00007ffbc0d30000 - 0x00007ffbc0e1a000 	C:\WINDOWS\System32\SHCORE.dll
0x00007ffbc1ad0000 - 0x00007ffbc1b2d000 	C:\WINDOWS\System32\shlwapi.dll
0x00007ffbbf460000 - 0x00007ffbbf481000 	C:\WINDOWS\SYSTEM32\profapi.dll
0x00007ffbba800000 - 0x00007ffbba81c000 	C:\Program Files\Java\jdk1.8.0_311\jre\bin\net.dll
0x00007ffbbeb50000 - 0x00007ffbbebb7000 	C:\WINDOWS\system32\mswsock.dll
0x00007ffb9f140000 - 0x00007ffb9f157000 	C:\WINDOWS\system32\napinsp.dll
0x00007ffb9f020000 - 0x00007ffb9f03b000 	C:\WINDOWS\system32\pnrpnsp.dll
0x00007ffbbe280000 - 0x00007ffbbe367000 	C:\WINDOWS\SYSTEM32\DNSAPI.dll
0x00007ffbbe250000 - 0x00007ffbbe27d000 	C:\WINDOWS\SYSTEM32\IPHLPAPI.DLL
0x00007ffbc1a00000 - 0x00007ffbc1a09000 	C:\WINDOWS\System32\NSI.dll
0x00007ffb9dd30000 - 0x00007ffb9dd42000 	C:\WINDOWS\System32\winrnr.dll
0x00007ffbb86a0000 - 0x00007ffbb86b5000 	C:\WINDOWS\system32\wshbth.dll
0x00007ffb9dd10000 - 0x00007ffb9dd2f000 	C:\WINDOWS\system32\nlansp_c.dll
0x00007ffbb6320000 - 0x00007ffbb632a000 	C:\Windows\System32\rasadhlp.dll
0x00007ffbb7850000 - 0x00007ffbb78d1000 	C:\WINDOWS\System32\fwpuclnt.dll
0x00007ffbade20000 - 0x00007ffbade33000 	C:\Program Files\Java\jdk1.8.0_311\jre\bin\nio.dll
0x00007ffbbc440000 - 0x00007ffbbc44d000 	C:\Program Files\Java\jdk1.8.0_311\jre\bin\management.dll
0x00007ffbb9290000 - 0x00007ffbb92a9000 	C:\WINDOWS\SYSTEM32\dhcpcsvc6.DLL
0x00007ffbb98c0000 - 0x00007ffbb98de000 	C:\WINDOWS\SYSTEM32\dhcpcsvc.DLL
0x00007ffbac2c0000 - 0x00007ffbac4e1000 	C:\WINDOWS\SYSTEM32\dbghelp.dll
0x00007ffbbfc80000 - 0x00007ffbbfcff000 	C:\WINDOWS\System32\bcryptPrimitives.dll

VM Arguments:
jvm_args: -javaagent:C:\\Users\\happy\\.m2\\repository\\org\\jacoco\\org.jacoco.agent\\0.8.4\\org.jacoco.agent-0.8.4-runtime.jar=destfile=C:\\Users\\happy\\aline-capstone\\aline-underwriter-mircoservice-RY\\underwriter-microservice\\target\\jacoco.exec 
java_command: C:\Users\happy\AppData\Local\Temp\surefire4114875462615186437\surefirebooter2798564156380037190.jar C:\Users\happy\AppData\Local\Temp\surefire4114875462615186437 2022-04-10T15-09-37_544-jvmRun1 surefire3124634668240215095tmp surefire_06817054246869629166tmp
java_class_path (initial): C:\Users\happy\AppData\Local\Temp\surefire4114875462615186437\surefirebooter2798564156380037190.jar;C:\\Users\\happy\\.m2\\repository\\org\\jacoco\\org.jacoco.agent\\0.8.4\\org.jacoco.agent-0.8.4-runtime.jar
Launcher Type: SUN_STANDARD

Environment Variables:
JAVA_HOME=C:/Program Files/Java/jdk1.8.0_311
PATH=C:\Program Files\Git\mingw64\bin;C:\Program Files\Git\usr\bin;C:\Users\happy\bin;C:\Program Files\Common Files\Oracle\Java\javapath;C:\Program Files (x86)\Common Files\Oracle\Java\javapath;C:\Python310\Scripts;C:\Python310;C:\Windows\system32;C:\Windows;C:\Windows\System32\Wbem;C:\Windows\System32\WindowsPowerShell\v1.0;C:\Windows\System32\OpenSSH;C:\Program Files\NVIDIA Corporation\NVIDIA NvDLISR;C:\Program Files (x86)\NVIDIA Corporation\PhysX\Common;C:\Program Files\Git\cmd;C:\Program Files\nodejs;C:\ProgramData\chocolatey\bin;C:\WINDOWS\system32;C:\WINDOWS;C:\WINDOWS\System32\Wbem;C:\WINDOWS\System32\WindowsPowerShell\v1.0;C:\WINDOWS\System32\OpenSSH;C:\HashiCorp\Vagrant\bin;C:\Program Files\PuTTY;C:\Program Files\MySQL\MySQL Shell 8.0\bin;C:\Users\happy\AppData\Local\Microsoft\WindowsApps;C:\Users\happy\AppData\Local\Programs\Microsoft VS Code\bin;C:\Users\happy\AppData\Roaming\npm;C:\Program Files\Java\jdk1.8.0_311;C:\apache-maven-3.8.5\bin
USERNAME=happy
OS=Windows_NT
PROCESSOR_IDENTIFIER=Intel64 Family 6 Model 165 Stepping 2, GenuineIntel



---------------  S Y S T E M  ---------------

OS: Windows 10.0 , 64 bit Build 22000 (10.0.22000.434)

CPU:total 8 (initial active 8) (4 cores per cpu, 2 threads per core) family 6 model 165 stepping 2, cmov, cx8, fxsr, mmx, sse, sse2, sse3, ssse3, sse4.1, sse4.2, popcnt, avx, avx2, aes, clmul, erms, 3dnowpref, lzcnt, ht, tsc, tscinvbit, bmi1, bmi2, adx

Memory: 4k page, physical 16593196k(4398296k free), swap 19584300k(5236k free)

vm_info: Java HotSpot(TM) 64-Bit Server VM (25.311-b11) for windows-amd64 JRE (1.8.0_311-b11), built on Sep 27 2021 05:15:14 by "java_re" with MS VC++ 15.9 (VS2017)

time: Sun Apr 10 15:09:45 2022
timezone: Mountain Daylight Time
elapsed time: 3.059447 seconds (0d 0h 0m 3s)

